[6.365s] Invoking command in '/home/user/ros2_ws/src/project_path_planning': PYTHONPATH=/home/user/ros2_ws/build/project_path_planning/prefix_override:/home/user/ros2_ws/install/project_path_planning/lib/python3.10/site-packages:${PYTHONPATH} _=/usr/bin/env /usr/bin/python3 setup.py egg_info --egg-base ../../build/project_path_planning build --build-base /home/user/ros2_ws/build/project_path_planning/build install --record /home/user/ros2_ws/build/project_path_planning/install.log --single-version-externally-managed
[7.414s] running egg_info
[7.453s] writing ../../build/project_path_planning/project_path_planning.egg-info/PKG-INFO
[7.454s] writing dependency_links to ../../build/project_path_planning/project_path_planning.egg-info/dependency_links.txt
[7.454s] writing entry points to ../../build/project_path_planning/project_path_planning.egg-info/entry_points.txt
[7.454s] writing requirements to ../../build/project_path_planning/project_path_planning.egg-info/requires.txt
[7.454s] writing top-level names to ../../build/project_path_planning/project_path_planning.egg-info/top_level.txt
[7.454s] reading manifest file '../../build/project_path_planning/project_path_planning.egg-info/SOURCES.txt'
[7.454s] writing manifest file '../../build/project_path_planning/project_path_planning.egg-info/SOURCES.txt'
[7.454s] running build
[7.455s] running build_py
[7.455s] copying project_path_planning/spot_recorder.py -> /home/user/ros2_ws/build/project_path_planning/build/lib/project_path_planning
[7.456s] running install
[7.456s] /usr/lib/python3/dist-packages/setuptools/command/install.py:34: SetuptoolsDeprecationWarning: setup.py install is deprecated. Use build and pip and other standards-based tools.
[7.456s]   warnings.warn(
[7.456s] running install_lib
[7.460s] copying /home/user/ros2_ws/build/project_path_planning/build/lib/project_path_planning/spot_recorder.py -> /home/user/ros2_ws/install/project_path_planning/lib/python3.10/site-packages/project_path_planning
[7.460s] byte-compiling /home/user/ros2_ws/install/project_path_planning/lib/python3.10/site-packages/project_path_planning/spot_recorder.py to spot_recorder.cpython-310.pyc
[7.460s] running install_data
[7.461s] copying config/project_params.yaml -> /home/user/ros2_ws/install/project_path_planning/share/project_path_planning/config
[7.462s] running install_egg_info
[7.468s] removing '/home/user/ros2_ws/install/project_path_planning/lib/python3.10/site-packages/project_path_planning-0.0.0-py3.10.egg-info' (and everything under it)
[7.468s] Copying ../../build/project_path_planning/project_path_planning.egg-info to /home/user/ros2_ws/install/project_path_planning/lib/python3.10/site-packages/project_path_planning-0.0.0-py3.10.egg-info
[7.469s] running install_scripts
[7.771s] Installing spot_recorder script to /home/user/ros2_ws/install/project_path_planning/lib/project_path_planning
[7.772s] writing list of installed files to '/home/user/ros2_ws/build/project_path_planning/install.log'
[7.819s] Invoked command in '/home/user/ros2_ws/src/project_path_planning' returned '0': PYTHONPATH=/home/user/ros2_ws/build/project_path_planning/prefix_override:/home/user/ros2_ws/install/project_path_planning/lib/python3.10/site-packages:${PYTHONPATH} _=/usr/bin/env /usr/bin/python3 setup.py egg_info --egg-base ../../build/project_path_planning build --build-base /home/user/ros2_ws/build/project_path_planning/build install --record /home/user/ros2_ws/build/project_path_planning/install.log --single-version-externally-managed
