running egg_info
writing ../../build/project_path_planning/project_path_planning.egg-info/PKG-INFO
writing dependency_links to ../../build/project_path_planning/project_path_planning.egg-info/dependency_links.txt
writing entry points to ../../build/project_path_planning/project_path_planning.egg-info/entry_points.txt
writing requirements to ../../build/project_path_planning/project_path_planning.egg-info/requires.txt
writing top-level names to ../../build/project_path_planning/project_path_planning.egg-info/top_level.txt
reading manifest file '../../build/project_path_planning/project_path_planning.egg-info/SOURCES.txt'
/usr/lib/python3/dist-packages/setuptools/command/install.py:34: SetuptoolsDeprecationWarning: setup.py install is deprecated. Use build and pip and other standards-based tools.
  warnings.warn(
writing manifest file '../../build/project_path_planning/project_path_planning.egg-info/SOURCES.txt'
running build
running build_py
copying project_path_planning/action_client.py -> /home/user/ros2_ws/build/project_path_planning/build/lib/project_path_planning
running install
running install_lib
copying /home/user/ros2_ws/build/project_path_planning/build/lib/project_path_planning/action_client.py -> /home/user/ros2_ws/install/project_path_planning/lib/python3.10/site-packages/project_path_planning
byte-compiling /home/user/ros2_ws/install/project_path_planning/lib/python3.10/site-packages/project_path_planning/action_client.py to action_client.cpython-310.pyc
running install_data
running install_egg_info
removing '/home/user/ros2_ws/install/project_path_planning/lib/python3.10/site-packages/project_path_planning-0.0.0-py3.10.egg-info' (and everything under it)
Copying ../../build/project_path_planning/project_path_planning.egg-info to /home/user/ros2_ws/install/project_path_planning/lib/python3.10/site-packages/project_path_planning-0.0.0-py3.10.egg-info
running install_scripts
Installing move_to_spot script to /home/user/ros2_ws/install/project_path_planning/lib/project_path_planning
Installing spot_recorder script to /home/user/ros2_ws/install/project_path_planning/lib/project_path_planning
writing list of installed files to '/home/user/ros2_ws/build/project_path_planning/install.log'
