[1.595s] Invoking command in '/home/user/ros2_ws/src/project_localization': PYTHONPATH=/home/user/ros2_ws/build/project_localization/prefix_override:/home/user/ros2_ws/install/project_localization/lib/python3.10/site-packages:${PYTHONPATH} _=/usr/bin/env /usr/bin/python3 setup.py egg_info --egg-base ../../build/project_localization build --build-base /home/user/ros2_ws/build/project_localization/build install --record /home/user/ros2_ws/build/project_localization/install.log --single-version-externally-managed
[1.999s] running egg_info
[2.000s] writing ../../build/project_localization/project_localization.egg-info/PKG-INFO
[2.001s] writing dependency_links to ../../build/project_localization/project_localization.egg-info/dependency_links.txt
[2.001s] writing entry points to ../../build/project_localization/project_localization.egg-info/entry_points.txt
[2.001s] writing requirements to ../../build/project_localization/project_localization.egg-info/requires.txt
[2.001s] writing top-level names to ../../build/project_localization/project_localization.egg-info/top_level.txt
[2.003s] reading manifest file '../../build/project_localization/project_localization.egg-info/SOURCES.txt'
[2.004s] writing manifest file '../../build/project_localization/project_localization.egg-info/SOURCES.txt'
[2.005s] running build
[2.005s] running build_py
[2.005s] copying project_localization/self_localization.py -> /home/user/ros2_ws/build/project_localization/build/lib/project_localization
[2.005s] running install
[2.005s] /usr/lib/python3/dist-packages/setuptools/command/install.py:34: SetuptoolsDeprecationWarning: setup.py install is deprecated. Use build and pip and other standards-based tools.
[2.005s]   warnings.warn(
[2.005s] running install_lib
[2.006s] copying /home/user/ros2_ws/build/project_localization/build/lib/project_localization/self_localization.py -> /home/user/ros2_ws/install/project_localization/lib/python3.10/site-packages/project_localization
[2.007s] byte-compiling /home/user/ros2_ws/install/project_localization/lib/python3.10/site-packages/project_localization/self_localization.py to self_localization.cpython-310.pyc
[2.009s] running install_data
[2.009s] running install_egg_info
[2.011s] removing '/home/user/ros2_ws/install/project_localization/lib/python3.10/site-packages/project_localization-0.0.0-py3.10.egg-info' (and everything under it)
[2.011s] Copying ../../build/project_localization/project_localization.egg-info to /home/user/ros2_ws/install/project_localization/lib/python3.10/site-packages/project_localization-0.0.0-py3.10.egg-info
[2.012s] running install_scripts
[2.066s] Installing self_localization script to /home/user/ros2_ws/install/project_localization/lib/project_localization
[2.066s] writing list of installed files to '/home/user/ros2_ws/build/project_localization/install.log'
[2.111s] Invoked command in '/home/user/ros2_ws/src/project_localization' returned '0': PYTHONPATH=/home/user/ros2_ws/build/project_localization/prefix_override:/home/user/ros2_ws/install/project_localization/lib/python3.10/site-packages:${PYTHONPATH} _=/usr/bin/env /usr/bin/python3 setup.py egg_info --egg-base ../../build/project_localization build --build-base /home/user/ros2_ws/build/project_localization/build install --record /home/user/ros2_ws/build/project_localization/install.log --single-version-externally-managed
