[4.222s] Invoking command in '/home/user/ros2_ws/src/project_path_planning': PYTHONPATH=/home/user/ros2_ws/build/project_path_planning/prefix_override:/home/user/ros2_ws/install/project_path_planning/lib/python3.10/site-packages:${PYTHONPATH} _=/usr/bin/env /usr/bin/python3 setup.py egg_info --egg-base ../../build/project_path_planning build --build-base /home/user/ros2_ws/build/project_path_planning/build install --record /home/user/ros2_ws/build/project_path_planning/install.log --single-version-externally-managed
[5.811s] running egg_info
[5.815s] writing ../../build/project_path_planning/project_path_planning.egg-info/PKG-INFO
[5.816s] writing dependency_links to ../../build/project_path_planning/project_path_planning.egg-info/dependency_links.txt
[5.816s] writing entry points to ../../build/project_path_planning/project_path_planning.egg-info/entry_points.txt
[5.816s] writing requirements to ../../build/project_path_planning/project_path_planning.egg-info/requires.txt
[5.817s] writing top-level names to ../../build/project_path_planning/project_path_planning.egg-info/top_level.txt
[5.817s] reading manifest file '../../build/project_path_planning/project_path_planning.egg-info/SOURCES.txt'
[5.818s] writing manifest file '../../build/project_path_planning/project_path_planning.egg-info/SOURCES.txt'
[5.821s] running build
[5.821s] running build_py
[5.822s] running install
[5.823s] running install_lib
[5.823s] /usr/lib/python3/dist-packages/setuptools/command/install.py:34: SetuptoolsDeprecationWarning: setup.py install is deprecated. Use build and pip and other standards-based tools.
[5.823s]   warnings.warn(
[5.823s] running install_data
[5.823s] copying launch/path_planning_launch.launch.py -> /home/user/ros2_ws/install/project_path_planning/share/project_path_planning/launch
[5.823s] running install_egg_info
[5.827s] removing '/home/user/ros2_ws/install/project_path_planning/lib/python3.10/site-packages/project_path_planning-0.0.0-py3.10.egg-info' (and everything under it)
[5.827s] Copying ../../build/project_path_planning/project_path_planning.egg-info to /home/user/ros2_ws/install/project_path_planning/lib/python3.10/site-packages/project_path_planning-0.0.0-py3.10.egg-info
[5.829s] running install_scripts
[5.910s] writing list of installed files to '/home/user/ros2_ws/build/project_path_planning/install.log'
[6.024s] Invoked command in '/home/user/ros2_ws/src/project_path_planning' returned '0': PYTHONPATH=/home/user/ros2_ws/build/project_path_planning/prefix_override:/home/user/ros2_ws/install/project_path_planning/lib/python3.10/site-packages:${PYTHONPATH} _=/usr/bin/env /usr/bin/python3 setup.py egg_info --egg-base ../../build/project_path_planning build --build-base /home/user/ros2_ws/build/project_path_planning/build install --record /home/user/ros2_ws/build/project_path_planning/install.log --single-version-externally-managed
