[5.318s] Invoking command in '/home/user/ros2_ws/src/project_mapping': PYTHONPATH=/home/user/ros2_ws/build/project_mapping/prefix_override:/home/user/ros2_ws/install/project_mapping/lib/python3.10/site-packages:${PYTHONPATH} _=/usr/bin/env /usr/bin/python3 setup.py egg_info --egg-base ../../build/project_mapping build --build-base /home/user/ros2_ws/build/project_mapping/build install --record /home/user/ros2_ws/build/project_mapping/install.log --single-version-externally-managed
[6.808s] running egg_info
[6.810s] writing ../../build/project_mapping/project_mapping.egg-info/PKG-INFO
[6.812s] writing dependency_links to ../../build/project_mapping/project_mapping.egg-info/dependency_links.txt
[6.812s] writing entry points to ../../build/project_mapping/project_mapping.egg-info/entry_points.txt
[6.812s] writing requirements to ../../build/project_mapping/project_mapping.egg-info/requires.txt
[6.812s] writing top-level names to ../../build/project_mapping/project_mapping.egg-info/top_level.txt
[6.815s] reading manifest file '../../build/project_mapping/project_mapping.egg-info/SOURCES.txt'
[6.889s] writing manifest file '../../build/project_mapping/project_mapping.egg-info/SOURCES.txt'
[6.889s] running build
[6.889s] running build_py
[6.890s] running install
[6.890s] /usr/lib/python3/dist-packages/setuptools/command/install.py:34: SetuptoolsDeprecationWarning: setup.py install is deprecated. Use build and pip and other standards-based tools.
[6.890s]   warnings.warn(
[6.891s] running install_lib
[6.896s] running install_data
[6.898s] running install_egg_info
[6.902s] removing '/home/user/ros2_ws/install/project_mapping/lib/python3.10/site-packages/project_mapping-0.0.0-py3.10.egg-info' (and everything under it)
[6.903s] Copying ../../build/project_mapping/project_mapping.egg-info to /home/user/ros2_ws/install/project_mapping/lib/python3.10/site-packages/project_mapping-0.0.0-py3.10.egg-info
[6.906s] running install_scripts
[7.019s] writing list of installed files to '/home/user/ros2_ws/build/project_mapping/install.log'
[7.117s] Invoked command in '/home/user/ros2_ws/src/project_mapping' returned '0': PYTHONPATH=/home/user/ros2_ws/build/project_mapping/prefix_override:/home/user/ros2_ws/install/project_mapping/lib/python3.10/site-packages:${PYTHONPATH} _=/usr/bin/env /usr/bin/python3 setup.py egg_info --egg-base ../../build/project_mapping build --build-base /home/user/ros2_ws/build/project_mapping/build install --record /home/user/ros2_ws/build/project_mapping/install.log --single-version-externally-managed
