[5.379s] Invoking command in '/home/user/ros2_ws/src/project_localization': PYTHONPATH=/home/user/ros2_ws/build/project_localization/prefix_override:/home/user/ros2_ws/install/project_localization/lib/python3.10/site-packages:${PYTHONPATH} _=/usr/bin/env /usr/bin/python3 setup.py egg_info --egg-base ../../build/project_localization build --build-base /home/user/ros2_ws/build/project_localization/build install --record /home/user/ros2_ws/build/project_localization/install.log --single-version-externally-managed
[6.893s] running egg_info
[6.894s] writing ../../build/project_localization/project_localization.egg-info/PKG-INFO
[6.895s] writing dependency_links to ../../build/project_localization/project_localization.egg-info/dependency_links.txt
[6.896s] writing entry points to ../../build/project_localization/project_localization.egg-info/entry_points.txt
[6.897s] writing requirements to ../../build/project_localization/project_localization.egg-info/requires.txt
[6.897s] writing top-level names to ../../build/project_localization/project_localization.egg-info/top_level.txt
[6.900s] reading manifest file '../../build/project_localization/project_localization.egg-info/SOURCES.txt'
[6.901s] writing manifest file '../../build/project_localization/project_localization.egg-info/SOURCES.txt'
[6.902s] running build
[6.902s] running build_py
[6.902s] copying project_localization/self_localization.py -> /home/user/ros2_ws/build/project_localization/build/lib/project_localization
[6.902s] running install
[6.903s] /usr/lib/python3/dist-packages/setuptools/command/install.py:34: SetuptoolsDeprecationWarning: setup.py install is deprecated. Use build and pip and other standards-based tools.
[6.903s]   warnings.warn(
[6.904s] running install_lib
[6.905s] copying /home/user/ros2_ws/build/project_localization/build/lib/project_localization/self_localization.py -> /home/user/ros2_ws/install/project_localization/lib/python3.10/site-packages/project_localization
[6.906s] byte-compiling /home/user/ros2_ws/install/project_localization/lib/python3.10/site-packages/project_localization/self_localization.py to self_localization.cpython-310.pyc
[6.976s] running install_data
[6.976s] running install_egg_info
[6.983s] removing '/home/user/ros2_ws/install/project_localization/lib/python3.10/site-packages/project_localization-0.0.0-py3.10.egg-info' (and everything under it)
[6.984s] Copying ../../build/project_localization/project_localization.egg-info to /home/user/ros2_ws/install/project_localization/lib/python3.10/site-packages/project_localization-0.0.0-py3.10.egg-info
[6.988s] running install_scripts
[7.203s] Installing self_localization script to /home/user/ros2_ws/install/project_localization/lib/project_localization
[7.205s] writing list of installed files to '/home/user/ros2_ws/build/project_localization/install.log'
[7.393s] Invoked command in '/home/user/ros2_ws/src/project_localization' returned '0': PYTHONPATH=/home/user/ros2_ws/build/project_localization/prefix_override:/home/user/ros2_ws/install/project_localization/lib/python3.10/site-packages:${PYTHONPATH} _=/usr/bin/env /usr/bin/python3 setup.py egg_info --egg-base ../../build/project_localization build --build-base /home/user/ros2_ws/build/project_localization/build install --record /home/user/ros2_ws/build/project_localization/install.log --single-version-externally-managed
