[3.208s] Invoking command in '/home/user/ros2_ws/src/project_mapping': PYTHONPATH=/home/user/ros2_ws/build/project_mapping/prefix_override:/home/user/ros2_ws/install/project_mapping/lib/python3.10/site-packages:${PYTHONPATH} _=/usr/bin/env /usr/bin/python3 setup.py egg_info --egg-base ../../build/project_mapping build --build-base /home/user/ros2_ws/build/project_mapping/build install --record /home/user/ros2_ws/build/project_mapping/install.log --single-version-externally-managed
[4.422s] running egg_info
[4.423s] writing ../../build/project_mapping/project_mapping.egg-info/PKG-INFO
[4.495s] writing dependency_links to ../../build/project_mapping/project_mapping.egg-info/dependency_links.txt
[4.495s] writing entry points to ../../build/project_mapping/project_mapping.egg-info/entry_points.txt
[4.495s] writing requirements to ../../build/project_mapping/project_mapping.egg-info/requires.txt
[4.495s] writing top-level names to ../../build/project_mapping/project_mapping.egg-info/top_level.txt
[4.496s] reading manifest file '../../build/project_mapping/project_mapping.egg-info/SOURCES.txt'
[4.497s] writing manifest file '../../build/project_mapping/project_mapping.egg-info/SOURCES.txt'
[4.497s] running build
[4.497s] running build_py
[4.498s] running install
[4.498s] /usr/lib/python3/dist-packages/setuptools/command/install.py:34: SetuptoolsDeprecationWarning: setup.py install is deprecated. Use build and pip and other standards-based tools.
[4.499s]   warnings.warn(
[4.501s] running install_lib
[4.502s] running install_data
[4.505s] running install_egg_info
[4.510s] removing '/home/user/ros2_ws/install/project_mapping/lib/python3.10/site-packages/project_mapping-0.0.0-py3.10.egg-info' (and everything under it)
[4.510s] Copying ../../build/project_mapping/project_mapping.egg-info to /home/user/ros2_ws/install/project_mapping/lib/python3.10/site-packages/project_mapping-0.0.0-py3.10.egg-info
[4.513s] running install_scripts
[4.613s] writing list of installed files to '/home/user/ros2_ws/build/project_mapping/install.log'
[4.703s] Invoked command in '/home/user/ros2_ws/src/project_mapping' returned '0': PYTHONPATH=/home/user/ros2_ws/build/project_mapping/prefix_override:/home/user/ros2_ws/install/project_mapping/lib/python3.10/site-packages:${PYTHONPATH} _=/usr/bin/env /usr/bin/python3 setup.py egg_info --egg-base ../../build/project_mapping build --build-base /home/user/ros2_ws/build/project_mapping/build install --record /home/user/ros2_ws/build/project_mapping/install.log --single-version-externally-managed
