[2.080s] DEBUG:colcon:Command line arguments: ['/usr/bin/colcon', 'build', '--packages-select', 'project_path_planning']
[2.080s] DEBUG:colcon:Parsed command line arguments: Namespace(log_base=None, log_level=None, verb_name='build', build_base='build', install_base='install', merge_install=False, symlink_install=False, test_result_base=None, continue_on_error=False, executor='parallel', parallel_workers=8, event_handlers=None, ignore_user_meta=False, metas=['./colcon.meta'], base_paths=['.'], packages_ignore=None, packages_ignore_regex=None, paths=None, packages_up_to=None, packages_up_to_regex=None, packages_above=None, packages_above_and_dependencies=None, packages_above_depth=None, packages_select_by_dep=None, packages_skip_by_dep=None, packages_skip_up_to=None, packages_select_build_failed=False, packages_skip_build_finished=False, packages_select_test_failures=False, packages_skip_test_passed=False, packages_select=['project_path_planning'], packages_skip=None, packages_select_regex=None, packages_skip_regex=None, packages_start=None, packages_end=None, lookup_in_workspace=False, cargo_args=None, clean_build=False, cmake_args=None, cmake_target=None, cmake_target_skip_unavailable=False, cmake_clean_cache=False, cmake_clean_first=False, cmake_force_configure=False, ament_cmake_args=None, catkin_cmake_args=None, catkin_skip_building_tests=False, mixin_files=None, mixin=None, verb_parser=<colcon_mixin.mixin.mixin_argument.MixinArgumentDecorator object at 0x7ff67abfcac0>, verb_extension=<colcon_core.verb.build.BuildVerb object at 0x7ff67b591c60>, main=<bound method BuildVerb.main of <colcon_core.verb.build.BuildVerb object at 0x7ff67b591c60>>, mixin_verb=('build',))
[2.194s] Level 1:colcon.colcon_core.package_discovery:discover_packages(colcon_meta) check parameters
[2.194s] Level 1:colcon.colcon_core.package_discovery:discover_packages(recursive) check parameters
[2.194s] Level 1:colcon.colcon_core.package_discovery:discover_packages(ignore) check parameters
[2.195s] Level 1:colcon.colcon_core.package_discovery:discover_packages(path) check parameters
[2.195s] Level 1:colcon.colcon_core.package_discovery:discover_packages(colcon_meta) discover
[2.195s] Level 1:colcon.colcon_core.package_discovery:discover_packages(recursive) discover
[2.195s] INFO:colcon.colcon_core.package_discovery:Crawling recursively for packages in '/home/user/ros2_ws'
[2.195s] Level 1:colcon.colcon_core.package_identification:_identify(.) by extensions ['ignore', 'ignore_ament_install']
[2.195s] Level 1:colcon.colcon_core.package_identification:_identify(.) by extension 'ignore'
[2.195s] Level 1:colcon.colcon_core.package_identification:_identify(.) by extension 'ignore_ament_install'
[2.195s] Level 1:colcon.colcon_core.package_identification:_identify(.) by extensions ['colcon_pkg']
[2.195s] Level 1:colcon.colcon_core.package_identification:_identify(.) by extension 'colcon_pkg'
[2.195s] Level 1:colcon.colcon_core.package_identification:_identify(.) by extensions ['colcon_meta']
[2.195s] Level 1:colcon.colcon_core.package_identification:_identify(.) by extension 'colcon_meta'
[2.196s] Level 1:colcon.colcon_core.package_identification:_identify(.) by extensions ['ament_cargo']
[2.196s] Level 1:colcon.colcon_core.package_identification:_identify(.) by extension 'ament_cargo'
[2.196s] Level 1:colcon.colcon_core.package_identification:_identify(.) by extensions ['ros']
[2.196s] Level 1:colcon.colcon_core.package_identification:_identify(.) by extension 'ros'
[2.274s] Level 1:colcon.colcon_core.package_identification:_identify(.) by extensions ['cargo', 'cmake', 'python']
[2.274s] Level 1:colcon.colcon_core.package_identification:_identify(.) by extension 'cargo'
[2.274s] Level 1:colcon.colcon_core.package_identification:_identify(.) by extension 'cmake'
[2.274s] Level 1:colcon.colcon_core.package_identification:_identify(.) by extension 'python'
[2.275s] Level 1:colcon.colcon_core.package_identification:_identify(.) by extensions ['python_setup_py']
[2.275s] Level 1:colcon.colcon_core.package_identification:_identify(.) by extension 'python_setup_py'
[2.275s] Level 1:colcon.colcon_core.package_identification:_identify(build) by extensions ['ignore', 'ignore_ament_install']
[2.275s] Level 1:colcon.colcon_core.package_identification:_identify(build) by extension 'ignore'
[2.275s] Level 1:colcon.colcon_core.package_identification:_identify(build) ignored
[2.275s] Level 1:colcon.colcon_core.package_identification:_identify(install) by extensions ['ignore', 'ignore_ament_install']
[2.275s] Level 1:colcon.colcon_core.package_identification:_identify(install) by extension 'ignore'
[2.275s] Level 1:colcon.colcon_core.package_identification:_identify(install) ignored
[2.275s] Level 1:colcon.colcon_core.package_identification:_identify(log) by extensions ['ignore', 'ignore_ament_install']
[2.276s] Level 1:colcon.colcon_core.package_identification:_identify(log) by extension 'ignore'
[2.276s] Level 1:colcon.colcon_core.package_identification:_identify(log) ignored
[2.276s] Level 1:colcon.colcon_core.package_identification:_identify(src) by extensions ['ignore', 'ignore_ament_install']
[2.276s] Level 1:colcon.colcon_core.package_identification:_identify(src) by extension 'ignore'
[2.276s] Level 1:colcon.colcon_core.package_identification:_identify(src) by extension 'ignore_ament_install'
[2.276s] Level 1:colcon.colcon_core.package_identification:_identify(src) by extensions ['colcon_pkg']
[2.276s] Level 1:colcon.colcon_core.package_identification:_identify(src) by extension 'colcon_pkg'
[2.276s] Level 1:colcon.colcon_core.package_identification:_identify(src) by extensions ['colcon_meta']
[2.276s] Level 1:colcon.colcon_core.package_identification:_identify(src) by extension 'colcon_meta'
[2.276s] Level 1:colcon.colcon_core.package_identification:_identify(src) by extensions ['ament_cargo']
[2.276s] Level 1:colcon.colcon_core.package_identification:_identify(src) by extension 'ament_cargo'
[2.276s] Level 1:colcon.colcon_core.package_identification:_identify(src) by extensions ['ros']
[2.276s] Level 1:colcon.colcon_core.package_identification:_identify(src) by extension 'ros'
[2.276s] Level 1:colcon.colcon_core.package_identification:_identify(src) by extensions ['cargo', 'cmake', 'python']
[2.276s] Level 1:colcon.colcon_core.package_identification:_identify(src) by extension 'cargo'
[2.276s] Level 1:colcon.colcon_core.package_identification:_identify(src) by extension 'cmake'
[2.276s] Level 1:colcon.colcon_core.package_identification:_identify(src) by extension 'python'
[2.277s] Level 1:colcon.colcon_core.package_identification:_identify(src) by extensions ['python_setup_py']
[2.277s] Level 1:colcon.colcon_core.package_identification:_identify(src) by extension 'python_setup_py'
[2.277s] Level 1:colcon.colcon_core.package_identification:_identify(src/custom_interfaces) by extensions ['ignore', 'ignore_ament_install']
[2.277s] Level 1:colcon.colcon_core.package_identification:_identify(src/custom_interfaces) by extension 'ignore'
[2.277s] Level 1:colcon.colcon_core.package_identification:_identify(src/custom_interfaces) by extension 'ignore_ament_install'
[2.277s] Level 1:colcon.colcon_core.package_identification:_identify(src/custom_interfaces) by extensions ['colcon_pkg']
[2.277s] Level 1:colcon.colcon_core.package_identification:_identify(src/custom_interfaces) by extension 'colcon_pkg'
[2.277s] Level 1:colcon.colcon_core.package_identification:_identify(src/custom_interfaces) by extensions ['colcon_meta']
[2.277s] Level 1:colcon.colcon_core.package_identification:_identify(src/custom_interfaces) by extension 'colcon_meta'
[2.277s] Level 1:colcon.colcon_core.package_identification:_identify(src/custom_interfaces) by extensions ['ament_cargo']
[2.277s] Level 1:colcon.colcon_core.package_identification:_identify(src/custom_interfaces) by extension 'ament_cargo'
[2.277s] Level 1:colcon.colcon_core.package_identification:_identify(src/custom_interfaces) by extensions ['ros']
[2.277s] Level 1:colcon.colcon_core.package_identification:_identify(src/custom_interfaces) by extension 'ros'
[2.280s] DEBUG:colcon.colcon_core.package_identification:Package 'src/custom_interfaces' with type 'ros.ament_cmake' and name 'custom_interfaces'
[2.281s] Level 1:colcon.colcon_core.package_identification:_identify(src/project_localization) by extensions ['ignore', 'ignore_ament_install']
[2.281s] Level 1:colcon.colcon_core.package_identification:_identify(src/project_localization) by extension 'ignore'
[2.281s] Level 1:colcon.colcon_core.package_identification:_identify(src/project_localization) by extension 'ignore_ament_install'
[2.281s] Level 1:colcon.colcon_core.package_identification:_identify(src/project_localization) by extensions ['colcon_pkg']
[2.281s] Level 1:colcon.colcon_core.package_identification:_identify(src/project_localization) by extension 'colcon_pkg'
[2.281s] Level 1:colcon.colcon_core.package_identification:_identify(src/project_localization) by extensions ['colcon_meta']
[2.281s] Level 1:colcon.colcon_core.package_identification:_identify(src/project_localization) by extension 'colcon_meta'
[2.281s] Level 1:colcon.colcon_core.package_identification:_identify(src/project_localization) by extensions ['ament_cargo']
[2.281s] Level 1:colcon.colcon_core.package_identification:_identify(src/project_localization) by extension 'ament_cargo'
[2.281s] Level 1:colcon.colcon_core.package_identification:_identify(src/project_localization) by extensions ['ros']
[2.281s] Level 1:colcon.colcon_core.package_identification:_identify(src/project_localization) by extension 'ros'
[2.282s] DEBUG:colcon.colcon_core.package_identification:Package 'src/project_localization' with type 'ros.ament_python' and name 'project_localization'
[2.282s] Level 1:colcon.colcon_core.package_identification:_identify(src/project_mapping) by extensions ['ignore', 'ignore_ament_install']
[2.283s] Level 1:colcon.colcon_core.package_identification:_identify(src/project_mapping) by extension 'ignore'
[2.283s] Level 1:colcon.colcon_core.package_identification:_identify(src/project_mapping) by extension 'ignore_ament_install'
[2.283s] Level 1:colcon.colcon_core.package_identification:_identify(src/project_mapping) by extensions ['colcon_pkg']
[2.283s] Level 1:colcon.colcon_core.package_identification:_identify(src/project_mapping) by extension 'colcon_pkg'
[2.283s] Level 1:colcon.colcon_core.package_identification:_identify(src/project_mapping) by extensions ['colcon_meta']
[2.283s] Level 1:colcon.colcon_core.package_identification:_identify(src/project_mapping) by extension 'colcon_meta'
[2.283s] Level 1:colcon.colcon_core.package_identification:_identify(src/project_mapping) by extensions ['ament_cargo']
[2.283s] Level 1:colcon.colcon_core.package_identification:_identify(src/project_mapping) by extension 'ament_cargo'
[2.283s] Level 1:colcon.colcon_core.package_identification:_identify(src/project_mapping) by extensions ['ros']
[2.283s] Level 1:colcon.colcon_core.package_identification:_identify(src/project_mapping) by extension 'ros'
[2.284s] DEBUG:colcon.colcon_core.package_identification:Package 'src/project_mapping' with type 'ros.ament_python' and name 'project_mapping'
[2.285s] Level 1:colcon.colcon_core.package_identification:_identify(src/project_path_planning) by extensions ['ignore', 'ignore_ament_install']
[2.285s] Level 1:colcon.colcon_core.package_identification:_identify(src/project_path_planning) by extension 'ignore'
[2.285s] Level 1:colcon.colcon_core.package_identification:_identify(src/project_path_planning) by extension 'ignore_ament_install'
[2.285s] Level 1:colcon.colcon_core.package_identification:_identify(src/project_path_planning) by extensions ['colcon_pkg']
[2.285s] Level 1:colcon.colcon_core.package_identification:_identify(src/project_path_planning) by extension 'colcon_pkg'
[2.285s] Level 1:colcon.colcon_core.package_identification:_identify(src/project_path_planning) by extensions ['colcon_meta']
[2.285s] Level 1:colcon.colcon_core.package_identification:_identify(src/project_path_planning) by extension 'colcon_meta'
[2.285s] Level 1:colcon.colcon_core.package_identification:_identify(src/project_path_planning) by extensions ['ament_cargo']
[2.285s] Level 1:colcon.colcon_core.package_identification:_identify(src/project_path_planning) by extension 'ament_cargo'
[2.285s] Level 1:colcon.colcon_core.package_identification:_identify(src/project_path_planning) by extensions ['ros']
[2.285s] Level 1:colcon.colcon_core.package_identification:_identify(src/project_path_planning) by extension 'ros'
[2.286s] DEBUG:colcon.colcon_core.package_identification:Package 'src/project_path_planning' with type 'ros.ament_python' and name 'project_path_planning'
[2.286s] Level 1:colcon.colcon_core.package_discovery:discover_packages(recursive) using defaults
[2.286s] Level 1:colcon.colcon_core.package_discovery:discover_packages(ignore) discover
[2.286s] Level 1:colcon.colcon_core.package_discovery:discover_packages(ignore) using defaults
[2.286s] Level 1:colcon.colcon_core.package_discovery:discover_packages(path) discover
[2.286s] Level 1:colcon.colcon_core.package_discovery:discover_packages(path) using defaults
[2.384s] INFO:colcon.colcon_core.package_selection:Skipping not selected package 'custom_interfaces' in 'src/custom_interfaces'
[2.384s] INFO:colcon.colcon_core.package_selection:Skipping not selected package 'project_mapping' in 'src/project_mapping'
[2.384s] INFO:colcon.colcon_core.package_selection:Skipping not selected package 'project_localization' in 'src/project_localization'
[2.393s] Level 5:colcon.colcon_core.verb:set package 'project_path_planning' build argument 'lookup_in_workspace' from command line to 'False'
[2.394s] Level 5:colcon.colcon_core.verb:set package 'project_path_planning' build argument 'cargo_args' from command line to 'None'
[2.394s] Level 5:colcon.colcon_core.verb:set package 'project_path_planning' build argument 'clean_build' from command line to 'False'
[2.394s] Level 5:colcon.colcon_core.verb:set package 'project_path_planning' build argument 'cmake_args' from command line to 'None'
[2.394s] Level 5:colcon.colcon_core.verb:set package 'project_path_planning' build argument 'cmake_target' from command line to 'None'
[2.394s] Level 5:colcon.colcon_core.verb:set package 'project_path_planning' build argument 'cmake_target_skip_unavailable' from command line to 'False'
[2.394s] Level 5:colcon.colcon_core.verb:set package 'project_path_planning' build argument 'cmake_clean_cache' from command line to 'False'
[2.394s] Level 5:colcon.colcon_core.verb:set package 'project_path_planning' build argument 'cmake_clean_first' from command line to 'False'
[2.394s] Level 5:colcon.colcon_core.verb:set package 'project_path_planning' build argument 'cmake_force_configure' from command line to 'False'
[2.394s] Level 5:colcon.colcon_core.verb:set package 'project_path_planning' build argument 'ament_cmake_args' from command line to 'None'
[2.394s] Level 5:colcon.colcon_core.verb:set package 'project_path_planning' build argument 'catkin_cmake_args' from command line to 'None'
[2.394s] Level 5:colcon.colcon_core.verb:set package 'project_path_planning' build argument 'catkin_skip_building_tests' from command line to 'False'
[2.394s] DEBUG:colcon.colcon_core.verb:Building package 'project_path_planning' with the following arguments: {'ament_cmake_args': None, 'build_base': '/home/user/ros2_ws/build/project_path_planning', 'cargo_args': None, 'catkin_cmake_args': None, 'catkin_skip_building_tests': False, 'clean_build': False, 'cmake_args': None, 'cmake_clean_cache': False, 'cmake_clean_first': False, 'cmake_force_configure': False, 'cmake_target': None, 'cmake_target_skip_unavailable': False, 'install_base': '/home/user/ros2_ws/install/project_path_planning', 'lookup_in_workspace': False, 'merge_install': False, 'path': '/home/user/ros2_ws/src/project_path_planning', 'symlink_install': False, 'test_result_base': None}
[2.395s] INFO:colcon.colcon_core.executor:Executing jobs using 'parallel' executor
[2.407s] DEBUG:colcon.colcon_parallel_executor.executor.parallel:run_until_complete
[2.407s] INFO:colcon.colcon_ros.task.ament_python.build:Building ROS package in '/home/user/ros2_ws/src/project_path_planning' with build type 'ament_python'
[2.407s] Level 1:colcon.colcon_core.shell:create_environment_hook('project_path_planning', 'ament_prefix_path')
[2.486s] INFO:colcon.colcon_core.plugin_system:Skipping extension 'colcon_core.shell.bat': Not used on non-Windows systems
[2.486s] INFO:colcon.colcon_core.shell:Creating environment hook '/home/user/ros2_ws/install/project_path_planning/share/project_path_planning/hook/ament_prefix_path.ps1'
[2.489s] INFO:colcon.colcon_core.shell:Creating environment descriptor '/home/user/ros2_ws/install/project_path_planning/share/project_path_planning/hook/ament_prefix_path.dsv'
[2.490s] INFO:colcon.colcon_core.shell:Creating environment hook '/home/user/ros2_ws/install/project_path_planning/share/project_path_planning/hook/ament_prefix_path.sh'
[2.493s] INFO:colcon.colcon_core.shell:Skip shell extension 'powershell' for command environment: Not usable outside of PowerShell
[2.493s] DEBUG:colcon.colcon_core.shell:Skip shell extension 'dsv' for command environment
[4.008s] INFO:colcon.colcon_core.task.python.build:Building Python package in '/home/user/ros2_ws/src/project_path_planning'
[4.075s] INFO:colcon.colcon_core.shell:Skip shell extension 'powershell' for command environment: Not usable outside of PowerShell
[4.075s] DEBUG:colcon.colcon_core.shell:Skip shell extension 'dsv' for command environment
[5.895s] DEBUG:colcon.colcon_core.event_handler.log_command:Invoking command in '/home/user/ros2_ws/src/project_path_planning': PYTHONPATH=/home/user/ros2_ws/build/project_path_planning/prefix_override:/home/user/ros2_ws/install/project_path_planning/lib/python3.10/site-packages:${PYTHONPATH} _=/usr/bin/env /usr/bin/python3 setup.py egg_info --egg-base ../../build/project_path_planning build --build-base /home/user/ros2_ws/build/project_path_planning/build install --record /home/user/ros2_ws/build/project_path_planning/install.log --single-version-externally-managed
[7.478s] DEBUG:colcon.colcon_core.event_handler.log_command:Invoked command in '/home/user/ros2_ws/src/project_path_planning' returned '0': PYTHONPATH=/home/user/ros2_ws/build/project_path_planning/prefix_override:/home/user/ros2_ws/install/project_path_planning/lib/python3.10/site-packages:${PYTHONPATH} _=/usr/bin/env /usr/bin/python3 setup.py egg_info --egg-base ../../build/project_path_planning build --build-base /home/user/ros2_ws/build/project_path_planning/build install --record /home/user/ros2_ws/build/project_path_planning/install.log --single-version-externally-managed
[7.482s] Level 1:colcon.colcon_core.environment:checking '/home/user/ros2_ws/install/project_path_planning' for CMake module files
[7.483s] Level 1:colcon.colcon_core.environment:checking '/home/user/ros2_ws/install/project_path_planning' for CMake config files
[7.484s] Level 1:colcon.colcon_core.environment:checking '/home/user/ros2_ws/install/project_path_planning/lib'
[7.484s] Level 1:colcon.colcon_core.environment:checking '/home/user/ros2_ws/install/project_path_planning/bin'
[7.485s] Level 1:colcon.colcon_core.environment:checking '/home/user/ros2_ws/install/project_path_planning/lib/pkgconfig/project_path_planning.pc'
[7.486s] Level 1:colcon.colcon_core.environment:checking '/home/user/ros2_ws/install/project_path_planning/lib/python3.10/site-packages'
[7.486s] Level 1:colcon.colcon_core.shell:create_environment_hook('project_path_planning', 'pythonpath')
[7.488s] INFO:colcon.colcon_core.shell:Creating environment hook '/home/user/ros2_ws/install/project_path_planning/share/project_path_planning/hook/pythonpath.ps1'
[7.489s] INFO:colcon.colcon_core.shell:Creating environment descriptor '/home/user/ros2_ws/install/project_path_planning/share/project_path_planning/hook/pythonpath.dsv'
[7.489s] INFO:colcon.colcon_core.shell:Creating environment hook '/home/user/ros2_ws/install/project_path_planning/share/project_path_planning/hook/pythonpath.sh'
[7.491s] Level 1:colcon.colcon_core.environment:checking '/home/user/ros2_ws/install/project_path_planning/bin'
[7.491s] Level 1:colcon.colcon_core.environment:create_environment_scripts_only(project_path_planning)
[7.493s] INFO:colcon.colcon_core.shell:Creating package script '/home/user/ros2_ws/install/project_path_planning/share/project_path_planning/package.ps1'
[7.494s] INFO:colcon.colcon_core.shell:Creating package descriptor '/home/user/ros2_ws/install/project_path_planning/share/project_path_planning/package.dsv'
[7.498s] INFO:colcon.colcon_core.shell:Creating package script '/home/user/ros2_ws/install/project_path_planning/share/project_path_planning/package.sh'
[7.500s] INFO:colcon.colcon_core.shell:Creating package script '/home/user/ros2_ws/install/project_path_planning/share/project_path_planning/package.bash'
[7.501s] INFO:colcon.colcon_core.shell:Creating package script '/home/user/ros2_ws/install/project_path_planning/share/project_path_planning/package.zsh'
[7.501s] Level 1:colcon.colcon_core.environment:create_file_with_runtime_dependencies(/home/user/ros2_ws/install/project_path_planning/share/colcon-core/packages/project_path_planning)
[7.503s] DEBUG:colcon.colcon_parallel_executor.executor.parallel:closing loop
[7.503s] DEBUG:colcon.colcon_parallel_executor.executor.parallel:loop closed
[7.503s] DEBUG:colcon.colcon_parallel_executor.executor.parallel:run_until_complete finished with '0'
[7.503s] DEBUG:colcon.colcon_core.event_reactor:joining thread
[7.512s] INFO:colcon.colcon_core.plugin_system:Skipping extension 'colcon_notification.desktop_notification.notify_send': Could not find 'notify-send'
[7.512s] INFO:colcon.colcon_core.plugin_system:Skipping extension 'colcon_notification.desktop_notification.terminal_notifier': Not used on non-Darwin systems
[7.512s] INFO:colcon.colcon_core.plugin_system:Skipping extension 'colcon_notification.desktop_notification.win32': Not used on non-Windows systems
[7.513s] INFO:colcon.colcon_notification.desktop_notification:Sending desktop notification using 'notify2'
[7.581s] DEBUG:colcon.colcon_notification.desktop_notification.notify2:Failed to initialize notify2: org.freedesktop.DBus.Error.Spawn.ExecFailed: /usr/bin/dbus-launch terminated abnormally without any error message
[7.582s] DEBUG:colcon.colcon_core.event_reactor:joined thread
[7.585s] INFO:colcon.colcon_core.shell:Creating prefix script '/home/user/ros2_ws/install/local_setup.ps1'
[7.589s] INFO:colcon.colcon_core.shell:Creating prefix util module '/home/user/ros2_ws/install/_local_setup_util_ps1.py'
[7.593s] INFO:colcon.colcon_core.shell:Creating prefix chain script '/home/user/ros2_ws/install/setup.ps1'
[7.675s] INFO:colcon.colcon_core.shell:Creating prefix script '/home/user/ros2_ws/install/local_setup.sh'
[7.676s] INFO:colcon.colcon_core.shell:Creating prefix util module '/home/user/ros2_ws/install/_local_setup_util_sh.py'
[7.677s] INFO:colcon.colcon_core.shell:Creating prefix chain script '/home/user/ros2_ws/install/setup.sh'
[7.684s] INFO:colcon.colcon_core.shell:Creating prefix script '/home/user/ros2_ws/install/local_setup.bash'
[7.685s] INFO:colcon.colcon_core.shell:Creating prefix chain script '/home/user/ros2_ws/install/setup.bash'
[7.694s] INFO:colcon.colcon_core.shell:Creating prefix script '/home/user/ros2_ws/install/local_setup.zsh'
[7.695s] INFO:colcon.colcon_core.shell:Creating prefix chain script '/home/user/ros2_ws/install/setup.zsh'
