[1.192s] DEBUG:colcon:Command line arguments: ['/usr/bin/colcon', 'build', '--packages-select', 'turtlebot3_gazebo']
[1.192s] DEBUG:colcon:Parsed command line arguments: Namespace(log_base=None, log_level=None, verb_name='build', build_base='build', install_base='install', merge_install=False, symlink_install=False, test_result_base=None, continue_on_error=False, executor='parallel', parallel_workers=8, event_handlers=None, ignore_user_meta=False, metas=['./colcon.meta'], base_paths=['.'], packages_ignore=None, packages_ignore_regex=None, paths=None, packages_up_to=None, packages_up_to_regex=None, packages_above=None, packages_above_and_dependencies=None, packages_above_depth=None, packages_select_by_dep=None, packages_skip_by_dep=None, packages_skip_up_to=None, packages_select_build_failed=False, packages_skip_build_finished=False, packages_select_test_failures=False, packages_skip_test_passed=False, packages_select=['turtlebot3_gazebo'], packages_skip=None, packages_select_regex=None, packages_skip_regex=None, packages_start=None, packages_end=None, lookup_in_workspace=False, cargo_args=None, clean_build=False, cmake_args=None, cmake_target=None, cmake_target_skip_unavailable=False, cmake_clean_cache=False, cmake_clean_first=False, cmake_force_configure=False, ament_cmake_args=None, catkin_cmake_args=None, catkin_skip_building_tests=False, mixin_files=None, mixin=None, verb_parser=<colcon_mixin.mixin.mixin_argument.MixinArgumentDecorator object at 0x7f81f8a70160>, verb_extension=<colcon_core.verb.build.BuildVerb object at 0x7f81f95881c0>, main=<bound method BuildVerb.main of <colcon_core.verb.build.BuildVerb object at 0x7f81f95881c0>>, mixin_verb=('build',))
[1.271s] Level 1:colcon.colcon_core.package_discovery:discover_packages(colcon_meta) check parameters
[1.271s] Level 1:colcon.colcon_core.package_discovery:discover_packages(recursive) check parameters
[1.271s] Level 1:colcon.colcon_core.package_discovery:discover_packages(ignore) check parameters
[1.271s] Level 1:colcon.colcon_core.package_discovery:discover_packages(path) check parameters
[1.271s] Level 1:colcon.colcon_core.package_discovery:discover_packages(colcon_meta) discover
[1.271s] Level 1:colcon.colcon_core.package_discovery:discover_packages(recursive) discover
[1.271s] INFO:colcon.colcon_core.package_discovery:Crawling recursively for packages in '/home/user/simulation_ws'
[1.272s] Level 1:colcon.colcon_core.package_identification:_identify(.) by extensions ['ignore', 'ignore_ament_install']
[1.272s] Level 1:colcon.colcon_core.package_identification:_identify(.) by extension 'ignore'
[1.272s] Level 1:colcon.colcon_core.package_identification:_identify(.) by extension 'ignore_ament_install'
[1.272s] Level 1:colcon.colcon_core.package_identification:_identify(.) by extensions ['colcon_pkg']
[1.272s] Level 1:colcon.colcon_core.package_identification:_identify(.) by extension 'colcon_pkg'
[1.272s] Level 1:colcon.colcon_core.package_identification:_identify(.) by extensions ['colcon_meta']
[1.272s] Level 1:colcon.colcon_core.package_identification:_identify(.) by extension 'colcon_meta'
[1.272s] Level 1:colcon.colcon_core.package_identification:_identify(.) by extensions ['ament_cargo']
[1.272s] Level 1:colcon.colcon_core.package_identification:_identify(.) by extension 'ament_cargo'
[1.272s] Level 1:colcon.colcon_core.package_identification:_identify(.) by extensions ['ros']
[1.272s] Level 1:colcon.colcon_core.package_identification:_identify(.) by extension 'ros'
[1.293s] Level 1:colcon.colcon_core.package_identification:_identify(.) by extensions ['cargo', 'cmake', 'python']
[1.293s] Level 1:colcon.colcon_core.package_identification:_identify(.) by extension 'cargo'
[1.293s] Level 1:colcon.colcon_core.package_identification:_identify(.) by extension 'cmake'
[1.293s] Level 1:colcon.colcon_core.package_identification:_identify(.) by extension 'python'
[1.293s] Level 1:colcon.colcon_core.package_identification:_identify(.) by extensions ['python_setup_py']
[1.293s] Level 1:colcon.colcon_core.package_identification:_identify(.) by extension 'python_setup_py'
[1.294s] Level 1:colcon.colcon_core.package_identification:_identify(build) by extensions ['ignore', 'ignore_ament_install']
[1.294s] Level 1:colcon.colcon_core.package_identification:_identify(build) by extension 'ignore'
[1.294s] Level 1:colcon.colcon_core.package_identification:_identify(build) ignored
[1.294s] Level 1:colcon.colcon_core.package_identification:_identify(install) by extensions ['ignore', 'ignore_ament_install']
[1.294s] Level 1:colcon.colcon_core.package_identification:_identify(install) by extension 'ignore'
[1.294s] Level 1:colcon.colcon_core.package_identification:_identify(install) ignored
[1.294s] Level 1:colcon.colcon_core.package_identification:_identify(log) by extensions ['ignore', 'ignore_ament_install']
[1.294s] Level 1:colcon.colcon_core.package_identification:_identify(log) by extension 'ignore'
[1.294s] Level 1:colcon.colcon_core.package_identification:_identify(log) ignored
[1.295s] Level 1:colcon.colcon_core.package_identification:_identify(src) by extensions ['ignore', 'ignore_ament_install']
[1.295s] Level 1:colcon.colcon_core.package_identification:_identify(src) by extension 'ignore'
[1.295s] Level 1:colcon.colcon_core.package_identification:_identify(src) by extension 'ignore_ament_install'
[1.295s] Level 1:colcon.colcon_core.package_identification:_identify(src) by extensions ['colcon_pkg']
[1.295s] Level 1:colcon.colcon_core.package_identification:_identify(src) by extension 'colcon_pkg'
[1.295s] Level 1:colcon.colcon_core.package_identification:_identify(src) by extensions ['colcon_meta']
[1.295s] Level 1:colcon.colcon_core.package_identification:_identify(src) by extension 'colcon_meta'
[1.295s] Level 1:colcon.colcon_core.package_identification:_identify(src) by extensions ['ament_cargo']
[1.295s] Level 1:colcon.colcon_core.package_identification:_identify(src) by extension 'ament_cargo'
[1.295s] Level 1:colcon.colcon_core.package_identification:_identify(src) by extensions ['ros']
[1.295s] Level 1:colcon.colcon_core.package_identification:_identify(src) by extension 'ros'
[1.295s] Level 1:colcon.colcon_core.package_identification:_identify(src) by extensions ['cargo', 'cmake', 'python']
[1.295s] Level 1:colcon.colcon_core.package_identification:_identify(src) by extension 'cargo'
[1.295s] Level 1:colcon.colcon_core.package_identification:_identify(src) by extension 'cmake'
[1.295s] Level 1:colcon.colcon_core.package_identification:_identify(src) by extension 'python'
[1.295s] Level 1:colcon.colcon_core.package_identification:_identify(src) by extensions ['python_setup_py']
[1.295s] Level 1:colcon.colcon_core.package_identification:_identify(src) by extension 'python_setup_py'
[1.295s] Level 1:colcon.colcon_core.package_identification:_identify(src/turtlebot3) by extensions ['ignore', 'ignore_ament_install']
[1.296s] Level 1:colcon.colcon_core.package_identification:_identify(src/turtlebot3) by extension 'ignore'
[1.296s] Level 1:colcon.colcon_core.package_identification:_identify(src/turtlebot3) by extension 'ignore_ament_install'
[1.296s] Level 1:colcon.colcon_core.package_identification:_identify(src/turtlebot3) by extensions ['colcon_pkg']
[1.296s] Level 1:colcon.colcon_core.package_identification:_identify(src/turtlebot3) by extension 'colcon_pkg'
[1.296s] Level 1:colcon.colcon_core.package_identification:_identify(src/turtlebot3) by extensions ['colcon_meta']
[1.296s] Level 1:colcon.colcon_core.package_identification:_identify(src/turtlebot3) by extension 'colcon_meta'
[1.296s] Level 1:colcon.colcon_core.package_identification:_identify(src/turtlebot3) by extensions ['ament_cargo']
[1.296s] Level 1:colcon.colcon_core.package_identification:_identify(src/turtlebot3) by extension 'ament_cargo'
[1.296s] Level 1:colcon.colcon_core.package_identification:_identify(src/turtlebot3) by extensions ['ros']
[1.296s] Level 1:colcon.colcon_core.package_identification:_identify(src/turtlebot3) by extension 'ros'
[1.296s] Level 1:colcon.colcon_core.package_identification:_identify(src/turtlebot3) by extensions ['cargo', 'cmake', 'python']
[1.296s] Level 1:colcon.colcon_core.package_identification:_identify(src/turtlebot3) by extension 'cargo'
[1.296s] Level 1:colcon.colcon_core.package_identification:_identify(src/turtlebot3) by extension 'cmake'
[1.296s] Level 1:colcon.colcon_core.package_identification:_identify(src/turtlebot3) by extension 'python'
[1.296s] Level 1:colcon.colcon_core.package_identification:_identify(src/turtlebot3) by extensions ['python_setup_py']
[1.296s] Level 1:colcon.colcon_core.package_identification:_identify(src/turtlebot3) by extension 'python_setup_py'
[1.296s] Level 1:colcon.colcon_core.package_identification:_identify(src/turtlebot3/turtlebot3) by extensions ['ignore', 'ignore_ament_install']
[1.296s] Level 1:colcon.colcon_core.package_identification:_identify(src/turtlebot3/turtlebot3) by extension 'ignore'
[1.297s] Level 1:colcon.colcon_core.package_identification:_identify(src/turtlebot3/turtlebot3) by extension 'ignore_ament_install'
[1.297s] Level 1:colcon.colcon_core.package_identification:_identify(src/turtlebot3/turtlebot3) by extensions ['colcon_pkg']
[1.297s] Level 1:colcon.colcon_core.package_identification:_identify(src/turtlebot3/turtlebot3) by extension 'colcon_pkg'
[1.297s] Level 1:colcon.colcon_core.package_identification:_identify(src/turtlebot3/turtlebot3) by extensions ['colcon_meta']
[1.297s] Level 1:colcon.colcon_core.package_identification:_identify(src/turtlebot3/turtlebot3) by extension 'colcon_meta'
[1.297s] Level 1:colcon.colcon_core.package_identification:_identify(src/turtlebot3/turtlebot3) by extensions ['ament_cargo']
[1.297s] Level 1:colcon.colcon_core.package_identification:_identify(src/turtlebot3/turtlebot3) by extension 'ament_cargo'
[1.297s] Level 1:colcon.colcon_core.package_identification:_identify(src/turtlebot3/turtlebot3) by extensions ['ros']
[1.297s] Level 1:colcon.colcon_core.package_identification:_identify(src/turtlebot3/turtlebot3) by extension 'ros'
[1.302s] DEBUG:colcon.colcon_core.package_identification:Package 'src/turtlebot3/turtlebot3' with type 'ros.ament_cmake' and name 'turtlebot3'
[1.302s] Level 1:colcon.colcon_core.package_identification:_identify(src/turtlebot3/turtlebot3_bringup) by extensions ['ignore', 'ignore_ament_install']
[1.302s] Level 1:colcon.colcon_core.package_identification:_identify(src/turtlebot3/turtlebot3_bringup) by extension 'ignore'
[1.302s] Level 1:colcon.colcon_core.package_identification:_identify(src/turtlebot3/turtlebot3_bringup) by extension 'ignore_ament_install'
[1.302s] Level 1:colcon.colcon_core.package_identification:_identify(src/turtlebot3/turtlebot3_bringup) by extensions ['colcon_pkg']
[1.302s] Level 1:colcon.colcon_core.package_identification:_identify(src/turtlebot3/turtlebot3_bringup) by extension 'colcon_pkg'
[1.302s] Level 1:colcon.colcon_core.package_identification:_identify(src/turtlebot3/turtlebot3_bringup) by extensions ['colcon_meta']
[1.302s] Level 1:colcon.colcon_core.package_identification:_identify(src/turtlebot3/turtlebot3_bringup) by extension 'colcon_meta'
[1.303s] Level 1:colcon.colcon_core.package_identification:_identify(src/turtlebot3/turtlebot3_bringup) by extensions ['ament_cargo']
[1.303s] Level 1:colcon.colcon_core.package_identification:_identify(src/turtlebot3/turtlebot3_bringup) by extension 'ament_cargo'
[1.303s] Level 1:colcon.colcon_core.package_identification:_identify(src/turtlebot3/turtlebot3_bringup) by extensions ['ros']
[1.303s] Level 1:colcon.colcon_core.package_identification:_identify(src/turtlebot3/turtlebot3_bringup) by extension 'ros'
[1.304s] DEBUG:colcon.colcon_core.package_identification:Package 'src/turtlebot3/turtlebot3_bringup' with type 'ros.ament_cmake' and name 'turtlebot3_bringup'
[1.304s] Level 1:colcon.colcon_core.package_identification:_identify(src/turtlebot3/turtlebot3_cartographer) by extensions ['ignore', 'ignore_ament_install']
[1.304s] Level 1:colcon.colcon_core.package_identification:_identify(src/turtlebot3/turtlebot3_cartographer) by extension 'ignore'
[1.304s] Level 1:colcon.colcon_core.package_identification:_identify(src/turtlebot3/turtlebot3_cartographer) by extension 'ignore_ament_install'
[1.304s] Level 1:colcon.colcon_core.package_identification:_identify(src/turtlebot3/turtlebot3_cartographer) by extensions ['colcon_pkg']
[1.304s] Level 1:colcon.colcon_core.package_identification:_identify(src/turtlebot3/turtlebot3_cartographer) by extension 'colcon_pkg'
[1.304s] Level 1:colcon.colcon_core.package_identification:_identify(src/turtlebot3/turtlebot3_cartographer) by extensions ['colcon_meta']
[1.304s] Level 1:colcon.colcon_core.package_identification:_identify(src/turtlebot3/turtlebot3_cartographer) by extension 'colcon_meta'
[1.304s] Level 1:colcon.colcon_core.package_identification:_identify(src/turtlebot3/turtlebot3_cartographer) by extensions ['ament_cargo']
[1.304s] Level 1:colcon.colcon_core.package_identification:_identify(src/turtlebot3/turtlebot3_cartographer) by extension 'ament_cargo'
[1.304s] Level 1:colcon.colcon_core.package_identification:_identify(src/turtlebot3/turtlebot3_cartographer) by extensions ['ros']
[1.304s] Level 1:colcon.colcon_core.package_identification:_identify(src/turtlebot3/turtlebot3_cartographer) by extension 'ros'
[1.306s] DEBUG:colcon.colcon_core.package_identification:Package 'src/turtlebot3/turtlebot3_cartographer' with type 'ros.ament_cmake' and name 'turtlebot3_cartographer'
[1.306s] Level 1:colcon.colcon_core.package_identification:_identify(src/turtlebot3/turtlebot3_description) by extensions ['ignore', 'ignore_ament_install']
[1.306s] Level 1:colcon.colcon_core.package_identification:_identify(src/turtlebot3/turtlebot3_description) by extension 'ignore'
[1.306s] Level 1:colcon.colcon_core.package_identification:_identify(src/turtlebot3/turtlebot3_description) by extension 'ignore_ament_install'
[1.306s] Level 1:colcon.colcon_core.package_identification:_identify(src/turtlebot3/turtlebot3_description) by extensions ['colcon_pkg']
[1.306s] Level 1:colcon.colcon_core.package_identification:_identify(src/turtlebot3/turtlebot3_description) by extension 'colcon_pkg'
[1.306s] Level 1:colcon.colcon_core.package_identification:_identify(src/turtlebot3/turtlebot3_description) by extensions ['colcon_meta']
[1.306s] Level 1:colcon.colcon_core.package_identification:_identify(src/turtlebot3/turtlebot3_description) by extension 'colcon_meta'
[1.306s] Level 1:colcon.colcon_core.package_identification:_identify(src/turtlebot3/turtlebot3_description) by extensions ['ament_cargo']
[1.306s] Level 1:colcon.colcon_core.package_identification:_identify(src/turtlebot3/turtlebot3_description) by extension 'ament_cargo'
[1.306s] Level 1:colcon.colcon_core.package_identification:_identify(src/turtlebot3/turtlebot3_description) by extensions ['ros']
[1.306s] Level 1:colcon.colcon_core.package_identification:_identify(src/turtlebot3/turtlebot3_description) by extension 'ros'
[1.308s] DEBUG:colcon.colcon_core.package_identification:Package 'src/turtlebot3/turtlebot3_description' with type 'ros.ament_cmake' and name 'turtlebot3_description'
[1.308s] Level 1:colcon.colcon_core.package_identification:_identify(src/turtlebot3/turtlebot3_example) by extensions ['ignore', 'ignore_ament_install']
[1.308s] Level 1:colcon.colcon_core.package_identification:_identify(src/turtlebot3/turtlebot3_example) by extension 'ignore'
[1.308s] Level 1:colcon.colcon_core.package_identification:_identify(src/turtlebot3/turtlebot3_example) by extension 'ignore_ament_install'
[1.308s] Level 1:colcon.colcon_core.package_identification:_identify(src/turtlebot3/turtlebot3_example) by extensions ['colcon_pkg']
[1.308s] Level 1:colcon.colcon_core.package_identification:_identify(src/turtlebot3/turtlebot3_example) by extension 'colcon_pkg'
[1.308s] Level 1:colcon.colcon_core.package_identification:_identify(src/turtlebot3/turtlebot3_example) by extensions ['colcon_meta']
[1.308s] Level 1:colcon.colcon_core.package_identification:_identify(src/turtlebot3/turtlebot3_example) by extension 'colcon_meta'
[1.308s] Level 1:colcon.colcon_core.package_identification:_identify(src/turtlebot3/turtlebot3_example) by extensions ['ament_cargo']
[1.308s] Level 1:colcon.colcon_core.package_identification:_identify(src/turtlebot3/turtlebot3_example) by extension 'ament_cargo'
[1.308s] Level 1:colcon.colcon_core.package_identification:_identify(src/turtlebot3/turtlebot3_example) by extensions ['ros']
[1.308s] Level 1:colcon.colcon_core.package_identification:_identify(src/turtlebot3/turtlebot3_example) by extension 'ros'
[1.310s] DEBUG:colcon.colcon_core.package_identification:Package 'src/turtlebot3/turtlebot3_example' with type 'ros.ament_python' and name 'turtlebot3_example'
[1.310s] Level 1:colcon.colcon_core.package_identification:_identify(src/turtlebot3/turtlebot3_navigation2) by extensions ['ignore', 'ignore_ament_install']
[1.310s] Level 1:colcon.colcon_core.package_identification:_identify(src/turtlebot3/turtlebot3_navigation2) by extension 'ignore'
[1.310s] Level 1:colcon.colcon_core.package_identification:_identify(src/turtlebot3/turtlebot3_navigation2) by extension 'ignore_ament_install'
[1.310s] Level 1:colcon.colcon_core.package_identification:_identify(src/turtlebot3/turtlebot3_navigation2) by extensions ['colcon_pkg']
[1.310s] Level 1:colcon.colcon_core.package_identification:_identify(src/turtlebot3/turtlebot3_navigation2) by extension 'colcon_pkg'
[1.310s] Level 1:colcon.colcon_core.package_identification:_identify(src/turtlebot3/turtlebot3_navigation2) by extensions ['colcon_meta']
[1.310s] Level 1:colcon.colcon_core.package_identification:_identify(src/turtlebot3/turtlebot3_navigation2) by extension 'colcon_meta'
[1.310s] Level 1:colcon.colcon_core.package_identification:_identify(src/turtlebot3/turtlebot3_navigation2) by extensions ['ament_cargo']
[1.310s] Level 1:colcon.colcon_core.package_identification:_identify(src/turtlebot3/turtlebot3_navigation2) by extension 'ament_cargo'
[1.310s] Level 1:colcon.colcon_core.package_identification:_identify(src/turtlebot3/turtlebot3_navigation2) by extensions ['ros']
[1.311s] Level 1:colcon.colcon_core.package_identification:_identify(src/turtlebot3/turtlebot3_navigation2) by extension 'ros'
[1.312s] DEBUG:colcon.colcon_core.package_identification:Package 'src/turtlebot3/turtlebot3_navigation2' with type 'ros.ament_cmake' and name 'turtlebot3_navigation2'
[1.312s] Level 1:colcon.colcon_core.package_identification:_identify(src/turtlebot3/turtlebot3_node) by extensions ['ignore', 'ignore_ament_install']
[1.312s] Level 1:colcon.colcon_core.package_identification:_identify(src/turtlebot3/turtlebot3_node) by extension 'ignore'
[1.312s] Level 1:colcon.colcon_core.package_identification:_identify(src/turtlebot3/turtlebot3_node) by extension 'ignore_ament_install'
[1.312s] Level 1:colcon.colcon_core.package_identification:_identify(src/turtlebot3/turtlebot3_node) by extensions ['colcon_pkg']
[1.312s] Level 1:colcon.colcon_core.package_identification:_identify(src/turtlebot3/turtlebot3_node) by extension 'colcon_pkg'
[1.312s] Level 1:colcon.colcon_core.package_identification:_identify(src/turtlebot3/turtlebot3_node) by extensions ['colcon_meta']
[1.312s] Level 1:colcon.colcon_core.package_identification:_identify(src/turtlebot3/turtlebot3_node) by extension 'colcon_meta'
[1.312s] Level 1:colcon.colcon_core.package_identification:_identify(src/turtlebot3/turtlebot3_node) by extensions ['ament_cargo']
[1.312s] Level 1:colcon.colcon_core.package_identification:_identify(src/turtlebot3/turtlebot3_node) by extension 'ament_cargo'
[1.312s] Level 1:colcon.colcon_core.package_identification:_identify(src/turtlebot3/turtlebot3_node) by extensions ['ros']
[1.312s] Level 1:colcon.colcon_core.package_identification:_identify(src/turtlebot3/turtlebot3_node) by extension 'ros'
[1.314s] DEBUG:colcon.colcon_core.package_identification:Package 'src/turtlebot3/turtlebot3_node' with type 'ros.ament_cmake' and name 'turtlebot3_node'
[1.315s] Level 1:colcon.colcon_core.package_identification:_identify(src/turtlebot3/turtlebot3_teleop) by extensions ['ignore', 'ignore_ament_install']
[1.315s] Level 1:colcon.colcon_core.package_identification:_identify(src/turtlebot3/turtlebot3_teleop) by extension 'ignore'
[1.315s] Level 1:colcon.colcon_core.package_identification:_identify(src/turtlebot3/turtlebot3_teleop) by extension 'ignore_ament_install'
[1.315s] Level 1:colcon.colcon_core.package_identification:_identify(src/turtlebot3/turtlebot3_teleop) by extensions ['colcon_pkg']
[1.315s] Level 1:colcon.colcon_core.package_identification:_identify(src/turtlebot3/turtlebot3_teleop) by extension 'colcon_pkg'
[1.315s] Level 1:colcon.colcon_core.package_identification:_identify(src/turtlebot3/turtlebot3_teleop) by extensions ['colcon_meta']
[1.315s] Level 1:colcon.colcon_core.package_identification:_identify(src/turtlebot3/turtlebot3_teleop) by extension 'colcon_meta'
[1.315s] Level 1:colcon.colcon_core.package_identification:_identify(src/turtlebot3/turtlebot3_teleop) by extensions ['ament_cargo']
[1.315s] Level 1:colcon.colcon_core.package_identification:_identify(src/turtlebot3/turtlebot3_teleop) by extension 'ament_cargo'
[1.315s] Level 1:colcon.colcon_core.package_identification:_identify(src/turtlebot3/turtlebot3_teleop) by extensions ['ros']
[1.315s] Level 1:colcon.colcon_core.package_identification:_identify(src/turtlebot3/turtlebot3_teleop) by extension 'ros'
[1.316s] DEBUG:colcon.colcon_core.package_identification:Package 'src/turtlebot3/turtlebot3_teleop' with type 'ros.ament_python' and name 'turtlebot3_teleop'
[1.316s] Level 1:colcon.colcon_core.package_identification:_identify(src/turtlebot3_msgs) by extensions ['ignore', 'ignore_ament_install']
[1.316s] Level 1:colcon.colcon_core.package_identification:_identify(src/turtlebot3_msgs) by extension 'ignore'
[1.316s] Level 1:colcon.colcon_core.package_identification:_identify(src/turtlebot3_msgs) by extension 'ignore_ament_install'
[1.316s] Level 1:colcon.colcon_core.package_identification:_identify(src/turtlebot3_msgs) by extensions ['colcon_pkg']
[1.316s] Level 1:colcon.colcon_core.package_identification:_identify(src/turtlebot3_msgs) by extension 'colcon_pkg'
[1.317s] Level 1:colcon.colcon_core.package_identification:_identify(src/turtlebot3_msgs) by extensions ['colcon_meta']
[1.317s] Level 1:colcon.colcon_core.package_identification:_identify(src/turtlebot3_msgs) by extension 'colcon_meta'
[1.317s] Level 1:colcon.colcon_core.package_identification:_identify(src/turtlebot3_msgs) by extensions ['ament_cargo']
[1.317s] Level 1:colcon.colcon_core.package_identification:_identify(src/turtlebot3_msgs) by extension 'ament_cargo'
[1.317s] Level 1:colcon.colcon_core.package_identification:_identify(src/turtlebot3_msgs) by extensions ['ros']
[1.317s] Level 1:colcon.colcon_core.package_identification:_identify(src/turtlebot3_msgs) by extension 'ros'
[1.318s] DEBUG:colcon.colcon_core.package_identification:Package 'src/turtlebot3_msgs' with type 'ros.ament_cmake' and name 'turtlebot3_msgs'
[1.318s] Level 1:colcon.colcon_core.package_identification:_identify(src/turtlebot3_ros2) by extensions ['ignore', 'ignore_ament_install']
[1.318s] Level 1:colcon.colcon_core.package_identification:_identify(src/turtlebot3_ros2) by extension 'ignore'
[1.319s] Level 1:colcon.colcon_core.package_identification:_identify(src/turtlebot3_ros2) by extension 'ignore_ament_install'
[1.319s] Level 1:colcon.colcon_core.package_identification:_identify(src/turtlebot3_ros2) by extensions ['colcon_pkg']
[1.319s] Level 1:colcon.colcon_core.package_identification:_identify(src/turtlebot3_ros2) by extension 'colcon_pkg'
[1.319s] Level 1:colcon.colcon_core.package_identification:_identify(src/turtlebot3_ros2) by extensions ['colcon_meta']
[1.319s] Level 1:colcon.colcon_core.package_identification:_identify(src/turtlebot3_ros2) by extension 'colcon_meta'
[1.319s] Level 1:colcon.colcon_core.package_identification:_identify(src/turtlebot3_ros2) by extensions ['ament_cargo']
[1.319s] Level 1:colcon.colcon_core.package_identification:_identify(src/turtlebot3_ros2) by extension 'ament_cargo'
[1.319s] Level 1:colcon.colcon_core.package_identification:_identify(src/turtlebot3_ros2) by extensions ['ros']
[1.319s] Level 1:colcon.colcon_core.package_identification:_identify(src/turtlebot3_ros2) by extension 'ros'
[1.319s] Level 1:colcon.colcon_core.package_identification:_identify(src/turtlebot3_ros2) by extensions ['cargo', 'cmake', 'python']
[1.319s] Level 1:colcon.colcon_core.package_identification:_identify(src/turtlebot3_ros2) by extension 'cargo'
[1.319s] Level 1:colcon.colcon_core.package_identification:_identify(src/turtlebot3_ros2) by extension 'cmake'
[1.319s] Level 1:colcon.colcon_core.package_identification:_identify(src/turtlebot3_ros2) by extension 'python'
[1.319s] Level 1:colcon.colcon_core.package_identification:_identify(src/turtlebot3_ros2) by extensions ['python_setup_py']
[1.319s] Level 1:colcon.colcon_core.package_identification:_identify(src/turtlebot3_ros2) by extension 'python_setup_py'
[1.319s] Level 1:colcon.colcon_core.package_identification:_identify(src/turtlebot3_ros2/turtlebot3_gazebo) by extensions ['ignore', 'ignore_ament_install']
[1.320s] Level 1:colcon.colcon_core.package_identification:_identify(src/turtlebot3_ros2/turtlebot3_gazebo) by extension 'ignore'
[1.320s] Level 1:colcon.colcon_core.package_identification:_identify(src/turtlebot3_ros2/turtlebot3_gazebo) by extension 'ignore_ament_install'
[1.320s] Level 1:colcon.colcon_core.package_identification:_identify(src/turtlebot3_ros2/turtlebot3_gazebo) by extensions ['colcon_pkg']
[1.320s] Level 1:colcon.colcon_core.package_identification:_identify(src/turtlebot3_ros2/turtlebot3_gazebo) by extension 'colcon_pkg'
[1.320s] Level 1:colcon.colcon_core.package_identification:_identify(src/turtlebot3_ros2/turtlebot3_gazebo) by extensions ['colcon_meta']
[1.320s] Level 1:colcon.colcon_core.package_identification:_identify(src/turtlebot3_ros2/turtlebot3_gazebo) by extension 'colcon_meta'
[1.320s] Level 1:colcon.colcon_core.package_identification:_identify(src/turtlebot3_ros2/turtlebot3_gazebo) by extensions ['ament_cargo']
[1.320s] Level 1:colcon.colcon_core.package_identification:_identify(src/turtlebot3_ros2/turtlebot3_gazebo) by extension 'ament_cargo'
[1.320s] Level 1:colcon.colcon_core.package_identification:_identify(src/turtlebot3_ros2/turtlebot3_gazebo) by extensions ['ros']
[1.320s] Level 1:colcon.colcon_core.package_identification:_identify(src/turtlebot3_ros2/turtlebot3_gazebo) by extension 'ros'
[1.322s] DEBUG:colcon.colcon_core.package_identification:Package 'src/turtlebot3_ros2/turtlebot3_gazebo' with type 'ros.ament_cmake' and name 'turtlebot3_gazebo'
[1.322s] Level 1:colcon.colcon_core.package_identification:_identify(src/turtlebot3_ros2/turtlebot3_simulations) by extensions ['ignore', 'ignore_ament_install']
[1.322s] Level 1:colcon.colcon_core.package_identification:_identify(src/turtlebot3_ros2/turtlebot3_simulations) by extension 'ignore'
[1.322s] Level 1:colcon.colcon_core.package_identification:_identify(src/turtlebot3_ros2/turtlebot3_simulations) by extension 'ignore_ament_install'
[1.322s] Level 1:colcon.colcon_core.package_identification:_identify(src/turtlebot3_ros2/turtlebot3_simulations) by extensions ['colcon_pkg']
[1.322s] Level 1:colcon.colcon_core.package_identification:_identify(src/turtlebot3_ros2/turtlebot3_simulations) by extension 'colcon_pkg'
[1.322s] Level 1:colcon.colcon_core.package_identification:_identify(src/turtlebot3_ros2/turtlebot3_simulations) by extensions ['colcon_meta']
[1.322s] Level 1:colcon.colcon_core.package_identification:_identify(src/turtlebot3_ros2/turtlebot3_simulations) by extension 'colcon_meta'
[1.322s] Level 1:colcon.colcon_core.package_identification:_identify(src/turtlebot3_ros2/turtlebot3_simulations) by extensions ['ament_cargo']
[1.322s] Level 1:colcon.colcon_core.package_identification:_identify(src/turtlebot3_ros2/turtlebot3_simulations) by extension 'ament_cargo'
[1.322s] Level 1:colcon.colcon_core.package_identification:_identify(src/turtlebot3_ros2/turtlebot3_simulations) by extensions ['ros']
[1.322s] Level 1:colcon.colcon_core.package_identification:_identify(src/turtlebot3_ros2/turtlebot3_simulations) by extension 'ros'
[1.323s] DEBUG:colcon.colcon_core.package_identification:Package 'src/turtlebot3_ros2/turtlebot3_simulations' with type 'ros.ament_cmake' and name 'turtlebot3_simulations'
[1.323s] Level 1:colcon.colcon_core.package_discovery:discover_packages(recursive) using defaults
[1.323s] Level 1:colcon.colcon_core.package_discovery:discover_packages(ignore) discover
[1.323s] Level 1:colcon.colcon_core.package_discovery:discover_packages(ignore) using defaults
[1.323s] Level 1:colcon.colcon_core.package_discovery:discover_packages(path) discover
[1.323s] Level 1:colcon.colcon_core.package_discovery:discover_packages(path) using defaults
[1.373s] INFO:colcon.colcon_core.package_selection:Skipping not selected package 'turtlebot3_cartographer' in 'src/turtlebot3/turtlebot3_cartographer'
[1.373s] INFO:colcon.colcon_core.package_selection:Skipping not selected package 'turtlebot3_description' in 'src/turtlebot3/turtlebot3_description'
[1.373s] INFO:colcon.colcon_core.package_selection:Skipping not selected package 'turtlebot3_msgs' in 'src/turtlebot3_msgs'
[1.373s] INFO:colcon.colcon_core.package_selection:Skipping not selected package 'turtlebot3_navigation2' in 'src/turtlebot3/turtlebot3_navigation2'
[1.373s] INFO:colcon.colcon_core.package_selection:Skipping not selected package 'turtlebot3_teleop' in 'src/turtlebot3/turtlebot3_teleop'
[1.373s] INFO:colcon.colcon_core.package_selection:Skipping not selected package 'turtlebot3_example' in 'src/turtlebot3/turtlebot3_example'
[1.373s] INFO:colcon.colcon_core.package_selection:Skipping not selected package 'turtlebot3_node' in 'src/turtlebot3/turtlebot3_node'
[1.373s] INFO:colcon.colcon_core.package_selection:Skipping not selected package 'turtlebot3_simulations' in 'src/turtlebot3_ros2/turtlebot3_simulations'
[1.373s] INFO:colcon.colcon_core.package_selection:Skipping not selected package 'turtlebot3_bringup' in 'src/turtlebot3/turtlebot3_bringup'
[1.373s] INFO:colcon.colcon_core.package_selection:Skipping not selected package 'turtlebot3' in 'src/turtlebot3/turtlebot3'
[1.376s] Level 5:colcon.colcon_core.verb:set package 'turtlebot3_gazebo' build argument 'lookup_in_workspace' from command line to 'False'
[1.376s] Level 5:colcon.colcon_core.verb:set package 'turtlebot3_gazebo' build argument 'cargo_args' from command line to 'None'
[1.376s] Level 5:colcon.colcon_core.verb:set package 'turtlebot3_gazebo' build argument 'clean_build' from command line to 'False'
[1.377s] Level 5:colcon.colcon_core.verb:set package 'turtlebot3_gazebo' build argument 'cmake_args' from command line to 'None'
[1.377s] Level 5:colcon.colcon_core.verb:set package 'turtlebot3_gazebo' build argument 'cmake_target' from command line to 'None'
[1.377s] Level 5:colcon.colcon_core.verb:set package 'turtlebot3_gazebo' build argument 'cmake_target_skip_unavailable' from command line to 'False'
[1.377s] Level 5:colcon.colcon_core.verb:set package 'turtlebot3_gazebo' build argument 'cmake_clean_cache' from command line to 'False'
[1.377s] Level 5:colcon.colcon_core.verb:set package 'turtlebot3_gazebo' build argument 'cmake_clean_first' from command line to 'False'
[1.377s] Level 5:colcon.colcon_core.verb:set package 'turtlebot3_gazebo' build argument 'cmake_force_configure' from command line to 'False'
[1.377s] Level 5:colcon.colcon_core.verb:set package 'turtlebot3_gazebo' build argument 'ament_cmake_args' from command line to 'None'
[1.377s] Level 5:colcon.colcon_core.verb:set package 'turtlebot3_gazebo' build argument 'catkin_cmake_args' from command line to 'None'
[1.377s] Level 5:colcon.colcon_core.verb:set package 'turtlebot3_gazebo' build argument 'catkin_skip_building_tests' from command line to 'False'
[1.377s] DEBUG:colcon.colcon_core.verb:Building package 'turtlebot3_gazebo' with the following arguments: {'ament_cmake_args': None, 'build_base': '/home/user/simulation_ws/build/turtlebot3_gazebo', 'cargo_args': None, 'catkin_cmake_args': None, 'catkin_skip_building_tests': False, 'clean_build': False, 'cmake_args': None, 'cmake_clean_cache': False, 'cmake_clean_first': False, 'cmake_force_configure': False, 'cmake_target': None, 'cmake_target_skip_unavailable': False, 'install_base': '/home/user/simulation_ws/install/turtlebot3_gazebo', 'lookup_in_workspace': False, 'merge_install': False, 'path': '/home/user/simulation_ws/src/turtlebot3_ros2/turtlebot3_gazebo', 'symlink_install': False, 'test_result_base': None}
[1.378s] INFO:colcon.colcon_core.executor:Executing jobs using 'parallel' executor
[1.381s] DEBUG:colcon.colcon_parallel_executor.executor.parallel:run_until_complete
[1.382s] INFO:colcon.colcon_ros.task.ament_cmake.build:Building ROS package in '/home/user/simulation_ws/src/turtlebot3_ros2/turtlebot3_gazebo' with build type 'ament_cmake'
[1.382s] INFO:colcon.colcon_cmake.task.cmake.build:Building CMake package in '/home/user/simulation_ws/src/turtlebot3_ros2/turtlebot3_gazebo'
[1.396s] INFO:colcon.colcon_core.plugin_system:Skipping extension 'colcon_core.shell.bat': Not used on non-Windows systems
[1.396s] INFO:colcon.colcon_core.shell:Skip shell extension 'powershell' for command environment: Not usable outside of PowerShell
[1.396s] DEBUG:colcon.colcon_core.shell:Skip shell extension 'dsv' for command environment
[1.400s] WARNING:colcon.colcon_ros.prefix_path.ament:The path '/home/user/simulation_ws/install/turtlebot3_teleop' in the environment variable AMENT_PREFIX_PATH doesn't exist
[1.401s] WARNING:colcon.colcon_ros.prefix_path.ament:The path '/home/user/simulation_ws/install/turtlebot3_navigation2' in the environment variable AMENT_PREFIX_PATH doesn't exist
[1.401s] WARNING:colcon.colcon_ros.prefix_path.ament:The path '/home/user/simulation_ws/install/turtlebot3_example' in the environment variable AMENT_PREFIX_PATH doesn't exist
[1.401s] WARNING:colcon.colcon_ros.prefix_path.ament:The path '/home/user/simulation_ws/install/turtlebot3_msgs' in the environment variable AMENT_PREFIX_PATH doesn't exist
[1.401s] WARNING:colcon.colcon_ros.prefix_path.ament:The path '/home/user/simulation_ws/install/turtlebot3_description' in the environment variable AMENT_PREFIX_PATH doesn't exist
[1.401s] WARNING:colcon.colcon_ros.prefix_path.ament:The path '/home/user/simulation_ws/install/turtlebot3_cartographer' in the environment variable AMENT_PREFIX_PATH doesn't exist
[1.402s] WARNING:colcon.colcon_ros.prefix_path.catkin:The path '/home/user/simulation_ws/install/turtlebot3_navigation2' in the environment variable CMAKE_PREFIX_PATH doesn't exist
[1.402s] WARNING:colcon.colcon_ros.prefix_path.catkin:The path '/home/user/simulation_ws/install/turtlebot3_msgs' in the environment variable CMAKE_PREFIX_PATH doesn't exist
[1.402s] WARNING:colcon.colcon_ros.prefix_path.catkin:The path '/home/user/simulation_ws/install/turtlebot3_description' in the environment variable CMAKE_PREFIX_PATH doesn't exist
[1.403s] WARNING:colcon.colcon_ros.prefix_path.catkin:The path '/home/user/simulation_ws/install/turtlebot3_cartographer' in the environment variable CMAKE_PREFIX_PATH doesn't exist
[1.426s] DEBUG:colcon.colcon_core.event_handler.log_command:Invoking command in '/home/user/simulation_ws/build/turtlebot3_gazebo': CMAKE_PREFIX_PATH=${CMAKE_PREFIX_PATH}:/home/user/simulation_ws/install/turtlebot3_teleop:/home/user/simulation_ws/install/turtlebot3_example:/home/simulations/ros2_sims_ws/install/rclrs_tests:/home/simulations/ros2_sims_ws/install/examples_rclrs_minimal_client_service:/home/simulations/ros2_sims_ws/install/sensor_msgs_py:/home/simulations/ros2_sims_ws/install/examples_rclrs_minimal_pub_sub:/home/simulations/ros2_sims_ws/install/examples_rclrs_message_demo:/home/simulations/ros2_sims_ws/install/rclrs:/home/simulations/ros2_sims_ws/install/rosidl_runtime_rs:/opt/ros/humble _=/usr/bin/env /usr/bin/cmake --build /home/user/simulation_ws/build/turtlebot3_gazebo -- -j8 -l8
[31.102s] DEBUG:colcon.colcon_core.event_handler.log_command:Invoked command in '/home/user/simulation_ws/build/turtlebot3_gazebo' returned '0': CMAKE_PREFIX_PATH=${CMAKE_PREFIX_PATH}:/home/user/simulation_ws/install/turtlebot3_teleop:/home/user/simulation_ws/install/turtlebot3_example:/home/simulations/ros2_sims_ws/install/rclrs_tests:/home/simulations/ros2_sims_ws/install/examples_rclrs_minimal_client_service:/home/simulations/ros2_sims_ws/install/sensor_msgs_py:/home/simulations/ros2_sims_ws/install/examples_rclrs_minimal_pub_sub:/home/simulations/ros2_sims_ws/install/examples_rclrs_message_demo:/home/simulations/ros2_sims_ws/install/rclrs:/home/simulations/ros2_sims_ws/install/rosidl_runtime_rs:/opt/ros/humble _=/usr/bin/env /usr/bin/cmake --build /home/user/simulation_ws/build/turtlebot3_gazebo -- -j8 -l8
[31.212s] DEBUG:colcon.colcon_core.event_handler.log_command:Invoking command in '/home/user/simulation_ws/build/turtlebot3_gazebo': CMAKE_PREFIX_PATH=${CMAKE_PREFIX_PATH}:/home/user/simulation_ws/install/turtlebot3_teleop:/home/user/simulation_ws/install/turtlebot3_example:/home/simulations/ros2_sims_ws/install/rclrs_tests:/home/simulations/ros2_sims_ws/install/examples_rclrs_minimal_client_service:/home/simulations/ros2_sims_ws/install/sensor_msgs_py:/home/simulations/ros2_sims_ws/install/examples_rclrs_minimal_pub_sub:/home/simulations/ros2_sims_ws/install/examples_rclrs_message_demo:/home/simulations/ros2_sims_ws/install/rclrs:/home/simulations/ros2_sims_ws/install/rosidl_runtime_rs:/opt/ros/humble _=/usr/bin/env /usr/bin/cmake --install /home/user/simulation_ws/build/turtlebot3_gazebo
[34.485s] Level 1:colcon.colcon_core.environment:create_environment_scripts_only(turtlebot3_gazebo)
[34.486s] DEBUG:colcon.colcon_core.event_handler.log_command:Invoked command in '/home/user/simulation_ws/build/turtlebot3_gazebo' returned '0': CMAKE_PREFIX_PATH=${CMAKE_PREFIX_PATH}:/home/user/simulation_ws/install/turtlebot3_teleop:/home/user/simulation_ws/install/turtlebot3_example:/home/simulations/ros2_sims_ws/install/rclrs_tests:/home/simulations/ros2_sims_ws/install/examples_rclrs_minimal_client_service:/home/simulations/ros2_sims_ws/install/sensor_msgs_py:/home/simulations/ros2_sims_ws/install/examples_rclrs_minimal_pub_sub:/home/simulations/ros2_sims_ws/install/examples_rclrs_message_demo:/home/simulations/ros2_sims_ws/install/rclrs:/home/simulations/ros2_sims_ws/install/rosidl_runtime_rs:/opt/ros/humble _=/usr/bin/env /usr/bin/cmake --install /home/user/simulation_ws/build/turtlebot3_gazebo
[34.492s] Level 1:colcon.colcon_core.environment:checking '/home/user/simulation_ws/install/turtlebot3_gazebo' for CMake module files
[34.492s] Level 1:colcon.colcon_core.environment:checking '/home/user/simulation_ws/install/turtlebot3_gazebo' for CMake config files
[34.493s] Level 1:colcon.colcon_core.shell:create_environment_hook('turtlebot3_gazebo', 'cmake_prefix_path')
[34.495s] INFO:colcon.colcon_core.shell:Creating environment hook '/home/user/simulation_ws/install/turtlebot3_gazebo/share/turtlebot3_gazebo/hook/cmake_prefix_path.ps1'
[34.496s] INFO:colcon.colcon_core.shell:Creating environment descriptor '/home/user/simulation_ws/install/turtlebot3_gazebo/share/turtlebot3_gazebo/hook/cmake_prefix_path.dsv'
[34.497s] INFO:colcon.colcon_core.shell:Creating environment hook '/home/user/simulation_ws/install/turtlebot3_gazebo/share/turtlebot3_gazebo/hook/cmake_prefix_path.sh'
[34.498s] Level 1:colcon.colcon_core.environment:checking '/home/user/simulation_ws/install/turtlebot3_gazebo/lib'
[34.498s] Level 1:colcon.colcon_core.environment:checking '/home/user/simulation_ws/install/turtlebot3_gazebo/bin'
[34.498s] Level 1:colcon.colcon_core.environment:checking '/home/user/simulation_ws/install/turtlebot3_gazebo/lib/pkgconfig/turtlebot3_gazebo.pc'
[34.501s] Level 1:colcon.colcon_core.environment:checking '/home/user/simulation_ws/install/turtlebot3_gazebo/lib/python3.10/site-packages'
[34.501s] Level 1:colcon.colcon_core.environment:checking '/home/user/simulation_ws/install/turtlebot3_gazebo/bin'
[34.503s] INFO:colcon.colcon_core.shell:Creating package script '/home/user/simulation_ws/install/turtlebot3_gazebo/share/turtlebot3_gazebo/package.ps1'
[34.504s] INFO:colcon.colcon_core.shell:Creating package descriptor '/home/user/simulation_ws/install/turtlebot3_gazebo/share/turtlebot3_gazebo/package.dsv'
[34.505s] INFO:colcon.colcon_core.shell:Creating package script '/home/user/simulation_ws/install/turtlebot3_gazebo/share/turtlebot3_gazebo/package.sh'
[34.506s] INFO:colcon.colcon_core.shell:Creating package script '/home/user/simulation_ws/install/turtlebot3_gazebo/share/turtlebot3_gazebo/package.bash'
[34.507s] INFO:colcon.colcon_core.shell:Creating package script '/home/user/simulation_ws/install/turtlebot3_gazebo/share/turtlebot3_gazebo/package.zsh'
[34.508s] Level 1:colcon.colcon_core.environment:create_file_with_runtime_dependencies(/home/user/simulation_ws/install/turtlebot3_gazebo/share/colcon-core/packages/turtlebot3_gazebo)
[34.609s] Level 1:colcon.colcon_core.environment:create_environment_scripts_only(turtlebot3_gazebo)
[34.612s] Level 1:colcon.colcon_core.environment:checking '/home/user/simulation_ws/install/turtlebot3_gazebo' for CMake module files
[34.613s] Level 1:colcon.colcon_core.environment:checking '/home/user/simulation_ws/install/turtlebot3_gazebo' for CMake config files
[34.614s] Level 1:colcon.colcon_core.shell:create_environment_hook('turtlebot3_gazebo', 'cmake_prefix_path')
[34.615s] INFO:colcon.colcon_core.shell:Creating environment hook '/home/user/simulation_ws/install/turtlebot3_gazebo/share/turtlebot3_gazebo/hook/cmake_prefix_path.ps1'
[34.616s] INFO:colcon.colcon_core.shell:Creating environment descriptor '/home/user/simulation_ws/install/turtlebot3_gazebo/share/turtlebot3_gazebo/hook/cmake_prefix_path.dsv'
[34.617s] INFO:colcon.colcon_core.shell:Creating environment hook '/home/user/simulation_ws/install/turtlebot3_gazebo/share/turtlebot3_gazebo/hook/cmake_prefix_path.sh'
[34.617s] Level 1:colcon.colcon_core.environment:checking '/home/user/simulation_ws/install/turtlebot3_gazebo/lib'
[34.617s] Level 1:colcon.colcon_core.environment:checking '/home/user/simulation_ws/install/turtlebot3_gazebo/bin'
[34.618s] Level 1:colcon.colcon_core.environment:checking '/home/user/simulation_ws/install/turtlebot3_gazebo/lib/pkgconfig/turtlebot3_gazebo.pc'
[34.618s] Level 1:colcon.colcon_core.environment:checking '/home/user/simulation_ws/install/turtlebot3_gazebo/lib/python3.10/site-packages'
[34.618s] Level 1:colcon.colcon_core.environment:checking '/home/user/simulation_ws/install/turtlebot3_gazebo/bin'
[34.620s] INFO:colcon.colcon_core.shell:Creating package script '/home/user/simulation_ws/install/turtlebot3_gazebo/share/turtlebot3_gazebo/package.ps1'
[34.621s] INFO:colcon.colcon_core.shell:Creating package descriptor '/home/user/simulation_ws/install/turtlebot3_gazebo/share/turtlebot3_gazebo/package.dsv'
[34.621s] INFO:colcon.colcon_core.shell:Creating package script '/home/user/simulation_ws/install/turtlebot3_gazebo/share/turtlebot3_gazebo/package.sh'
[34.622s] INFO:colcon.colcon_core.shell:Creating package script '/home/user/simulation_ws/install/turtlebot3_gazebo/share/turtlebot3_gazebo/package.bash'
[34.623s] INFO:colcon.colcon_core.shell:Creating package script '/home/user/simulation_ws/install/turtlebot3_gazebo/share/turtlebot3_gazebo/package.zsh'
[34.623s] Level 1:colcon.colcon_core.environment:create_file_with_runtime_dependencies(/home/user/simulation_ws/install/turtlebot3_gazebo/share/colcon-core/packages/turtlebot3_gazebo)
[34.624s] DEBUG:colcon.colcon_parallel_executor.executor.parallel:closing loop
[34.624s] DEBUG:colcon.colcon_parallel_executor.executor.parallel:loop closed
[34.625s] DEBUG:colcon.colcon_parallel_executor.executor.parallel:run_until_complete finished with '0'
[34.625s] DEBUG:colcon.colcon_core.event_reactor:joining thread
[34.633s] INFO:colcon.colcon_core.plugin_system:Skipping extension 'colcon_notification.desktop_notification.notify_send': Could not find 'notify-send'
[34.633s] INFO:colcon.colcon_core.plugin_system:Skipping extension 'colcon_notification.desktop_notification.terminal_notifier': Not used on non-Darwin systems
[34.633s] INFO:colcon.colcon_core.plugin_system:Skipping extension 'colcon_notification.desktop_notification.win32': Not used on non-Windows systems
[34.633s] INFO:colcon.colcon_notification.desktop_notification:Sending desktop notification using 'notify2'
[34.636s] DEBUG:colcon.colcon_notification.desktop_notification.notify2:Failed to initialize notify2: org.freedesktop.DBus.Error.Spawn.ExecFailed: /usr/bin/dbus-launch terminated abnormally without any error message
[34.636s] DEBUG:colcon.colcon_core.event_reactor:joined thread
[34.639s] INFO:colcon.colcon_core.shell:Creating prefix script '/home/user/simulation_ws/install/local_setup.ps1'
[34.640s] INFO:colcon.colcon_core.shell:Creating prefix util module '/home/user/simulation_ws/install/_local_setup_util_ps1.py'
[34.641s] INFO:colcon.colcon_core.shell:Creating prefix chain script '/home/user/simulation_ws/install/setup.ps1'
[34.645s] INFO:colcon.colcon_core.shell:Creating prefix script '/home/user/simulation_ws/install/local_setup.sh'
[34.645s] INFO:colcon.colcon_core.shell:Creating prefix util module '/home/user/simulation_ws/install/_local_setup_util_sh.py'
[34.646s] INFO:colcon.colcon_core.shell:Creating prefix chain script '/home/user/simulation_ws/install/setup.sh'
[34.649s] INFO:colcon.colcon_core.shell:Creating prefix script '/home/user/simulation_ws/install/local_setup.bash'
[34.649s] INFO:colcon.colcon_core.shell:Creating prefix chain script '/home/user/simulation_ws/install/setup.bash'
[34.652s] INFO:colcon.colcon_core.shell:Creating prefix script '/home/user/simulation_ws/install/local_setup.zsh'
[34.653s] INFO:colcon.colcon_core.shell:Creating prefix chain script '/home/user/simulation_ws/install/setup.zsh'
