[5.488s] Invoking command in '/home/user/ros2_ws/src/project_path_planning': PYTHONPATH=/home/user/ros2_ws/build/project_path_planning/prefix_override:/home/user/ros2_ws/install/project_path_planning/lib/python3.10/site-packages:${PYTHONPATH} _=/usr/bin/env /usr/bin/python3 setup.py egg_info --egg-base ../../build/project_path_planning build --build-base /home/user/ros2_ws/build/project_path_planning/build install --record /home/user/ros2_ws/build/project_path_planning/install.log --single-version-externally-managed
[6.788s] running egg_info
[6.789s] creating ../../build/project_path_planning/project_path_planning.egg-info
[6.790s] writing ../../build/project_path_planning/project_path_planning.egg-info/PKG-INFO
[6.790s] writing dependency_links to ../../build/project_path_planning/project_path_planning.egg-info/dependency_links.txt
[6.792s] writing entry points to ../../build/project_path_planning/project_path_planning.egg-info/entry_points.txt
[6.792s] writing requirements to ../../build/project_path_planning/project_path_planning.egg-info/requires.txt
[6.792s] writing top-level names to ../../build/project_path_planning/project_path_planning.egg-info/top_level.txt
[6.793s] writing manifest file '../../build/project_path_planning/project_path_planning.egg-info/SOURCES.txt'
[6.797s] reading manifest file '../../build/project_path_planning/project_path_planning.egg-info/SOURCES.txt'
[6.800s] writing manifest file '../../build/project_path_planning/project_path_planning.egg-info/SOURCES.txt'
[6.801s] running build
[6.801s] running build_py
[6.841s] creating /home/user/ros2_ws/build/project_path_planning/build
[6.841s] creating /home/user/ros2_ws/build/project_path_planning/build/lib
[6.841s] creating /home/user/ros2_ws/build/project_path_planning/build/lib/project_path_planning
[6.841s] copying project_path_planning/__init__.py -> /home/user/ros2_ws/build/project_path_planning/build/lib/project_path_planning
[6.842s] running install
[6.842s] /usr/lib/python3/dist-packages/setuptools/command/install.py:34: SetuptoolsDeprecationWarning: setup.py install is deprecated. Use build and pip and other standards-based tools.
[6.843s]   warnings.warn(
[6.843s] running install_lib
[6.843s] creating /home/user/ros2_ws/install/project_path_planning/lib/python3.10/site-packages/project_path_planning
[6.843s] copying /home/user/ros2_ws/build/project_path_planning/build/lib/project_path_planning/__init__.py -> /home/user/ros2_ws/install/project_path_planning/lib/python3.10/site-packages/project_path_planning
[6.850s] byte-compiling /home/user/ros2_ws/install/project_path_planning/lib/python3.10/site-packages/project_path_planning/__init__.py to __init__.cpython-310.pyc
[6.850s] running install_data
[6.856s] creating /home/user/ros2_ws/install/project_path_planning/share/ament_index
[6.857s] creating /home/user/ros2_ws/install/project_path_planning/share/ament_index/resource_index
[6.857s] creating /home/user/ros2_ws/install/project_path_planning/share/ament_index/resource_index/packages
[6.857s] copying resource/project_path_planning -> /home/user/ros2_ws/install/project_path_planning/share/ament_index/resource_index/packages
[6.858s] copying package.xml -> /home/user/ros2_ws/install/project_path_planning/share/project_path_planning
[6.858s] running install_egg_info
[6.862s] Copying ../../build/project_path_planning/project_path_planning.egg-info to /home/user/ros2_ws/install/project_path_planning/lib/python3.10/site-packages/project_path_planning-0.0.0-py3.10.egg-info
[6.864s] running install_scripts
[6.947s] writing list of installed files to '/home/user/ros2_ws/build/project_path_planning/install.log'
[7.045s] Invoked command in '/home/user/ros2_ws/src/project_path_planning' returned '0': PYTHONPATH=/home/user/ros2_ws/build/project_path_planning/prefix_override:/home/user/ros2_ws/install/project_path_planning/lib/python3.10/site-packages:${PYTHONPATH} _=/usr/bin/env /usr/bin/python3 setup.py egg_info --egg-base ../../build/project_path_planning build --build-base /home/user/ros2_ws/build/project_path_planning/build install --record /home/user/ros2_ws/build/project_path_planning/install.log --single-version-externally-managed
