[7.493s] Invoking command in '/home/user/ros2_ws/src/project_path_planning': PYTHONPATH=/home/user/ros2_ws/build/project_path_planning/prefix_override:/home/user/ros2_ws/install/project_path_planning/lib/python3.10/site-packages:${PYTHONPATH} _=/usr/bin/env /usr/bin/python3 setup.py egg_info --egg-base ../../build/project_path_planning build --build-base /home/user/ros2_ws/build/project_path_planning/build install --record /home/user/ros2_ws/build/project_path_planning/install.log --single-version-externally-managed
[8.987s] running egg_info
[8.987s] writing ../../build/project_path_planning/project_path_planning.egg-info/PKG-INFO
[8.989s] writing dependency_links to ../../build/project_path_planning/project_path_planning.egg-info/dependency_links.txt
[8.989s] writing entry points to ../../build/project_path_planning/project_path_planning.egg-info/entry_points.txt
[8.990s] writing requirements to ../../build/project_path_planning/project_path_planning.egg-info/requires.txt
[8.990s] writing top-level names to ../../build/project_path_planning/project_path_planning.egg-info/top_level.txt
[8.995s] reading manifest file '../../build/project_path_planning/project_path_planning.egg-info/SOURCES.txt'
[8.999s] writing manifest file '../../build/project_path_planning/project_path_planning.egg-info/SOURCES.txt'
[8.999s] running build
[8.999s] running build_py
[8.999s] copying project_path_planning/action_client.py -> /home/user/ros2_ws/build/project_path_planning/build/lib/project_path_planning
[8.999s] running install
[9.000s] running install_lib
[9.001s] /usr/lib/python3/dist-packages/setuptools/command/install.py:34: SetuptoolsDeprecationWarning: setup.py install is deprecated. Use build and pip and other standards-based tools.
[9.001s]   warnings.warn(
[9.002s] copying /home/user/ros2_ws/build/project_path_planning/build/lib/project_path_planning/action_client.py -> /home/user/ros2_ws/install/project_path_planning/lib/python3.10/site-packages/project_path_planning
[9.004s] byte-compiling /home/user/ros2_ws/install/project_path_planning/lib/python3.10/site-packages/project_path_planning/action_client.py to action_client.cpython-310.pyc
[9.009s] running install_data
[9.010s] copying launch/action_client.launch.py -> /home/user/ros2_ws/install/project_path_planning/share/project_path_planning/launch
[9.011s] copying config/project_params.yaml -> /home/user/ros2_ws/install/project_path_planning/share/project_path_planning/config
[9.011s] running install_egg_info
[9.015s] removing '/home/user/ros2_ws/install/project_path_planning/lib/python3.10/site-packages/project_path_planning-0.0.0-py3.10.egg-info' (and everything under it)
[9.015s] Copying ../../build/project_path_planning/project_path_planning.egg-info to /home/user/ros2_ws/install/project_path_planning/lib/python3.10/site-packages/project_path_planning-0.0.0-py3.10.egg-info
[9.017s] running install_scripts
[9.214s] Installing navigate_to_pose script to /home/user/ros2_ws/install/project_path_planning/lib/project_path_planning
[9.214s] Installing spot_recorder script to /home/user/ros2_ws/install/project_path_planning/lib/project_path_planning
[9.217s] writing list of installed files to '/home/user/ros2_ws/build/project_path_planning/install.log'
[9.406s] Invoked command in '/home/user/ros2_ws/src/project_path_planning' returned '0': PYTHONPATH=/home/user/ros2_ws/build/project_path_planning/prefix_override:/home/user/ros2_ws/install/project_path_planning/lib/python3.10/site-packages:${PYTHONPATH} _=/usr/bin/env /usr/bin/python3 setup.py egg_info --egg-base ../../build/project_path_planning build --build-base /home/user/ros2_ws/build/project_path_planning/build install --record /home/user/ros2_ws/build/project_path_planning/install.log --single-version-externally-managed
