[0.110s] Invoking command in '/home/user/ros2_ws/build/custom_interfaces': CMAKE_PREFIX_PATH=${CMAKE_PREFIX_PATH}:/home/simulations/ros2_sims_ws/install/rclrs_tests:/home/simulations/ros2_sims_ws/install/examples_rclrs_minimal_client_service:/home/simulations/ros2_sims_ws/install/sensor_msgs_py:/home/simulations/ros2_sims_ws/install/examples_rclrs_minimal_pub_sub:/home/simulations/ros2_sims_ws/install/examples_rclrs_message_demo:/home/simulations/ros2_sims_ws/install/rclrs:/home/simulations/ros2_sims_ws/install/rosidl_runtime_rs:/home/user/ros2_ws/install/project_mapping:/home/user/ros2_ws/install/project_localization:/opt/ros/humble _=/usr/bin/env /usr/bin/cmake --build /home/user/ros2_ws/build/custom_interfaces -- -j8 -l8
[0.606s] [  3%] [34m[1mGenerating Rust code for ROS interfaces[0m
[2.104s] [  3%] Built target custom_interfaces__rs
[2.260s] [  3%] Built target ament_cmake_python_copy_custom_interfaces
[2.320s] [  6%] Built target custom_interfaces__cpp
[3.607s] running egg_info
[3.609s] writing custom_interfaces.egg-info/PKG-INFO
[3.610s] writing dependency_links to custom_interfaces.egg-info/dependency_links.txt
[3.610s] writing top-level names to custom_interfaces.egg-info/top_level.txt
[3.614s] reading manifest file 'custom_interfaces.egg-info/SOURCES.txt'
[3.614s] writing manifest file 'custom_interfaces.egg-info/SOURCES.txt'
[3.860s] [  6%] Built target ament_cmake_python_build_custom_interfaces_egg
[4.007s] [ 15%] Built target custom_interfaces__rosidl_typesupport_cpp
[4.303s] [ 25%] Built target custom_interfaces__rosidl_typesupport_introspection_cpp
[4.356s] [ 34%] Built target custom_interfaces__rosidl_typesupport_fastrtps_cpp
[4.575s] [ 43%] Built target custom_interfaces__rosidl_generator_c
[4.634s] [ 53%] Built target custom_interfaces__rosidl_typesupport_fastrtps_c
[4.807s] [ 62%] Built target custom_interfaces__rosidl_typesupport_c
[4.908s] [ 71%] Built target custom_interfaces__rosidl_typesupport_introspection_c
[5.015s] [ 71%] Built target custom_interfaces
[5.188s] [ 75%] Built target custom_interfaces__py
[5.394s] [ 81%] Built target custom_interfaces__rosidl_generator_py
[5.438s] [ 87%] Built target custom_interfaces__rosidl_typesupport_fastrtps_c__pyext
[5.580s] [ 93%] Built target custom_interfaces__rosidl_typesupport_c__pyext
[5.712s] [100%] Built target custom_interfaces__rosidl_typesupport_introspection_c__pyext
[5.789s] Invoked command in '/home/user/ros2_ws/build/custom_interfaces' returned '0': CMAKE_PREFIX_PATH=${CMAKE_PREFIX_PATH}:/home/simulations/ros2_sims_ws/install/rclrs_tests:/home/simulations/ros2_sims_ws/install/examples_rclrs_minimal_client_service:/home/simulations/ros2_sims_ws/install/sensor_msgs_py:/home/simulations/ros2_sims_ws/install/examples_rclrs_minimal_pub_sub:/home/simulations/ros2_sims_ws/install/examples_rclrs_message_demo:/home/simulations/ros2_sims_ws/install/rclrs:/home/simulations/ros2_sims_ws/install/rosidl_runtime_rs:/home/user/ros2_ws/install/project_mapping:/home/user/ros2_ws/install/project_localization:/opt/ros/humble _=/usr/bin/env /usr/bin/cmake --build /home/user/ros2_ws/build/custom_interfaces -- -j8 -l8
[6.679s] Invoking command in '/home/user/ros2_ws/build/custom_interfaces': CMAKE_PREFIX_PATH=${CMAKE_PREFIX_PATH}:/home/simulations/ros2_sims_ws/install/rclrs_tests:/home/simulations/ros2_sims_ws/install/examples_rclrs_minimal_client_service:/home/simulations/ros2_sims_ws/install/sensor_msgs_py:/home/simulations/ros2_sims_ws/install/examples_rclrs_minimal_pub_sub:/home/simulations/ros2_sims_ws/install/examples_rclrs_message_demo:/home/simulations/ros2_sims_ws/install/rclrs:/home/simulations/ros2_sims_ws/install/rosidl_runtime_rs:/home/user/ros2_ws/install/project_mapping:/home/user/ros2_ws/install/project_localization:/opt/ros/humble _=/usr/bin/env /usr/bin/cmake --install /home/user/ros2_ws/build/custom_interfaces
[6.716s] -- Install configuration: ""
[6.716s] -- Up-to-date: /home/user/ros2_ws/install/custom_interfaces/share/ament_index/resource_index/rosidl_interfaces/custom_interfaces
[6.717s] -- Up-to-date: /home/user/ros2_ws/install/custom_interfaces/include/custom_interfaces/custom_interfaces
[6.717s] -- Up-to-date: /home/user/ros2_ws/install/custom_interfaces/include/custom_interfaces/custom_interfaces/srv
[6.717s] -- Up-to-date: /home/user/ros2_ws/install/custom_interfaces/include/custom_interfaces/custom_interfaces/srv/detail
[6.717s] -- Up-to-date: /home/user/ros2_ws/install/custom_interfaces/include/custom_interfaces/custom_interfaces/srv/detail/my_service_message__struct.h
[6.717s] -- Up-to-date: /home/user/ros2_ws/install/custom_interfaces/include/custom_interfaces/custom_interfaces/srv/detail/my_service_message__functions.c
[6.717s] -- Up-to-date: /home/user/ros2_ws/install/custom_interfaces/include/custom_interfaces/custom_interfaces/srv/detail/my_service_message__functions.h
[6.717s] -- Up-to-date: /home/user/ros2_ws/install/custom_interfaces/include/custom_interfaces/custom_interfaces/srv/detail/my_service_message__type_support.h
[6.717s] -- Up-to-date: /home/user/ros2_ws/install/custom_interfaces/include/custom_interfaces/custom_interfaces/srv/my_service_message.h
[6.718s] -- Up-to-date: /home/user/ros2_ws/install/custom_interfaces/include/custom_interfaces/custom_interfaces/msg
[6.718s] -- Up-to-date: /home/user/ros2_ws/install/custom_interfaces/include/custom_interfaces/custom_interfaces/msg/rosidl_generator_c__visibility_control.h
[6.718s] -- Up-to-date: /home/user/ros2_ws/install/custom_interfaces/share/custom_interfaces/environment/library_path.sh
[6.718s] -- Up-to-date: /home/user/ros2_ws/install/custom_interfaces/share/custom_interfaces/environment/library_path.dsv
[6.718s] -- Up-to-date: /home/user/ros2_ws/install/custom_interfaces/lib/libcustom_interfaces__rosidl_generator_c.so
[6.718s] -- Up-to-date: /home/user/ros2_ws/install/custom_interfaces/include/custom_interfaces/custom_interfaces
[6.718s] -- Up-to-date: /home/user/ros2_ws/install/custom_interfaces/include/custom_interfaces/custom_interfaces/srv
[6.718s] -- Up-to-date: /home/user/ros2_ws/install/custom_interfaces/include/custom_interfaces/custom_interfaces/srv/detail
[6.719s] -- Up-to-date: /home/user/ros2_ws/install/custom_interfaces/include/custom_interfaces/custom_interfaces/srv/detail/my_service_message__rosidl_typesupport_fastrtps_c.h
[6.719s] -- Up-to-date: /home/user/ros2_ws/install/custom_interfaces/include/custom_interfaces/custom_interfaces/msg
[6.719s] -- Up-to-date: /home/user/ros2_ws/install/custom_interfaces/include/custom_interfaces/custom_interfaces/msg/rosidl_typesupport_fastrtps_c__visibility_control.h
[6.719s] -- Up-to-date: /home/user/ros2_ws/install/custom_interfaces/lib/libcustom_interfaces__rosidl_typesupport_fastrtps_c.so
[6.719s] -- Up-to-date: /home/user/ros2_ws/install/custom_interfaces/include/custom_interfaces/custom_interfaces
[6.719s] -- Up-to-date: /home/user/ros2_ws/install/custom_interfaces/include/custom_interfaces/custom_interfaces/srv
[6.719s] -- Up-to-date: /home/user/ros2_ws/install/custom_interfaces/include/custom_interfaces/custom_interfaces/srv/detail
[6.719s] -- Up-to-date: /home/user/ros2_ws/install/custom_interfaces/include/custom_interfaces/custom_interfaces/srv/detail/my_service_message__rosidl_typesupport_introspection_c.h
[6.719s] -- Up-to-date: /home/user/ros2_ws/install/custom_interfaces/include/custom_interfaces/custom_interfaces/srv/detail/my_service_message__type_support.c
[6.719s] -- Up-to-date: /home/user/ros2_ws/install/custom_interfaces/include/custom_interfaces/custom_interfaces/msg
[6.720s] -- Up-to-date: /home/user/ros2_ws/install/custom_interfaces/include/custom_interfaces/custom_interfaces/msg/rosidl_typesupport_introspection_c__visibility_control.h
[6.720s] -- Up-to-date: /home/user/ros2_ws/install/custom_interfaces/lib/libcustom_interfaces__rosidl_typesupport_introspection_c.so
[6.720s] -- Up-to-date: /home/user/ros2_ws/install/custom_interfaces/lib/libcustom_interfaces__rosidl_typesupport_c.so
[6.720s] -- Up-to-date: /home/user/ros2_ws/install/custom_interfaces/include/custom_interfaces/custom_interfaces
[6.760s] -- Up-to-date: /home/user/ros2_ws/install/custom_interfaces/include/custom_interfaces/custom_interfaces/srv
[6.760s] -- Up-to-date: /home/user/ros2_ws/install/custom_interfaces/include/custom_interfaces/custom_interfaces/srv/detail
[6.761s] -- Up-to-date: /home/user/ros2_ws/install/custom_interfaces/include/custom_interfaces/custom_interfaces/srv/detail/my_service_message__traits.hpp
[6.761s] -- Up-to-date: /home/user/ros2_ws/install/custom_interfaces/include/custom_interfaces/custom_interfaces/srv/detail/my_service_message__builder.hpp
[6.761s] -- Up-to-date: /home/user/ros2_ws/install/custom_interfaces/include/custom_interfaces/custom_interfaces/srv/detail/my_service_message__struct.hpp
[6.761s] -- Up-to-date: /home/user/ros2_ws/install/custom_interfaces/include/custom_interfaces/custom_interfaces/srv/my_service_message.hpp
[6.761s] -- Up-to-date: /home/user/ros2_ws/install/custom_interfaces/include/custom_interfaces/custom_interfaces
[6.761s] -- Up-to-date: /home/user/ros2_ws/install/custom_interfaces/include/custom_interfaces/custom_interfaces/srv
[6.761s] -- Up-to-date: /home/user/ros2_ws/install/custom_interfaces/include/custom_interfaces/custom_interfaces/srv/detail
[6.762s] -- Up-to-date: /home/user/ros2_ws/install/custom_interfaces/include/custom_interfaces/custom_interfaces/srv/detail/my_service_message__rosidl_typesupport_fastrtps_cpp.hpp
[6.762s] -- Up-to-date: /home/user/ros2_ws/install/custom_interfaces/include/custom_interfaces/custom_interfaces/srv/detail/dds_fastrtps
[6.762s] -- Up-to-date: /home/user/ros2_ws/install/custom_interfaces/include/custom_interfaces/custom_interfaces/msg
[6.762s] -- Up-to-date: /home/user/ros2_ws/install/custom_interfaces/include/custom_interfaces/custom_interfaces/msg/rosidl_typesupport_fastrtps_cpp__visibility_control.h
[6.762s] -- Up-to-date: /home/user/ros2_ws/install/custom_interfaces/lib/libcustom_interfaces__rosidl_typesupport_fastrtps_cpp.so
[6.762s] -- Up-to-date: /home/user/ros2_ws/install/custom_interfaces/include/custom_interfaces/custom_interfaces
[6.762s] -- Up-to-date: /home/user/ros2_ws/install/custom_interfaces/include/custom_interfaces/custom_interfaces/srv
[6.762s] -- Up-to-date: /home/user/ros2_ws/install/custom_interfaces/include/custom_interfaces/custom_interfaces/srv/detail
[6.762s] -- Up-to-date: /home/user/ros2_ws/install/custom_interfaces/include/custom_interfaces/custom_interfaces/srv/detail/my_service_message__type_support.cpp
[6.762s] -- Up-to-date: /home/user/ros2_ws/install/custom_interfaces/include/custom_interfaces/custom_interfaces/srv/detail/my_service_message__rosidl_typesupport_introspection_cpp.hpp
[6.762s] -- Up-to-date: /home/user/ros2_ws/install/custom_interfaces/lib/libcustom_interfaces__rosidl_typesupport_introspection_cpp.so
[6.763s] -- Up-to-date: /home/user/ros2_ws/install/custom_interfaces/lib/libcustom_interfaces__rosidl_typesupport_cpp.so
[6.763s] -- Up-to-date: /home/user/ros2_ws/install/custom_interfaces/share/ament_index/resource_index/rust_packages/custom_interfaces
[6.763s] -- Up-to-date: /home/user/ros2_ws/install/custom_interfaces/share/custom_interfaces/rust
[6.763s] -- Installing: /home/user/ros2_ws/install/custom_interfaces/share/custom_interfaces/rust/Cargo.toml
[6.763s] -- Up-to-date: /home/user/ros2_ws/install/custom_interfaces/share/custom_interfaces/rust/src
[6.764s] -- Installing: /home/user/ros2_ws/install/custom_interfaces/share/custom_interfaces/rust/src/srv.rs
[6.764s] -- Installing: /home/user/ros2_ws/install/custom_interfaces/share/custom_interfaces/rust/src/lib.rs
[6.764s] -- Installing: /home/user/ros2_ws/install/custom_interfaces/share/custom_interfaces/rust/build.rs
[6.765s] -- Up-to-date: /home/user/ros2_ws/install/custom_interfaces/share/custom_interfaces/rust
[6.765s] -- Up-to-date: /home/user/ros2_ws/install/custom_interfaces/share/custom_interfaces/rust/Cargo.toml
[6.766s] -- Up-to-date: /home/user/ros2_ws/install/custom_interfaces/share/custom_interfaces/rust/src
[6.766s] -- Up-to-date: /home/user/ros2_ws/install/custom_interfaces/share/custom_interfaces/rust/src/srv.rs
[6.766s] -- Up-to-date: /home/user/ros2_ws/install/custom_interfaces/share/custom_interfaces/rust/src/lib.rs
[6.767s] -- Up-to-date: /home/user/ros2_ws/install/custom_interfaces/share/custom_interfaces/rust/build.rs
[6.767s] -- Up-to-date: /home/user/ros2_ws/install/custom_interfaces/share/custom_interfaces/rust
[6.767s] -- Up-to-date: /home/user/ros2_ws/install/custom_interfaces/share/custom_interfaces/rust/Cargo.toml
[6.768s] -- Up-to-date: /home/user/ros2_ws/install/custom_interfaces/share/custom_interfaces/rust/src
[6.768s] -- Up-to-date: /home/user/ros2_ws/install/custom_interfaces/share/custom_interfaces/rust/src/srv.rs
[6.769s] -- Up-to-date: /home/user/ros2_ws/install/custom_interfaces/share/custom_interfaces/rust/src/lib.rs
[6.769s] -- Up-to-date: /home/user/ros2_ws/install/custom_interfaces/share/custom_interfaces/rust/build.rs
[6.770s] -- Up-to-date: /home/user/ros2_ws/install/custom_interfaces/share/custom_interfaces/environment/pythonpath.sh
[6.771s] -- Up-to-date: /home/user/ros2_ws/install/custom_interfaces/share/custom_interfaces/environment/pythonpath.dsv
[6.771s] -- Up-to-date: /home/user/ros2_ws/install/custom_interfaces/local/lib/python3.10/dist-packages/custom_interfaces-0.0.0-py3.10.egg-info
[6.772s] -- Installing: /home/user/ros2_ws/install/custom_interfaces/local/lib/python3.10/dist-packages/custom_interfaces-0.0.0-py3.10.egg-info/PKG-INFO
[6.772s] -- Installing: /home/user/ros2_ws/install/custom_interfaces/local/lib/python3.10/dist-packages/custom_interfaces-0.0.0-py3.10.egg-info/top_level.txt
[6.772s] -- Installing: /home/user/ros2_ws/install/custom_interfaces/local/lib/python3.10/dist-packages/custom_interfaces-0.0.0-py3.10.egg-info/SOURCES.txt
[6.773s] -- Installing: /home/user/ros2_ws/install/custom_interfaces/local/lib/python3.10/dist-packages/custom_interfaces-0.0.0-py3.10.egg-info/dependency_links.txt
[6.773s] -- Up-to-date: /home/user/ros2_ws/install/custom_interfaces/local/lib/python3.10/dist-packages/custom_interfaces
[6.773s] -- Up-to-date: /home/user/ros2_ws/install/custom_interfaces/local/lib/python3.10/dist-packages/custom_interfaces/srv
[6.773s] -- Up-to-date: /home/user/ros2_ws/install/custom_interfaces/local/lib/python3.10/dist-packages/custom_interfaces/srv/_my_service_message_s.c
[6.773s] -- Up-to-date: /home/user/ros2_ws/install/custom_interfaces/local/lib/python3.10/dist-packages/custom_interfaces/srv/__init__.py
[6.773s] -- Up-to-date: /home/user/ros2_ws/install/custom_interfaces/local/lib/python3.10/dist-packages/custom_interfaces/srv/_my_service_message.py
[6.773s] -- Up-to-date: /home/user/ros2_ws/install/custom_interfaces/local/lib/python3.10/dist-packages/custom_interfaces/custom_interfaces_s__rosidl_typesupport_introspection_c.cpython-310-x86_64-linux-gnu.so
[6.773s] -- Up-to-date: /home/user/ros2_ws/install/custom_interfaces/local/lib/python3.10/dist-packages/custom_interfaces/_custom_interfaces_s.ep.rosidl_typesupport_introspection_c.c
[6.774s] -- Up-to-date: /home/user/ros2_ws/install/custom_interfaces/local/lib/python3.10/dist-packages/custom_interfaces/libcustom_interfaces__rosidl_generator_py.so
[6.774s] -- Up-to-date: /home/user/ros2_ws/install/custom_interfaces/local/lib/python3.10/dist-packages/custom_interfaces/_custom_interfaces_s.ep.rosidl_typesupport_c.c
[6.774s] -- Up-to-date: /home/user/ros2_ws/install/custom_interfaces/local/lib/python3.10/dist-packages/custom_interfaces/__init__.py
[6.774s] -- Up-to-date: /home/user/ros2_ws/install/custom_interfaces/local/lib/python3.10/dist-packages/custom_interfaces/custom_interfaces_s__rosidl_typesupport_c.cpython-310-x86_64-linux-gnu.so
[6.776s] -- Up-to-date: /home/user/ros2_ws/install/custom_interfaces/local/lib/python3.10/dist-packages/custom_interfaces/_custom_interfaces_s.ep.rosidl_typesupport_fastrtps_c.c
[6.776s] -- Up-to-date: /home/user/ros2_ws/install/custom_interfaces/local/lib/python3.10/dist-packages/custom_interfaces/custom_interfaces_s__rosidl_typesupport_fastrtps_c.cpython-310-x86_64-linux-gnu.so
[7.083s] Listing '/home/user/ros2_ws/install/custom_interfaces/local/lib/python3.10/dist-packages/custom_interfaces'...
[7.083s] Listing '/home/user/ros2_ws/install/custom_interfaces/local/lib/python3.10/dist-packages/custom_interfaces/srv'...
[7.105s] -- Up-to-date: /home/user/ros2_ws/install/custom_interfaces/local/lib/python3.10/dist-packages/custom_interfaces/custom_interfaces_s__rosidl_typesupport_fastrtps_c.cpython-310-x86_64-linux-gnu.so
[7.105s] -- Up-to-date: /home/user/ros2_ws/install/custom_interfaces/local/lib/python3.10/dist-packages/custom_interfaces/custom_interfaces_s__rosidl_typesupport_introspection_c.cpython-310-x86_64-linux-gnu.so
[7.105s] -- Up-to-date: /home/user/ros2_ws/install/custom_interfaces/local/lib/python3.10/dist-packages/custom_interfaces/custom_interfaces_s__rosidl_typesupport_c.cpython-310-x86_64-linux-gnu.so
[7.107s] -- Up-to-date: /home/user/ros2_ws/install/custom_interfaces/lib/libcustom_interfaces__rosidl_generator_py.so
[7.114s] -- Up-to-date: /home/user/ros2_ws/install/custom_interfaces/share/custom_interfaces/srv/MyServiceMessage.idl
[7.114s] -- Up-to-date: /home/user/ros2_ws/install/custom_interfaces/share/custom_interfaces/srv/MyServiceMessage.srv
[7.114s] -- Up-to-date: /home/user/ros2_ws/install/custom_interfaces/share/custom_interfaces/srv/MyServiceMessage_Request.msg
[7.114s] -- Up-to-date: /home/user/ros2_ws/install/custom_interfaces/share/custom_interfaces/srv/MyServiceMessage_Response.msg
[7.114s] -- Up-to-date: /home/user/ros2_ws/install/custom_interfaces/share/ament_index/resource_index/package_run_dependencies/custom_interfaces
[7.114s] -- Up-to-date: /home/user/ros2_ws/install/custom_interfaces/share/ament_index/resource_index/parent_prefix_path/custom_interfaces
[7.114s] -- Up-to-date: /home/user/ros2_ws/install/custom_interfaces/share/custom_interfaces/environment/ament_prefix_path.sh
[7.114s] -- Up-to-date: /home/user/ros2_ws/install/custom_interfaces/share/custom_interfaces/environment/ament_prefix_path.dsv
[7.115s] -- Up-to-date: /home/user/ros2_ws/install/custom_interfaces/share/custom_interfaces/environment/path.sh
[7.115s] -- Up-to-date: /home/user/ros2_ws/install/custom_interfaces/share/custom_interfaces/environment/path.dsv
[7.115s] -- Up-to-date: /home/user/ros2_ws/install/custom_interfaces/share/custom_interfaces/local_setup.bash
[7.115s] -- Up-to-date: /home/user/ros2_ws/install/custom_interfaces/share/custom_interfaces/local_setup.sh
[7.115s] -- Up-to-date: /home/user/ros2_ws/install/custom_interfaces/share/custom_interfaces/local_setup.zsh
[7.115s] -- Up-to-date: /home/user/ros2_ws/install/custom_interfaces/share/custom_interfaces/local_setup.dsv
[7.115s] -- Installing: /home/user/ros2_ws/install/custom_interfaces/share/custom_interfaces/package.dsv
[7.115s] -- Up-to-date: /home/user/ros2_ws/install/custom_interfaces/share/ament_index/resource_index/packages/custom_interfaces
[7.115s] -- Up-to-date: /home/user/ros2_ws/install/custom_interfaces/share/custom_interfaces/cmake/export_custom_interfaces__rosidl_generator_cExport.cmake
[7.115s] -- Up-to-date: /home/user/ros2_ws/install/custom_interfaces/share/custom_interfaces/cmake/export_custom_interfaces__rosidl_generator_cExport-noconfig.cmake
[7.115s] -- Up-to-date: /home/user/ros2_ws/install/custom_interfaces/share/custom_interfaces/cmake/export_custom_interfaces__rosidl_typesupport_fastrtps_cExport.cmake
[7.115s] -- Up-to-date: /home/user/ros2_ws/install/custom_interfaces/share/custom_interfaces/cmake/export_custom_interfaces__rosidl_typesupport_fastrtps_cExport-noconfig.cmake
[7.115s] -- Up-to-date: /home/user/ros2_ws/install/custom_interfaces/share/custom_interfaces/cmake/custom_interfaces__rosidl_typesupport_introspection_cExport.cmake
[7.116s] -- Up-to-date: /home/user/ros2_ws/install/custom_interfaces/share/custom_interfaces/cmake/custom_interfaces__rosidl_typesupport_introspection_cExport-noconfig.cmake
[7.116s] -- Up-to-date: /home/user/ros2_ws/install/custom_interfaces/share/custom_interfaces/cmake/custom_interfaces__rosidl_typesupport_cExport.cmake
[7.116s] -- Up-to-date: /home/user/ros2_ws/install/custom_interfaces/share/custom_interfaces/cmake/custom_interfaces__rosidl_typesupport_cExport-noconfig.cmake
[7.116s] -- Up-to-date: /home/user/ros2_ws/install/custom_interfaces/share/custom_interfaces/cmake/export_custom_interfaces__rosidl_generator_cppExport.cmake
[7.116s] -- Up-to-date: /home/user/ros2_ws/install/custom_interfaces/share/custom_interfaces/cmake/export_custom_interfaces__rosidl_typesupport_fastrtps_cppExport.cmake
[7.116s] -- Up-to-date: /home/user/ros2_ws/install/custom_interfaces/share/custom_interfaces/cmake/export_custom_interfaces__rosidl_typesupport_fastrtps_cppExport-noconfig.cmake
[7.116s] -- Up-to-date: /home/user/ros2_ws/install/custom_interfaces/share/custom_interfaces/cmake/custom_interfaces__rosidl_typesupport_introspection_cppExport.cmake
[7.116s] -- Up-to-date: /home/user/ros2_ws/install/custom_interfaces/share/custom_interfaces/cmake/custom_interfaces__rosidl_typesupport_introspection_cppExport-noconfig.cmake
[7.116s] -- Up-to-date: /home/user/ros2_ws/install/custom_interfaces/share/custom_interfaces/cmake/custom_interfaces__rosidl_typesupport_cppExport.cmake
[7.116s] -- Up-to-date: /home/user/ros2_ws/install/custom_interfaces/share/custom_interfaces/cmake/custom_interfaces__rosidl_typesupport_cppExport-noconfig.cmake
[7.117s] -- Up-to-date: /home/user/ros2_ws/install/custom_interfaces/share/custom_interfaces/cmake/export_custom_interfaces__rosidl_generator_pyExport.cmake
[7.117s] -- Up-to-date: /home/user/ros2_ws/install/custom_interfaces/share/custom_interfaces/cmake/export_custom_interfaces__rosidl_generator_pyExport-noconfig.cmake
[7.118s] -- Up-to-date: /home/user/ros2_ws/install/custom_interfaces/share/custom_interfaces/cmake/rosidl_cmake-extras.cmake
[7.118s] -- Up-to-date: /home/user/ros2_ws/install/custom_interfaces/share/custom_interfaces/cmake/ament_cmake_export_include_directories-extras.cmake
[7.118s] -- Up-to-date: /home/user/ros2_ws/install/custom_interfaces/share/custom_interfaces/cmake/ament_cmake_export_libraries-extras.cmake
[7.118s] -- Up-to-date: /home/user/ros2_ws/install/custom_interfaces/share/custom_interfaces/cmake/ament_cmake_export_targets-extras.cmake
[7.118s] -- Up-to-date: /home/user/ros2_ws/install/custom_interfaces/share/custom_interfaces/cmake/rosidl_cmake_export_typesupport_targets-extras.cmake
[7.118s] -- Up-to-date: /home/user/ros2_ws/install/custom_interfaces/share/custom_interfaces/cmake/ament_cmake_export_dependencies-extras.cmake
[7.118s] -- Up-to-date: /home/user/ros2_ws/install/custom_interfaces/share/custom_interfaces/cmake/rosidl_cmake_export_typesupport_libraries-extras.cmake
[7.119s] -- Up-to-date: /home/user/ros2_ws/install/custom_interfaces/share/custom_interfaces/cmake/custom_interfacesConfig.cmake
[7.119s] -- Up-to-date: /home/user/ros2_ws/install/custom_interfaces/share/custom_interfaces/cmake/custom_interfacesConfig-version.cmake
[7.119s] -- Up-to-date: /home/user/ros2_ws/install/custom_interfaces/share/custom_interfaces/package.xml
[7.128s] Invoked command in '/home/user/ros2_ws/build/custom_interfaces' returned '0': CMAKE_PREFIX_PATH=${CMAKE_PREFIX_PATH}:/home/simulations/ros2_sims_ws/install/rclrs_tests:/home/simulations/ros2_sims_ws/install/examples_rclrs_minimal_client_service:/home/simulations/ros2_sims_ws/install/sensor_msgs_py:/home/simulations/ros2_sims_ws/install/examples_rclrs_minimal_pub_sub:/home/simulations/ros2_sims_ws/install/examples_rclrs_message_demo:/home/simulations/ros2_sims_ws/install/rclrs:/home/simulations/ros2_sims_ws/install/rosidl_runtime_rs:/home/user/ros2_ws/install/project_mapping:/home/user/ros2_ws/install/project_localization:/opt/ros/humble _=/usr/bin/env /usr/bin/cmake --install /home/user/ros2_ws/build/custom_interfaces
