/home/user/ros2_ws/install/project_path_planning/lib/python3.10/site-packages/project_path_planning/action_client.py
/home/user/ros2_ws/install/project_path_planning/lib/python3.10/site-packages/project_path_planning/__init__.py
/home/user/ros2_ws/install/project_path_planning/lib/python3.10/site-packages/project_path_planning/spot_recorder.py
/home/user/ros2_ws/install/project_path_planning/lib/python3.10/site-packages/project_path_planning/__pycache__/action_client.cpython-310.pyc
/home/user/ros2_ws/install/project_path_planning/lib/python3.10/site-packages/project_path_planning/__pycache__/__init__.cpython-310.pyc
/home/user/ros2_ws/install/project_path_planning/lib/python3.10/site-packages/project_path_planning/__pycache__/spot_recorder.cpython-310.pyc
/home/user/ros2_ws/install/project_path_planning/share/ament_index/resource_index/packages/project_path_planning
/home/user/ros2_ws/install/project_path_planning/share/project_path_planning/package.xml
/home/user/ros2_ws/install/project_path_planning/share/project_path_planning/launch/spot_recorder.launch.py
/home/user/ros2_ws/install/project_path_planning/share/project_path_planning/launch/action_client.launch.py
/home/user/ros2_ws/install/project_path_planning/share/project_path_planning/launch/path_planning_launch.launch.py
/home/user/ros2_ws/install/project_path_planning/share/project_path_planning/config/controller.yaml
/home/user/ros2_ws/install/project_path_planning/share/project_path_planning/config/recovery.yaml
/home/user/ros2_ws/install/project_path_planning/share/project_path_planning/config/planner_server.yaml
/home/user/ros2_ws/install/project_path_planning/share/project_path_planning/config/bt_navigator.yaml
/home/user/ros2_ws/install/project_path_planning/share/project_path_planning/config/project_params.yaml
/home/user/ros2_ws/install/project_path_planning/share/project_path_planning/config/behavior.xml
/home/user/ros2_ws/install/project_path_planning/lib/python3.10/site-packages/project_path_planning-0.0.0-py3.10.egg-info/PKG-INFO
/home/user/ros2_ws/install/project_path_planning/lib/python3.10/site-packages/project_path_planning-0.0.0-py3.10.egg-info/zip-safe
/home/user/ros2_ws/install/project_path_planning/lib/python3.10/site-packages/project_path_planning-0.0.0-py3.10.egg-info/top_level.txt
/home/user/ros2_ws/install/project_path_planning/lib/python3.10/site-packages/project_path_planning-0.0.0-py3.10.egg-info/requires.txt
/home/user/ros2_ws/install/project_path_planning/lib/python3.10/site-packages/project_path_planning-0.0.0-py3.10.egg-info/entry_points.txt
/home/user/ros2_ws/install/project_path_planning/lib/python3.10/site-packages/project_path_planning-0.0.0-py3.10.egg-info/SOURCES.txt
/home/user/ros2_ws/install/project_path_planning/lib/python3.10/site-packages/project_path_planning-0.0.0-py3.10.egg-info/dependency_links.txt
/home/user/ros2_ws/install/project_path_planning/lib/project_path_planning/move_to_spot
/home/user/ros2_ws/install/project_path_planning/lib/project_path_planning/spot_recorder
