[3.223s] Invoking command in '/home/user/ros2_ws/src/project_path_planning': PYTHONPATH=/home/user/ros2_ws/build/project_path_planning/prefix_override:/home/user/ros2_ws/install/project_path_planning/lib/python3.10/site-packages:${PYTHONPATH} _=/usr/bin/env /usr/bin/python3 setup.py egg_info --egg-base ../../build/project_path_planning build --build-base /home/user/ros2_ws/build/project_path_planning/build install --record /home/user/ros2_ws/build/project_path_planning/install.log --single-version-externally-managed
[4.499s] running egg_info
[4.500s] writing ../../build/project_path_planning/project_path_planning.egg-info/PKG-INFO
[4.501s] writing dependency_links to ../../build/project_path_planning/project_path_planning.egg-info/dependency_links.txt
[4.501s] writing entry points to ../../build/project_path_planning/project_path_planning.egg-info/entry_points.txt
[4.502s] writing requirements to ../../build/project_path_planning/project_path_planning.egg-info/requires.txt
[4.502s] writing top-level names to ../../build/project_path_planning/project_path_planning.egg-info/top_level.txt
[4.504s] reading manifest file '../../build/project_path_planning/project_path_planning.egg-info/SOURCES.txt'
[4.506s] writing manifest file '../../build/project_path_planning/project_path_planning.egg-info/SOURCES.txt'
[4.506s] running build
[4.506s] running build_py
[4.506s] copying project_path_planning/action_client.py -> /home/user/ros2_ws/build/project_path_planning/build/lib/project_path_planning
[4.506s] running install
[4.507s] /usr/lib/python3/dist-packages/setuptools/command/install.py:34: SetuptoolsDeprecationWarning: setup.py install is deprecated. Use build and pip and other standards-based tools.
[4.507s]   warnings.warn(
[4.507s] running install_lib
[4.508s] copying /home/user/ros2_ws/build/project_path_planning/build/lib/project_path_planning/action_client.py -> /home/user/ros2_ws/install/project_path_planning/lib/python3.10/site-packages/project_path_planning
[4.517s] byte-compiling /home/user/ros2_ws/install/project_path_planning/lib/python3.10/site-packages/project_path_planning/action_client.py to action_client.cpython-310.pyc
[4.519s] running install_data
[4.520s] running install_egg_info
[4.523s] removing '/home/user/ros2_ws/install/project_path_planning/lib/python3.10/site-packages/project_path_planning-0.0.0-py3.10.egg-info' (and everything under it)
[4.524s] Copying ../../build/project_path_planning/project_path_planning.egg-info to /home/user/ros2_ws/install/project_path_planning/lib/python3.10/site-packages/project_path_planning-0.0.0-py3.10.egg-info
[4.527s] running install_scripts
[4.622s] Installing move_to_spot script to /home/user/ros2_ws/install/project_path_planning/lib/project_path_planning
[4.622s] Installing spot_recorder script to /home/user/ros2_ws/install/project_path_planning/lib/project_path_planning
[4.622s] writing list of installed files to '/home/user/ros2_ws/build/project_path_planning/install.log'
[4.722s] Invoked command in '/home/user/ros2_ws/src/project_path_planning' returned '0': PYTHONPATH=/home/user/ros2_ws/build/project_path_planning/prefix_override:/home/user/ros2_ws/install/project_path_planning/lib/python3.10/site-packages:${PYTHONPATH} _=/usr/bin/env /usr/bin/python3 setup.py egg_info --egg-base ../../build/project_path_planning build --build-base /home/user/ros2_ws/build/project_path_planning/build install --record /home/user/ros2_ws/build/project_path_planning/install.log --single-version-externally-managed
