[4.187s] Invoking command in '/home/user/ros2_ws/src/project_mapping': PYTHONPATH=/home/user/ros2_ws/build/project_mapping/prefix_override:/home/user/ros2_ws/install/project_mapping/lib/python3.10/site-packages:${PYTHONPATH} _=/usr/bin/env /usr/bin/python3 setup.py egg_info --egg-base ../../build/project_mapping build --build-base /home/user/ros2_ws/build/project_mapping/build install --record /home/user/ros2_ws/build/project_mapping/install.log --single-version-externally-managed
[5.772s] running egg_info
[5.772s] writing ../../build/project_mapping/project_mapping.egg-info/PKG-INFO
[5.773s] writing dependency_links to ../../build/project_mapping/project_mapping.egg-info/dependency_links.txt
[5.773s] writing entry points to ../../build/project_mapping/project_mapping.egg-info/entry_points.txt
[5.773s] writing requirements to ../../build/project_mapping/project_mapping.egg-info/requires.txt
[5.773s] writing top-level names to ../../build/project_mapping/project_mapping.egg-info/top_level.txt
[5.777s] reading manifest file '../../build/project_mapping/project_mapping.egg-info/SOURCES.txt'
[5.777s] writing manifest file '../../build/project_mapping/project_mapping.egg-info/SOURCES.txt'
[5.778s] running build
[5.778s] running build_py
[5.778s] /usr/lib/python3/dist-packages/setuptools/command/install.py:34: SetuptoolsDeprecationWarning: setup.py install is deprecated. Use build and pip and other standards-based tools.
[5.778s]   warnings.warn(
[5.778s] running install
[5.778s] running install_lib
[5.780s] running install_data
[5.780s] running install_egg_info
[5.782s] removing '/home/user/ros2_ws/install/project_mapping/lib/python3.10/site-packages/project_mapping-0.0.0-py3.10.egg-info' (and everything under it)
[5.783s] Copying ../../build/project_mapping/project_mapping.egg-info to /home/user/ros2_ws/install/project_mapping/lib/python3.10/site-packages/project_mapping-0.0.0-py3.10.egg-info
[5.784s] running install_scripts
[5.875s] writing list of installed files to '/home/user/ros2_ws/build/project_mapping/install.log'
[5.987s] Invoked command in '/home/user/ros2_ws/src/project_mapping' returned '0': PYTHONPATH=/home/user/ros2_ws/build/project_mapping/prefix_override:/home/user/ros2_ws/install/project_mapping/lib/python3.10/site-packages:${PYTHONPATH} _=/usr/bin/env /usr/bin/python3 setup.py egg_info --egg-base ../../build/project_mapping build --build-base /home/user/ros2_ws/build/project_mapping/build install --record /home/user/ros2_ws/build/project_mapping/install.log --single-version-externally-managed
