[0.318s] Invoking command in '/home/user/ros2_ws/build/custom_interfaces': CMAKE_PREFIX_PATH=${CMAKE_PREFIX_PATH}:/home/simulations/ros2_sims_ws/install/rclrs_tests:/home/simulations/ros2_sims_ws/install/examples_rclrs_minimal_client_service:/home/simulations/ros2_sims_ws/install/sensor_msgs_py:/home/simulations/ros2_sims_ws/install/examples_rclrs_minimal_pub_sub:/home/simulations/ros2_sims_ws/install/examples_rclrs_message_demo:/home/simulations/ros2_sims_ws/install/rclrs:/home/simulations/ros2_sims_ws/install/rosidl_runtime_rs:/home/user/ros2_ws/install/project_path_planning:/home/user/ros2_ws/install/project_mapping:/home/user/ros2_ws/install/project_localization:/opt/ros/humble _=/usr/bin/env /usr/bin/cmake --build /home/user/ros2_ws/build/custom_interfaces -- -j8 -l8
[2.104s] [  3%] [34m[1mGenerating Rust code for ROS interfaces[0m
[2.801s] [  3%] Built target custom_interfaces__rs
[3.227s] [  3%] Built target ament_cmake_python_copy_custom_interfaces
[3.501s] [  6%] Built target custom_interfaces__cpp
[5.320s] running egg_info
[5.321s] writing custom_interfaces.egg-info/PKG-INFO
[5.322s] writing dependency_links to custom_interfaces.egg-info/dependency_links.txt
[5.323s] writing top-level names to custom_interfaces.egg-info/top_level.txt
[5.329s] reading manifest file 'custom_interfaces.egg-info/SOURCES.txt'
[5.331s] writing manifest file 'custom_interfaces.egg-info/SOURCES.txt'
[5.609s] [  6%] Built target ament_cmake_python_build_custom_interfaces_egg
[5.801s] [ 15%] Built target custom_interfaces__rosidl_typesupport_cpp
[6.000s] [ 25%] Built target custom_interfaces__rosidl_typesupport_introspection_cpp
[6.400s] [ 34%] Built target custom_interfaces__rosidl_typesupport_fastrtps_cpp
[6.810s] [ 43%] Built target custom_interfaces__rosidl_generator_c
[7.026s] [ 53%] Built target custom_interfaces__rosidl_typesupport_fastrtps_c
[7.423s] [ 62%] Built target custom_interfaces__rosidl_typesupport_c
[7.934s] [ 71%] Built target custom_interfaces__rosidl_typesupport_introspection_c
[8.145s] [ 71%] Built target custom_interfaces
[8.322s] [ 75%] Built target custom_interfaces__py
[8.806s] [ 81%] Built target custom_interfaces__rosidl_generator_py
[8.939s] [ 87%] Built target custom_interfaces__rosidl_typesupport_fastrtps_c__pyext
[9.235s] [ 93%] Built target custom_interfaces__rosidl_typesupport_c__pyext
[9.414s] [100%] Built target custom_interfaces__rosidl_typesupport_introspection_c__pyext
[9.445s] Invoked command in '/home/user/ros2_ws/build/custom_interfaces' returned '0': CMAKE_PREFIX_PATH=${CMAKE_PREFIX_PATH}:/home/simulations/ros2_sims_ws/install/rclrs_tests:/home/simulations/ros2_sims_ws/install/examples_rclrs_minimal_client_service:/home/simulations/ros2_sims_ws/install/sensor_msgs_py:/home/simulations/ros2_sims_ws/install/examples_rclrs_minimal_pub_sub:/home/simulations/ros2_sims_ws/install/examples_rclrs_message_demo:/home/simulations/ros2_sims_ws/install/rclrs:/home/simulations/ros2_sims_ws/install/rosidl_runtime_rs:/home/user/ros2_ws/install/project_path_planning:/home/user/ros2_ws/install/project_mapping:/home/user/ros2_ws/install/project_localization:/opt/ros/humble _=/usr/bin/env /usr/bin/cmake --build /home/user/ros2_ws/build/custom_interfaces -- -j8 -l8
[10.707s] Invoking command in '/home/user/ros2_ws/build/custom_interfaces': CMAKE_PREFIX_PATH=${CMAKE_PREFIX_PATH}:/home/simulations/ros2_sims_ws/install/rclrs_tests:/home/simulations/ros2_sims_ws/install/examples_rclrs_minimal_client_service:/home/simulations/ros2_sims_ws/install/sensor_msgs_py:/home/simulations/ros2_sims_ws/install/examples_rclrs_minimal_pub_sub:/home/simulations/ros2_sims_ws/install/examples_rclrs_message_demo:/home/simulations/ros2_sims_ws/install/rclrs:/home/simulations/ros2_sims_ws/install/rosidl_runtime_rs:/home/user/ros2_ws/install/project_path_planning:/home/user/ros2_ws/install/project_mapping:/home/user/ros2_ws/install/project_localization:/opt/ros/humble _=/usr/bin/env /usr/bin/cmake --install /home/user/ros2_ws/build/custom_interfaces
[10.730s] -- Install configuration: ""
[10.800s] -- Up-to-date: /home/user/ros2_ws/install/custom_interfaces/share/ament_index/resource_index/rosidl_interfaces/custom_interfaces
[10.800s] -- Up-to-date: /home/user/ros2_ws/install/custom_interfaces/include/custom_interfaces/custom_interfaces
[10.800s] -- Up-to-date: /home/user/ros2_ws/install/custom_interfaces/include/custom_interfaces/custom_interfaces/srv
[10.800s] -- Up-to-date: /home/user/ros2_ws/install/custom_interfaces/include/custom_interfaces/custom_interfaces/srv/detail
[10.800s] -- Up-to-date: /home/user/ros2_ws/install/custom_interfaces/include/custom_interfaces/custom_interfaces/srv/detail/my_service_message__struct.h
[10.800s] -- Up-to-date: /home/user/ros2_ws/install/custom_interfaces/include/custom_interfaces/custom_interfaces/srv/detail/my_service_message__functions.c
[10.801s] -- Up-to-date: /home/user/ros2_ws/install/custom_interfaces/include/custom_interfaces/custom_interfaces/srv/detail/my_service_message__functions.h
[10.801s] -- Up-to-date: /home/user/ros2_ws/install/custom_interfaces/include/custom_interfaces/custom_interfaces/srv/detail/my_service_message__type_support.h
[10.801s] -- Up-to-date: /home/user/ros2_ws/install/custom_interfaces/include/custom_interfaces/custom_interfaces/srv/my_service_message.h
[10.801s] -- Up-to-date: /home/user/ros2_ws/install/custom_interfaces/include/custom_interfaces/custom_interfaces/msg
[10.802s] -- Up-to-date: /home/user/ros2_ws/install/custom_interfaces/include/custom_interfaces/custom_interfaces/msg/rosidl_generator_c__visibility_control.h
[10.802s] -- Up-to-date: /home/user/ros2_ws/install/custom_interfaces/share/custom_interfaces/environment/library_path.sh
[10.802s] -- Up-to-date: /home/user/ros2_ws/install/custom_interfaces/share/custom_interfaces/environment/library_path.dsv
[10.802s] -- Up-to-date: /home/user/ros2_ws/install/custom_interfaces/lib/libcustom_interfaces__rosidl_generator_c.so
[10.802s] -- Up-to-date: /home/user/ros2_ws/install/custom_interfaces/include/custom_interfaces/custom_interfaces
[10.802s] -- Up-to-date: /home/user/ros2_ws/install/custom_interfaces/include/custom_interfaces/custom_interfaces/srv
[10.802s] -- Up-to-date: /home/user/ros2_ws/install/custom_interfaces/include/custom_interfaces/custom_interfaces/srv/detail
[10.802s] -- Up-to-date: /home/user/ros2_ws/install/custom_interfaces/include/custom_interfaces/custom_interfaces/srv/detail/my_service_message__rosidl_typesupport_fastrtps_c.h
[10.802s] -- Up-to-date: /home/user/ros2_ws/install/custom_interfaces/include/custom_interfaces/custom_interfaces/msg
[10.803s] -- Up-to-date: /home/user/ros2_ws/install/custom_interfaces/include/custom_interfaces/custom_interfaces/msg/rosidl_typesupport_fastrtps_c__visibility_control.h
[10.803s] -- Up-to-date: /home/user/ros2_ws/install/custom_interfaces/lib/libcustom_interfaces__rosidl_typesupport_fastrtps_c.so
[10.803s] -- Up-to-date: /home/user/ros2_ws/install/custom_interfaces/include/custom_interfaces/custom_interfaces
[10.806s] -- Up-to-date: /home/user/ros2_ws/install/custom_interfaces/include/custom_interfaces/custom_interfaces/srv
[10.806s] -- Up-to-date: /home/user/ros2_ws/install/custom_interfaces/include/custom_interfaces/custom_interfaces/srv/detail
[10.806s] -- Up-to-date: /home/user/ros2_ws/install/custom_interfaces/include/custom_interfaces/custom_interfaces/srv/detail/my_service_message__rosidl_typesupport_introspection_c.h
[10.807s] -- Up-to-date: /home/user/ros2_ws/install/custom_interfaces/include/custom_interfaces/custom_interfaces/srv/detail/my_service_message__type_support.c
[10.807s] -- Up-to-date: /home/user/ros2_ws/install/custom_interfaces/include/custom_interfaces/custom_interfaces/msg
[10.807s] -- Up-to-date: /home/user/ros2_ws/install/custom_interfaces/include/custom_interfaces/custom_interfaces/msg/rosidl_typesupport_introspection_c__visibility_control.h
[10.807s] -- Up-to-date: /home/user/ros2_ws/install/custom_interfaces/lib/libcustom_interfaces__rosidl_typesupport_introspection_c.so
[10.807s] -- Up-to-date: /home/user/ros2_ws/install/custom_interfaces/lib/libcustom_interfaces__rosidl_typesupport_c.so
[10.807s] -- Up-to-date: /home/user/ros2_ws/install/custom_interfaces/include/custom_interfaces/custom_interfaces
[10.808s] -- Up-to-date: /home/user/ros2_ws/install/custom_interfaces/include/custom_interfaces/custom_interfaces/srv
[10.808s] -- Up-to-date: /home/user/ros2_ws/install/custom_interfaces/include/custom_interfaces/custom_interfaces/srv/detail
[10.808s] -- Up-to-date: /home/user/ros2_ws/install/custom_interfaces/include/custom_interfaces/custom_interfaces/srv/detail/my_service_message__traits.hpp
[10.808s] -- Up-to-date: /home/user/ros2_ws/install/custom_interfaces/include/custom_interfaces/custom_interfaces/srv/detail/my_service_message__builder.hpp
[10.808s] -- Up-to-date: /home/user/ros2_ws/install/custom_interfaces/include/custom_interfaces/custom_interfaces/srv/detail/my_service_message__struct.hpp
[10.808s] -- Up-to-date: /home/user/ros2_ws/install/custom_interfaces/include/custom_interfaces/custom_interfaces/srv/my_service_message.hpp
[10.809s] -- Up-to-date: /home/user/ros2_ws/install/custom_interfaces/include/custom_interfaces/custom_interfaces
[10.810s] -- Up-to-date: /home/user/ros2_ws/install/custom_interfaces/include/custom_interfaces/custom_interfaces/srv
[10.810s] -- Up-to-date: /home/user/ros2_ws/install/custom_interfaces/include/custom_interfaces/custom_interfaces/srv/detail
[10.811s] -- Up-to-date: /home/user/ros2_ws/install/custom_interfaces/include/custom_interfaces/custom_interfaces/srv/detail/my_service_message__rosidl_typesupport_fastrtps_cpp.hpp
[10.811s] -- Up-to-date: /home/user/ros2_ws/install/custom_interfaces/include/custom_interfaces/custom_interfaces/srv/detail/dds_fastrtps
[10.811s] -- Up-to-date: /home/user/ros2_ws/install/custom_interfaces/include/custom_interfaces/custom_interfaces/msg
[10.812s] -- Up-to-date: /home/user/ros2_ws/install/custom_interfaces/include/custom_interfaces/custom_interfaces/msg/rosidl_typesupport_fastrtps_cpp__visibility_control.h
[10.813s] -- Up-to-date: /home/user/ros2_ws/install/custom_interfaces/lib/libcustom_interfaces__rosidl_typesupport_fastrtps_cpp.so
[10.814s] -- Up-to-date: /home/user/ros2_ws/install/custom_interfaces/include/custom_interfaces/custom_interfaces
[10.814s] -- Up-to-date: /home/user/ros2_ws/install/custom_interfaces/include/custom_interfaces/custom_interfaces/srv
[10.817s] -- Up-to-date: /home/user/ros2_ws/install/custom_interfaces/include/custom_interfaces/custom_interfaces/srv/detail
[10.817s] -- Up-to-date: /home/user/ros2_ws/install/custom_interfaces/include/custom_interfaces/custom_interfaces/srv/detail/my_service_message__type_support.cpp
[10.817s] -- Up-to-date: /home/user/ros2_ws/install/custom_interfaces/include/custom_interfaces/custom_interfaces/srv/detail/my_service_message__rosidl_typesupport_introspection_cpp.hpp
[10.822s] -- Up-to-date: /home/user/ros2_ws/install/custom_interfaces/lib/libcustom_interfaces__rosidl_typesupport_introspection_cpp.so
[10.822s] -- Up-to-date: /home/user/ros2_ws/install/custom_interfaces/lib/libcustom_interfaces__rosidl_typesupport_cpp.so
[10.822s] -- Up-to-date: /home/user/ros2_ws/install/custom_interfaces/share/ament_index/resource_index/rust_packages/custom_interfaces
[10.823s] -- Up-to-date: /home/user/ros2_ws/install/custom_interfaces/share/custom_interfaces/rust
[10.823s] -- Installing: /home/user/ros2_ws/install/custom_interfaces/share/custom_interfaces/rust/Cargo.toml
[10.823s] -- Up-to-date: /home/user/ros2_ws/install/custom_interfaces/share/custom_interfaces/rust/src
[10.823s] -- Installing: /home/user/ros2_ws/install/custom_interfaces/share/custom_interfaces/rust/src/srv.rs
[10.823s] -- Installing: /home/user/ros2_ws/install/custom_interfaces/share/custom_interfaces/rust/src/lib.rs
[10.823s] -- Installing: /home/user/ros2_ws/install/custom_interfaces/share/custom_interfaces/rust/build.rs
[10.824s] -- Up-to-date: /home/user/ros2_ws/install/custom_interfaces/share/custom_interfaces/rust
[10.824s] -- Up-to-date: /home/user/ros2_ws/install/custom_interfaces/share/custom_interfaces/rust/Cargo.toml
[10.824s] -- Up-to-date: /home/user/ros2_ws/install/custom_interfaces/share/custom_interfaces/rust/src
[10.824s] -- Up-to-date: /home/user/ros2_ws/install/custom_interfaces/share/custom_interfaces/rust/src/srv.rs
[10.824s] -- Up-to-date: /home/user/ros2_ws/install/custom_interfaces/share/custom_interfaces/rust/src/lib.rs
[10.824s] -- Up-to-date: /home/user/ros2_ws/install/custom_interfaces/share/custom_interfaces/rust/build.rs
[10.824s] -- Up-to-date: /home/user/ros2_ws/install/custom_interfaces/share/custom_interfaces/rust
[10.825s] -- Up-to-date: /home/user/ros2_ws/install/custom_interfaces/share/custom_interfaces/rust/Cargo.toml
[10.825s] -- Up-to-date: /home/user/ros2_ws/install/custom_interfaces/share/custom_interfaces/rust/src
[10.825s] -- Up-to-date: /home/user/ros2_ws/install/custom_interfaces/share/custom_interfaces/rust/src/srv.rs
[10.825s] -- Up-to-date: /home/user/ros2_ws/install/custom_interfaces/share/custom_interfaces/rust/src/lib.rs
[10.825s] -- Up-to-date: /home/user/ros2_ws/install/custom_interfaces/share/custom_interfaces/rust/build.rs
[10.825s] -- Up-to-date: /home/user/ros2_ws/install/custom_interfaces/share/custom_interfaces/environment/pythonpath.sh
[10.826s] -- Up-to-date: /home/user/ros2_ws/install/custom_interfaces/share/custom_interfaces/environment/pythonpath.dsv
[10.827s] -- Up-to-date: /home/user/ros2_ws/install/custom_interfaces/local/lib/python3.10/dist-packages/custom_interfaces-0.0.0-py3.10.egg-info
[10.827s] -- Installing: /home/user/ros2_ws/install/custom_interfaces/local/lib/python3.10/dist-packages/custom_interfaces-0.0.0-py3.10.egg-info/PKG-INFO
[10.828s] -- Installing: /home/user/ros2_ws/install/custom_interfaces/local/lib/python3.10/dist-packages/custom_interfaces-0.0.0-py3.10.egg-info/top_level.txt
[10.828s] -- Installing: /home/user/ros2_ws/install/custom_interfaces/local/lib/python3.10/dist-packages/custom_interfaces-0.0.0-py3.10.egg-info/SOURCES.txt
[10.828s] -- Installing: /home/user/ros2_ws/install/custom_interfaces/local/lib/python3.10/dist-packages/custom_interfaces-0.0.0-py3.10.egg-info/dependency_links.txt
[10.829s] -- Up-to-date: /home/user/ros2_ws/install/custom_interfaces/local/lib/python3.10/dist-packages/custom_interfaces
[10.830s] -- Up-to-date: /home/user/ros2_ws/install/custom_interfaces/local/lib/python3.10/dist-packages/custom_interfaces/srv
[10.830s] -- Up-to-date: /home/user/ros2_ws/install/custom_interfaces/local/lib/python3.10/dist-packages/custom_interfaces/srv/_my_service_message_s.c
[10.830s] -- Up-to-date: /home/user/ros2_ws/install/custom_interfaces/local/lib/python3.10/dist-packages/custom_interfaces/srv/__init__.py
[10.831s] -- Up-to-date: /home/user/ros2_ws/install/custom_interfaces/local/lib/python3.10/dist-packages/custom_interfaces/srv/_my_service_message.py
[10.831s] -- Up-to-date: /home/user/ros2_ws/install/custom_interfaces/local/lib/python3.10/dist-packages/custom_interfaces/custom_interfaces_s__rosidl_typesupport_introspection_c.cpython-310-x86_64-linux-gnu.so
[10.831s] -- Up-to-date: /home/user/ros2_ws/install/custom_interfaces/local/lib/python3.10/dist-packages/custom_interfaces/_custom_interfaces_s.ep.rosidl_typesupport_introspection_c.c
[10.831s] -- Up-to-date: /home/user/ros2_ws/install/custom_interfaces/local/lib/python3.10/dist-packages/custom_interfaces/libcustom_interfaces__rosidl_generator_py.so
[10.831s] -- Up-to-date: /home/user/ros2_ws/install/custom_interfaces/local/lib/python3.10/dist-packages/custom_interfaces/_custom_interfaces_s.ep.rosidl_typesupport_c.c
[10.832s] -- Up-to-date: /home/user/ros2_ws/install/custom_interfaces/local/lib/python3.10/dist-packages/custom_interfaces/__init__.py
[10.832s] -- Up-to-date: /home/user/ros2_ws/install/custom_interfaces/local/lib/python3.10/dist-packages/custom_interfaces/custom_interfaces_s__rosidl_typesupport_c.cpython-310-x86_64-linux-gnu.so
[10.832s] -- Up-to-date: /home/user/ros2_ws/install/custom_interfaces/local/lib/python3.10/dist-packages/custom_interfaces/_custom_interfaces_s.ep.rosidl_typesupport_fastrtps_c.c
[10.833s] -- Up-to-date: /home/user/ros2_ws/install/custom_interfaces/local/lib/python3.10/dist-packages/custom_interfaces/custom_interfaces_s__rosidl_typesupport_fastrtps_c.cpython-310-x86_64-linux-gnu.so
[11.100s] Listing '/home/user/ros2_ws/install/custom_interfaces/local/lib/python3.10/dist-packages/custom_interfaces'...
[11.100s] Listing '/home/user/ros2_ws/install/custom_interfaces/local/lib/python3.10/dist-packages/custom_interfaces/srv'...
[11.102s] -- Up-to-date: /home/user/ros2_ws/install/custom_interfaces/local/lib/python3.10/dist-packages/custom_interfaces/custom_interfaces_s__rosidl_typesupport_fastrtps_c.cpython-310-x86_64-linux-gnu.so
[11.102s] -- Up-to-date: /home/user/ros2_ws/install/custom_interfaces/local/lib/python3.10/dist-packages/custom_interfaces/custom_interfaces_s__rosidl_typesupport_introspection_c.cpython-310-x86_64-linux-gnu.so
[11.102s] -- Up-to-date: /home/user/ros2_ws/install/custom_interfaces/local/lib/python3.10/dist-packages/custom_interfaces/custom_interfaces_s__rosidl_typesupport_c.cpython-310-x86_64-linux-gnu.so
[11.103s] -- Up-to-date: /home/user/ros2_ws/install/custom_interfaces/lib/libcustom_interfaces__rosidl_generator_py.so
[11.103s] -- Up-to-date: /home/user/ros2_ws/install/custom_interfaces/share/custom_interfaces/srv/MyServiceMessage.idl
[11.103s] -- Up-to-date: /home/user/ros2_ws/install/custom_interfaces/share/custom_interfaces/srv/MyServiceMessage.srv
[11.103s] -- Up-to-date: /home/user/ros2_ws/install/custom_interfaces/share/custom_interfaces/srv/MyServiceMessage_Request.msg
[11.104s] -- Up-to-date: /home/user/ros2_ws/install/custom_interfaces/share/custom_interfaces/srv/MyServiceMessage_Response.msg
[11.104s] -- Up-to-date: /home/user/ros2_ws/install/custom_interfaces/share/ament_index/resource_index/package_run_dependencies/custom_interfaces
[11.104s] -- Up-to-date: /home/user/ros2_ws/install/custom_interfaces/share/ament_index/resource_index/parent_prefix_path/custom_interfaces
[11.104s] -- Up-to-date: /home/user/ros2_ws/install/custom_interfaces/share/custom_interfaces/environment/ament_prefix_path.sh
[11.104s] -- Up-to-date: /home/user/ros2_ws/install/custom_interfaces/share/custom_interfaces/environment/ament_prefix_path.dsv
[11.104s] -- Up-to-date: /home/user/ros2_ws/install/custom_interfaces/share/custom_interfaces/environment/path.sh
[11.105s] -- Up-to-date: /home/user/ros2_ws/install/custom_interfaces/share/custom_interfaces/environment/path.dsv
[11.105s] -- Up-to-date: /home/user/ros2_ws/install/custom_interfaces/share/custom_interfaces/local_setup.bash
[11.105s] -- Up-to-date: /home/user/ros2_ws/install/custom_interfaces/share/custom_interfaces/local_setup.sh
[11.105s] -- Up-to-date: /home/user/ros2_ws/install/custom_interfaces/share/custom_interfaces/local_setup.zsh
[11.105s] -- Up-to-date: /home/user/ros2_ws/install/custom_interfaces/share/custom_interfaces/local_setup.dsv
[11.106s] -- Installing: /home/user/ros2_ws/install/custom_interfaces/share/custom_interfaces/package.dsv
[11.106s] -- Up-to-date: /home/user/ros2_ws/install/custom_interfaces/share/ament_index/resource_index/packages/custom_interfaces
[11.106s] -- Up-to-date: /home/user/ros2_ws/install/custom_interfaces/share/custom_interfaces/cmake/export_custom_interfaces__rosidl_generator_cExport.cmake
[11.106s] -- Up-to-date: /home/user/ros2_ws/install/custom_interfaces/share/custom_interfaces/cmake/export_custom_interfaces__rosidl_generator_cExport-noconfig.cmake
[11.106s] -- Up-to-date: /home/user/ros2_ws/install/custom_interfaces/share/custom_interfaces/cmake/export_custom_interfaces__rosidl_typesupport_fastrtps_cExport.cmake
[11.107s] -- Up-to-date: /home/user/ros2_ws/install/custom_interfaces/share/custom_interfaces/cmake/export_custom_interfaces__rosidl_typesupport_fastrtps_cExport-noconfig.cmake
[11.108s] -- Up-to-date: /home/user/ros2_ws/install/custom_interfaces/share/custom_interfaces/cmake/custom_interfaces__rosidl_typesupport_introspection_cExport.cmake
[11.110s] -- Up-to-date: /home/user/ros2_ws/install/custom_interfaces/share/custom_interfaces/cmake/custom_interfaces__rosidl_typesupport_introspection_cExport-noconfig.cmake
[11.110s] -- Up-to-date: /home/user/ros2_ws/install/custom_interfaces/share/custom_interfaces/cmake/custom_interfaces__rosidl_typesupport_cExport.cmake
[11.110s] -- Up-to-date: /home/user/ros2_ws/install/custom_interfaces/share/custom_interfaces/cmake/custom_interfaces__rosidl_typesupport_cExport-noconfig.cmake
[11.111s] -- Up-to-date: /home/user/ros2_ws/install/custom_interfaces/share/custom_interfaces/cmake/export_custom_interfaces__rosidl_generator_cppExport.cmake
[11.117s] -- Up-to-date: /home/user/ros2_ws/install/custom_interfaces/share/custom_interfaces/cmake/export_custom_interfaces__rosidl_typesupport_fastrtps_cppExport.cmake
[11.117s] -- Up-to-date: /home/user/ros2_ws/install/custom_interfaces/share/custom_interfaces/cmake/export_custom_interfaces__rosidl_typesupport_fastrtps_cppExport-noconfig.cmake
[11.123s] -- Up-to-date: /home/user/ros2_ws/install/custom_interfaces/share/custom_interfaces/cmake/custom_interfaces__rosidl_typesupport_introspection_cppExport.cmake
[11.123s] -- Up-to-date: /home/user/ros2_ws/install/custom_interfaces/share/custom_interfaces/cmake/custom_interfaces__rosidl_typesupport_introspection_cppExport-noconfig.cmake
[11.123s] -- Up-to-date: /home/user/ros2_ws/install/custom_interfaces/share/custom_interfaces/cmake/custom_interfaces__rosidl_typesupport_cppExport.cmake
[11.124s] -- Up-to-date: /home/user/ros2_ws/install/custom_interfaces/share/custom_interfaces/cmake/custom_interfaces__rosidl_typesupport_cppExport-noconfig.cmake
[11.124s] -- Up-to-date: /home/user/ros2_ws/install/custom_interfaces/share/custom_interfaces/cmake/export_custom_interfaces__rosidl_generator_pyExport.cmake
[11.124s] -- Up-to-date: /home/user/ros2_ws/install/custom_interfaces/share/custom_interfaces/cmake/export_custom_interfaces__rosidl_generator_pyExport-noconfig.cmake
[11.125s] -- Up-to-date: /home/user/ros2_ws/install/custom_interfaces/share/custom_interfaces/cmake/rosidl_cmake-extras.cmake
[11.125s] -- Up-to-date: /home/user/ros2_ws/install/custom_interfaces/share/custom_interfaces/cmake/ament_cmake_export_include_directories-extras.cmake
[11.125s] -- Up-to-date: /home/user/ros2_ws/install/custom_interfaces/share/custom_interfaces/cmake/ament_cmake_export_libraries-extras.cmake
[11.126s] -- Up-to-date: /home/user/ros2_ws/install/custom_interfaces/share/custom_interfaces/cmake/ament_cmake_export_targets-extras.cmake
[11.126s] -- Up-to-date: /home/user/ros2_ws/install/custom_interfaces/share/custom_interfaces/cmake/rosidl_cmake_export_typesupport_targets-extras.cmake
[11.126s] -- Up-to-date: /home/user/ros2_ws/install/custom_interfaces/share/custom_interfaces/cmake/ament_cmake_export_dependencies-extras.cmake
[11.126s] -- Up-to-date: /home/user/ros2_ws/install/custom_interfaces/share/custom_interfaces/cmake/rosidl_cmake_export_typesupport_libraries-extras.cmake
[11.126s] -- Up-to-date: /home/user/ros2_ws/install/custom_interfaces/share/custom_interfaces/cmake/custom_interfacesConfig.cmake
[11.126s] -- Up-to-date: /home/user/ros2_ws/install/custom_interfaces/share/custom_interfaces/cmake/custom_interfacesConfig-version.cmake
[11.126s] -- Up-to-date: /home/user/ros2_ws/install/custom_interfaces/share/custom_interfaces/package.xml
[11.127s] Invoked command in '/home/user/ros2_ws/build/custom_interfaces' returned '0': CMAKE_PREFIX_PATH=${CMAKE_PREFIX_PATH}:/home/simulations/ros2_sims_ws/install/rclrs_tests:/home/simulations/ros2_sims_ws/install/examples_rclrs_minimal_client_service:/home/simulations/ros2_sims_ws/install/sensor_msgs_py:/home/simulations/ros2_sims_ws/install/examples_rclrs_minimal_pub_sub:/home/simulations/ros2_sims_ws/install/examples_rclrs_message_demo:/home/simulations/ros2_sims_ws/install/rclrs:/home/simulations/ros2_sims_ws/install/rosidl_runtime_rs:/home/user/ros2_ws/install/project_path_planning:/home/user/ros2_ws/install/project_mapping:/home/user/ros2_ws/install/project_localization:/opt/ros/humble _=/usr/bin/env /usr/bin/cmake --install /home/user/ros2_ws/build/custom_interfaces
