[2.472s] Invoking command in '/home/user/ros2_ws/src/project_path_planning': PYTHONPATH=/home/user/ros2_ws/build/project_path_planning/prefix_override:/home/user/ros2_ws/install/project_path_planning/lib/python3.10/site-packages:${PYTHONPATH} _=/usr/bin/env /usr/bin/python3 setup.py egg_info --egg-base ../../build/project_path_planning build --build-base /home/user/ros2_ws/build/project_path_planning/build install --record /home/user/ros2_ws/build/project_path_planning/install.log --single-version-externally-managed
[3.500s] running egg_info
[3.500s] writing ../../build/project_path_planning/project_path_planning.egg-info/PKG-INFO
[3.500s] writing dependency_links to ../../build/project_path_planning/project_path_planning.egg-info/dependency_links.txt
[3.500s] writing entry points to ../../build/project_path_planning/project_path_planning.egg-info/entry_points.txt
[3.501s] writing requirements to ../../build/project_path_planning/project_path_planning.egg-info/requires.txt
[3.501s] writing top-level names to ../../build/project_path_planning/project_path_planning.egg-info/top_level.txt
[3.503s] reading manifest file '../../build/project_path_planning/project_path_planning.egg-info/SOURCES.txt'
[3.505s] writing manifest file '../../build/project_path_planning/project_path_planning.egg-info/SOURCES.txt'
[3.505s] running build
[3.506s] running build_py
[3.506s] copying project_path_planning/spot_recorder.py -> /home/user/ros2_ws/build/project_path_planning/build/lib/project_path_planning
[3.506s] running install
[3.506s] /usr/lib/python3/dist-packages/setuptools/command/install.py:34: SetuptoolsDeprecationWarning: setup.py install is deprecated. Use build and pip and other standards-based tools.
[3.506s]   warnings.warn(
[3.507s] running install_lib
[3.551s] copying /home/user/ros2_ws/build/project_path_planning/build/lib/project_path_planning/spot_recorder.py -> /home/user/ros2_ws/install/project_path_planning/lib/python3.10/site-packages/project_path_planning
[3.551s] byte-compiling /home/user/ros2_ws/install/project_path_planning/lib/python3.10/site-packages/project_path_planning/spot_recorder.py to spot_recorder.cpython-310.pyc
[3.553s] running install_data
[3.554s] copying config/project_params.yaml -> /home/user/ros2_ws/install/project_path_planning/share/project_path_planning/config
[3.554s] running install_egg_info
[3.558s] removing '/home/user/ros2_ws/install/project_path_planning/lib/python3.10/site-packages/project_path_planning-0.0.0-py3.10.egg-info' (and everything under it)
[3.558s] Copying ../../build/project_path_planning/project_path_planning.egg-info to /home/user/ros2_ws/install/project_path_planning/lib/python3.10/site-packages/project_path_planning-0.0.0-py3.10.egg-info
[3.559s] running install_scripts
[3.665s] Installing spot_recorder script to /home/user/ros2_ws/install/project_path_planning/lib/project_path_planning
[3.665s] writing list of installed files to '/home/user/ros2_ws/build/project_path_planning/install.log'
[3.757s] Invoked command in '/home/user/ros2_ws/src/project_path_planning' returned '0': PYTHONPATH=/home/user/ros2_ws/build/project_path_planning/prefix_override:/home/user/ros2_ws/install/project_path_planning/lib/python3.10/site-packages:${PYTHONPATH} _=/usr/bin/env /usr/bin/python3 setup.py egg_info --egg-base ../../build/project_path_planning build --build-base /home/user/ros2_ws/build/project_path_planning/build install --record /home/user/ros2_ws/build/project_path_planning/install.log --single-version-externally-managed
