[2.936s] Invoking command in '/home/user/ros2_ws/src/project_mapping': PYTHONPATH=/home/user/ros2_ws/build/project_mapping/prefix_override:/home/user/ros2_ws/install/project_mapping/lib/python3.10/site-packages:${PYTHONPATH} _=/usr/bin/env /usr/bin/python3 setup.py egg_info --egg-base ../../build/project_mapping build --build-base /home/user/ros2_ws/build/project_mapping/build install --record /home/user/ros2_ws/build/project_mapping/install.log --single-version-externally-managed
[3.967s] running egg_info
[3.968s] writing ../../build/project_mapping/project_mapping.egg-info/PKG-INFO
[3.969s] writing dependency_links to ../../build/project_mapping/project_mapping.egg-info/dependency_links.txt
[3.969s] writing entry points to ../../build/project_mapping/project_mapping.egg-info/entry_points.txt
[3.970s] writing requirements to ../../build/project_mapping/project_mapping.egg-info/requires.txt
[3.970s] writing top-level names to ../../build/project_mapping/project_mapping.egg-info/top_level.txt
[3.972s] reading manifest file '../../build/project_mapping/project_mapping.egg-info/SOURCES.txt'
[3.974s] writing manifest file '../../build/project_mapping/project_mapping.egg-info/SOURCES.txt'
[3.975s] /usr/lib/python3/dist-packages/setuptools/command/install.py:34: SetuptoolsDeprecationWarning: setup.py install is deprecated. Use build and pip and other standards-based tools.
[3.975s]   warnings.warn(
[3.975s] running build
[3.975s] running build_py
[3.975s] running install
[3.976s] running install_lib
[3.978s] running install_data
[3.978s] running install_egg_info
[3.982s] removing '/home/user/ros2_ws/install/project_mapping/lib/python3.10/site-packages/project_mapping-0.0.0-py3.10.egg-info' (and everything under it)
[4.032s] Copying ../../build/project_mapping/project_mapping.egg-info to /home/user/ros2_ws/install/project_mapping/lib/python3.10/site-packages/project_mapping-0.0.0-py3.10.egg-info
[4.033s] running install_scripts
[4.077s] writing list of installed files to '/home/user/ros2_ws/build/project_mapping/install.log'
[4.179s] Invoked command in '/home/user/ros2_ws/src/project_mapping' returned '0': PYTHONPATH=/home/user/ros2_ws/build/project_mapping/prefix_override:/home/user/ros2_ws/install/project_mapping/lib/python3.10/site-packages:${PYTHONPATH} _=/usr/bin/env /usr/bin/python3 setup.py egg_info --egg-base ../../build/project_mapping build --build-base /home/user/ros2_ws/build/project_mapping/build install --record /home/user/ros2_ws/build/project_mapping/install.log --single-version-externally-managed
