[3.250s] Invoking command in '/home/user/ros2_ws/src/project_path_planning': PYTHONPATH=/home/user/ros2_ws/build/project_path_planning/prefix_override:/home/user/ros2_ws/install/project_path_planning/lib/python3.10/site-packages:${PYTHONPATH} _=/usr/bin/env /usr/bin/python3 setup.py egg_info --egg-base ../../build/project_path_planning build --build-base /home/user/ros2_ws/build/project_path_planning/build install --record /home/user/ros2_ws/build/project_path_planning/install.log --single-version-externally-managed
[4.476s] running egg_info
[4.479s] writing ../../build/project_path_planning/project_path_planning.egg-info/PKG-INFO
[4.480s] writing dependency_links to ../../build/project_path_planning/project_path_planning.egg-info/dependency_links.txt
[4.480s] writing entry points to ../../build/project_path_planning/project_path_planning.egg-info/entry_points.txt
[4.480s] writing requirements to ../../build/project_path_planning/project_path_planning.egg-info/requires.txt
[4.480s] writing top-level names to ../../build/project_path_planning/project_path_planning.egg-info/top_level.txt
[4.480s] reading manifest file '../../build/project_path_planning/project_path_planning.egg-info/SOURCES.txt'
[4.483s] writing manifest file '../../build/project_path_planning/project_path_planning.egg-info/SOURCES.txt'
[4.484s] running build
[4.484s] running build_py
[4.485s] running install
[4.486s] /usr/lib/python3/dist-packages/setuptools/command/install.py:34: SetuptoolsDeprecationWarning: setup.py install is deprecated. Use build and pip and other standards-based tools.
[4.487s]   warnings.warn(
[4.487s] running install_lib
[4.488s] running install_data
[4.488s] creating /home/user/ros2_ws/install/project_path_planning/share/project_path_planning/launch
[4.488s] copying launch/path_planning_launch.launch.py -> /home/user/ros2_ws/install/project_path_planning/share/project_path_planning/launch
[4.488s] creating /home/user/ros2_ws/install/project_path_planning/share/project_path_planning/config
[4.488s] copying config/behavior.xml -> /home/user/ros2_ws/install/project_path_planning/share/project_path_planning/config
[4.488s] copying config/planner_server.yaml -> /home/user/ros2_ws/install/project_path_planning/share/project_path_planning/config
[4.488s] copying config/controller.yaml -> /home/user/ros2_ws/install/project_path_planning/share/project_path_planning/config
[4.488s] copying config/recovery.yaml -> /home/user/ros2_ws/install/project_path_planning/share/project_path_planning/config
[4.488s] copying config/bt_navigator.yaml -> /home/user/ros2_ws/install/project_path_planning/share/project_path_planning/config
[4.489s] running install_egg_info
[4.490s] removing '/home/user/ros2_ws/install/project_path_planning/lib/python3.10/site-packages/project_path_planning-0.0.0-py3.10.egg-info' (and everything under it)
[4.491s] Copying ../../build/project_path_planning/project_path_planning.egg-info to /home/user/ros2_ws/install/project_path_planning/lib/python3.10/site-packages/project_path_planning-0.0.0-py3.10.egg-info
[4.492s] running install_scripts
[4.703s] writing list of installed files to '/home/user/ros2_ws/build/project_path_planning/install.log'
[4.876s] Invoked command in '/home/user/ros2_ws/src/project_path_planning' returned '0': PYTHONPATH=/home/user/ros2_ws/build/project_path_planning/prefix_override:/home/user/ros2_ws/install/project_path_planning/lib/python3.10/site-packages:${PYTHONPATH} _=/usr/bin/env /usr/bin/python3 setup.py egg_info --egg-base ../../build/project_path_planning build --build-base /home/user/ros2_ws/build/project_path_planning/build install --record /home/user/ros2_ws/build/project_path_planning/install.log --single-version-externally-managed
