[6.483s] Invoking command in '/home/user/ros2_ws/src/project_mapping': PYTHONPATH=/home/user/ros2_ws/build/project_mapping/prefix_override:/home/user/ros2_ws/install/project_mapping/lib/python3.10/site-packages:${PYTHONPATH} _=/usr/bin/env /usr/bin/python3 setup.py egg_info --egg-base ../../build/project_mapping build --build-base /home/user/ros2_ws/build/project_mapping/build install --record /home/user/ros2_ws/build/project_mapping/install.log --single-version-externally-managed
[8.090s] running egg_info
[8.092s] writing ../../build/project_mapping/project_mapping.egg-info/PKG-INFO
[8.092s] writing dependency_links to ../../build/project_mapping/project_mapping.egg-info/dependency_links.txt
[8.092s] writing entry points to ../../build/project_mapping/project_mapping.egg-info/entry_points.txt
[8.092s] writing requirements to ../../build/project_mapping/project_mapping.egg-info/requires.txt
[8.092s] writing top-level names to ../../build/project_mapping/project_mapping.egg-info/top_level.txt
[8.159s] /usr/lib/python3/dist-packages/setuptools/command/install.py:34: SetuptoolsDeprecationWarning: setup.py install is deprecated. Use build and pip and other standards-based tools.
[8.159s]   warnings.warn(
[8.159s] reading manifest file '../../build/project_mapping/project_mapping.egg-info/SOURCES.txt'
[8.159s] writing manifest file '../../build/project_mapping/project_mapping.egg-info/SOURCES.txt'
[8.159s] running build
[8.159s] running build_py
[8.163s] running install
[8.163s] running install_lib
[8.163s] running install_data
[8.164s] running install_egg_info
[8.169s] removing '/home/user/ros2_ws/install/project_mapping/lib/python3.10/site-packages/project_mapping-0.0.0-py3.10.egg-info' (and everything under it)
[8.169s] Copying ../../build/project_mapping/project_mapping.egg-info to /home/user/ros2_ws/install/project_mapping/lib/python3.10/site-packages/project_mapping-0.0.0-py3.10.egg-info
[8.174s] running install_scripts
[8.363s] writing list of installed files to '/home/user/ros2_ws/build/project_mapping/install.log'
[8.502s] Invoked command in '/home/user/ros2_ws/src/project_mapping' returned '0': PYTHONPATH=/home/user/ros2_ws/build/project_mapping/prefix_override:/home/user/ros2_ws/install/project_mapping/lib/python3.10/site-packages:${PYTHONPATH} _=/usr/bin/env /usr/bin/python3 setup.py egg_info --egg-base ../../build/project_mapping build --build-base /home/user/ros2_ws/build/project_mapping/build install --record /home/user/ros2_ws/build/project_mapping/install.log --single-version-externally-managed
