[2.414s] DEBUG:colcon:Command line arguments: ['/usr/bin/colcon', 'build', '--packages-select', 'project_path_planning']
[2.414s] DEBUG:colcon:Parsed command line arguments: Namespace(log_base=None, log_level=None, verb_name='build', build_base='build', install_base='install', merge_install=False, symlink_install=False, test_result_base=None, continue_on_error=False, executor='parallel', parallel_workers=8, event_handlers=None, ignore_user_meta=False, metas=['./colcon.meta'], base_paths=['.'], packages_ignore=None, packages_ignore_regex=None, paths=None, packages_up_to=None, packages_up_to_regex=None, packages_above=None, packages_above_and_dependencies=None, packages_above_depth=None, packages_select_by_dep=None, packages_skip_by_dep=None, packages_skip_up_to=None, packages_select_build_failed=False, packages_skip_build_finished=False, packages_select_test_failures=False, packages_skip_test_passed=False, packages_select=['project_path_planning'], packages_skip=None, packages_select_regex=None, packages_skip_regex=None, packages_start=None, packages_end=None, lookup_in_workspace=False, cargo_args=None, clean_build=False, cmake_args=None, cmake_target=None, cmake_target_skip_unavailable=False, cmake_clean_cache=False, cmake_clean_first=False, cmake_force_configure=False, ament_cmake_args=None, catkin_cmake_args=None, catkin_skip_building_tests=False, mixin_files=None, mixin=None, verb_parser=<colcon_mixin.mixin.mixin_argument.MixinArgumentDecorator object at 0x7f754f598700>, verb_extension=<colcon_core.verb.build.BuildVerb object at 0x7f754fece8c0>, main=<bound method BuildVerb.main of <colcon_core.verb.build.BuildVerb object at 0x7f754fece8c0>>, mixin_verb=('build',))
[2.700s] Level 1:colcon.colcon_core.package_discovery:discover_packages(colcon_meta) check parameters
[2.701s] Level 1:colcon.colcon_core.package_discovery:discover_packages(recursive) check parameters
[2.701s] Level 1:colcon.colcon_core.package_discovery:discover_packages(ignore) check parameters
[2.701s] Level 1:colcon.colcon_core.package_discovery:discover_packages(path) check parameters
[2.701s] Level 1:colcon.colcon_core.package_discovery:discover_packages(colcon_meta) discover
[2.701s] Level 1:colcon.colcon_core.package_discovery:discover_packages(recursive) discover
[2.701s] INFO:colcon.colcon_core.package_discovery:Crawling recursively for packages in '/home/user/ros2_ws'
[2.701s] Level 1:colcon.colcon_core.package_identification:_identify(.) by extensions ['ignore', 'ignore_ament_install']
[2.701s] Level 1:colcon.colcon_core.package_identification:_identify(.) by extension 'ignore'
[2.701s] Level 1:colcon.colcon_core.package_identification:_identify(.) by extension 'ignore_ament_install'
[2.701s] Level 1:colcon.colcon_core.package_identification:_identify(.) by extensions ['colcon_pkg']
[2.702s] Level 1:colcon.colcon_core.package_identification:_identify(.) by extension 'colcon_pkg'
[2.702s] Level 1:colcon.colcon_core.package_identification:_identify(.) by extensions ['colcon_meta']
[2.702s] Level 1:colcon.colcon_core.package_identification:_identify(.) by extension 'colcon_meta'
[2.702s] Level 1:colcon.colcon_core.package_identification:_identify(.) by extensions ['ament_cargo']
[2.702s] Level 1:colcon.colcon_core.package_identification:_identify(.) by extension 'ament_cargo'
[2.702s] Level 1:colcon.colcon_core.package_identification:_identify(.) by extensions ['ros']
[2.702s] Level 1:colcon.colcon_core.package_identification:_identify(.) by extension 'ros'
[2.724s] Level 1:colcon.colcon_core.package_identification:_identify(.) by extensions ['cargo', 'cmake', 'python']
[2.724s] Level 1:colcon.colcon_core.package_identification:_identify(.) by extension 'cargo'
[2.724s] Level 1:colcon.colcon_core.package_identification:_identify(.) by extension 'cmake'
[2.724s] Level 1:colcon.colcon_core.package_identification:_identify(.) by extension 'python'
[2.724s] Level 1:colcon.colcon_core.package_identification:_identify(.) by extensions ['python_setup_py']
[2.724s] Level 1:colcon.colcon_core.package_identification:_identify(.) by extension 'python_setup_py'
[2.724s] Level 1:colcon.colcon_core.package_identification:_identify(build) by extensions ['ignore', 'ignore_ament_install']
[2.725s] Level 1:colcon.colcon_core.package_identification:_identify(build) by extension 'ignore'
[2.725s] Level 1:colcon.colcon_core.package_identification:_identify(build) ignored
[2.725s] Level 1:colcon.colcon_core.package_identification:_identify(install) by extensions ['ignore', 'ignore_ament_install']
[2.725s] Level 1:colcon.colcon_core.package_identification:_identify(install) by extension 'ignore'
[2.725s] Level 1:colcon.colcon_core.package_identification:_identify(install) ignored
[2.725s] Level 1:colcon.colcon_core.package_identification:_identify(log) by extensions ['ignore', 'ignore_ament_install']
[2.726s] Level 1:colcon.colcon_core.package_identification:_identify(log) by extension 'ignore'
[2.726s] Level 1:colcon.colcon_core.package_identification:_identify(log) ignored
[2.726s] Level 1:colcon.colcon_core.package_identification:_identify(src) by extensions ['ignore', 'ignore_ament_install']
[2.726s] Level 1:colcon.colcon_core.package_identification:_identify(src) by extension 'ignore'
[2.726s] Level 1:colcon.colcon_core.package_identification:_identify(src) by extension 'ignore_ament_install'
[2.726s] Level 1:colcon.colcon_core.package_identification:_identify(src) by extensions ['colcon_pkg']
[2.726s] Level 1:colcon.colcon_core.package_identification:_identify(src) by extension 'colcon_pkg'
[2.726s] Level 1:colcon.colcon_core.package_identification:_identify(src) by extensions ['colcon_meta']
[2.726s] Level 1:colcon.colcon_core.package_identification:_identify(src) by extension 'colcon_meta'
[2.726s] Level 1:colcon.colcon_core.package_identification:_identify(src) by extensions ['ament_cargo']
[2.726s] Level 1:colcon.colcon_core.package_identification:_identify(src) by extension 'ament_cargo'
[2.726s] Level 1:colcon.colcon_core.package_identification:_identify(src) by extensions ['ros']
[2.727s] Level 1:colcon.colcon_core.package_identification:_identify(src) by extension 'ros'
[2.727s] Level 1:colcon.colcon_core.package_identification:_identify(src) by extensions ['cargo', 'cmake', 'python']
[2.727s] Level 1:colcon.colcon_core.package_identification:_identify(src) by extension 'cargo'
[2.727s] Level 1:colcon.colcon_core.package_identification:_identify(src) by extension 'cmake'
[2.727s] Level 1:colcon.colcon_core.package_identification:_identify(src) by extension 'python'
[2.727s] Level 1:colcon.colcon_core.package_identification:_identify(src) by extensions ['python_setup_py']
[2.727s] Level 1:colcon.colcon_core.package_identification:_identify(src) by extension 'python_setup_py'
[2.727s] Level 1:colcon.colcon_core.package_identification:_identify(src/custom_interfaces) by extensions ['ignore', 'ignore_ament_install']
[2.727s] Level 1:colcon.colcon_core.package_identification:_identify(src/custom_interfaces) by extension 'ignore'
[2.727s] Level 1:colcon.colcon_core.package_identification:_identify(src/custom_interfaces) by extension 'ignore_ament_install'
[2.727s] Level 1:colcon.colcon_core.package_identification:_identify(src/custom_interfaces) by extensions ['colcon_pkg']
[2.727s] Level 1:colcon.colcon_core.package_identification:_identify(src/custom_interfaces) by extension 'colcon_pkg'
[2.727s] Level 1:colcon.colcon_core.package_identification:_identify(src/custom_interfaces) by extensions ['colcon_meta']
[2.727s] Level 1:colcon.colcon_core.package_identification:_identify(src/custom_interfaces) by extension 'colcon_meta'
[2.728s] Level 1:colcon.colcon_core.package_identification:_identify(src/custom_interfaces) by extensions ['ament_cargo']
[2.728s] Level 1:colcon.colcon_core.package_identification:_identify(src/custom_interfaces) by extension 'ament_cargo'
[2.728s] Level 1:colcon.colcon_core.package_identification:_identify(src/custom_interfaces) by extensions ['ros']
[2.728s] Level 1:colcon.colcon_core.package_identification:_identify(src/custom_interfaces) by extension 'ros'
[2.731s] DEBUG:colcon.colcon_core.package_identification:Package 'src/custom_interfaces' with type 'ros.ament_cmake' and name 'custom_interfaces'
[2.731s] Level 1:colcon.colcon_core.package_identification:_identify(src/project_localization) by extensions ['ignore', 'ignore_ament_install']
[2.731s] Level 1:colcon.colcon_core.package_identification:_identify(src/project_localization) by extension 'ignore'
[2.731s] Level 1:colcon.colcon_core.package_identification:_identify(src/project_localization) by extension 'ignore_ament_install'
[2.731s] Level 1:colcon.colcon_core.package_identification:_identify(src/project_localization) by extensions ['colcon_pkg']
[2.731s] Level 1:colcon.colcon_core.package_identification:_identify(src/project_localization) by extension 'colcon_pkg'
[2.731s] Level 1:colcon.colcon_core.package_identification:_identify(src/project_localization) by extensions ['colcon_meta']
[2.731s] Level 1:colcon.colcon_core.package_identification:_identify(src/project_localization) by extension 'colcon_meta'
[2.731s] Level 1:colcon.colcon_core.package_identification:_identify(src/project_localization) by extensions ['ament_cargo']
[2.731s] Level 1:colcon.colcon_core.package_identification:_identify(src/project_localization) by extension 'ament_cargo'
[2.731s] Level 1:colcon.colcon_core.package_identification:_identify(src/project_localization) by extensions ['ros']
[2.731s] Level 1:colcon.colcon_core.package_identification:_identify(src/project_localization) by extension 'ros'
[2.780s] DEBUG:colcon.colcon_core.package_identification:Package 'src/project_localization' with type 'ros.ament_python' and name 'project_localization'
[2.781s] Level 1:colcon.colcon_core.package_identification:_identify(src/project_mapping) by extensions ['ignore', 'ignore_ament_install']
[2.781s] Level 1:colcon.colcon_core.package_identification:_identify(src/project_mapping) by extension 'ignore'
[2.781s] Level 1:colcon.colcon_core.package_identification:_identify(src/project_mapping) by extension 'ignore_ament_install'
[2.781s] Level 1:colcon.colcon_core.package_identification:_identify(src/project_mapping) by extensions ['colcon_pkg']
[2.781s] Level 1:colcon.colcon_core.package_identification:_identify(src/project_mapping) by extension 'colcon_pkg'
[2.781s] Level 1:colcon.colcon_core.package_identification:_identify(src/project_mapping) by extensions ['colcon_meta']
[2.781s] Level 1:colcon.colcon_core.package_identification:_identify(src/project_mapping) by extension 'colcon_meta'
[2.781s] Level 1:colcon.colcon_core.package_identification:_identify(src/project_mapping) by extensions ['ament_cargo']
[2.781s] Level 1:colcon.colcon_core.package_identification:_identify(src/project_mapping) by extension 'ament_cargo'
[2.781s] Level 1:colcon.colcon_core.package_identification:_identify(src/project_mapping) by extensions ['ros']
[2.782s] Level 1:colcon.colcon_core.package_identification:_identify(src/project_mapping) by extension 'ros'
[2.788s] DEBUG:colcon.colcon_core.package_identification:Package 'src/project_mapping' with type 'ros.ament_python' and name 'project_mapping'
[2.788s] Level 1:colcon.colcon_core.package_identification:_identify(src/project_path_planning) by extensions ['ignore', 'ignore_ament_install']
[2.788s] Level 1:colcon.colcon_core.package_identification:_identify(src/project_path_planning) by extension 'ignore'
[2.788s] Level 1:colcon.colcon_core.package_identification:_identify(src/project_path_planning) by extension 'ignore_ament_install'
[2.788s] Level 1:colcon.colcon_core.package_identification:_identify(src/project_path_planning) by extensions ['colcon_pkg']
[2.788s] Level 1:colcon.colcon_core.package_identification:_identify(src/project_path_planning) by extension 'colcon_pkg'
[2.788s] Level 1:colcon.colcon_core.package_identification:_identify(src/project_path_planning) by extensions ['colcon_meta']
[2.788s] Level 1:colcon.colcon_core.package_identification:_identify(src/project_path_planning) by extension 'colcon_meta'
[2.788s] Level 1:colcon.colcon_core.package_identification:_identify(src/project_path_planning) by extensions ['ament_cargo']
[2.788s] Level 1:colcon.colcon_core.package_identification:_identify(src/project_path_planning) by extension 'ament_cargo'
[2.788s] Level 1:colcon.colcon_core.package_identification:_identify(src/project_path_planning) by extensions ['ros']
[2.788s] Level 1:colcon.colcon_core.package_identification:_identify(src/project_path_planning) by extension 'ros'
[2.789s] DEBUG:colcon.colcon_core.package_identification:Package 'src/project_path_planning' with type 'ros.ament_python' and name 'project_path_planning'
[2.789s] Level 1:colcon.colcon_core.package_discovery:discover_packages(recursive) using defaults
[2.790s] Level 1:colcon.colcon_core.package_discovery:discover_packages(ignore) discover
[2.790s] Level 1:colcon.colcon_core.package_discovery:discover_packages(ignore) using defaults
[2.790s] Level 1:colcon.colcon_core.package_discovery:discover_packages(path) discover
[2.790s] Level 1:colcon.colcon_core.package_discovery:discover_packages(path) using defaults
[2.999s] INFO:colcon.colcon_core.package_selection:Skipping not selected package 'custom_interfaces' in 'src/custom_interfaces'
[3.002s] INFO:colcon.colcon_core.package_selection:Skipping not selected package 'project_mapping' in 'src/project_mapping'
[3.002s] INFO:colcon.colcon_core.package_selection:Skipping not selected package 'project_localization' in 'src/project_localization'
[3.015s] Level 5:colcon.colcon_core.verb:set package 'project_path_planning' build argument 'lookup_in_workspace' from command line to 'False'
[3.016s] Level 5:colcon.colcon_core.verb:set package 'project_path_planning' build argument 'cargo_args' from command line to 'None'
[3.016s] Level 5:colcon.colcon_core.verb:set package 'project_path_planning' build argument 'clean_build' from command line to 'False'
[3.016s] Level 5:colcon.colcon_core.verb:set package 'project_path_planning' build argument 'cmake_args' from command line to 'None'
[3.016s] Level 5:colcon.colcon_core.verb:set package 'project_path_planning' build argument 'cmake_target' from command line to 'None'
[3.016s] Level 5:colcon.colcon_core.verb:set package 'project_path_planning' build argument 'cmake_target_skip_unavailable' from command line to 'False'
[3.016s] Level 5:colcon.colcon_core.verb:set package 'project_path_planning' build argument 'cmake_clean_cache' from command line to 'False'
[3.016s] Level 5:colcon.colcon_core.verb:set package 'project_path_planning' build argument 'cmake_clean_first' from command line to 'False'
[3.016s] Level 5:colcon.colcon_core.verb:set package 'project_path_planning' build argument 'cmake_force_configure' from command line to 'False'
[3.016s] Level 5:colcon.colcon_core.verb:set package 'project_path_planning' build argument 'ament_cmake_args' from command line to 'None'
[3.016s] Level 5:colcon.colcon_core.verb:set package 'project_path_planning' build argument 'catkin_cmake_args' from command line to 'None'
[3.016s] Level 5:colcon.colcon_core.verb:set package 'project_path_planning' build argument 'catkin_skip_building_tests' from command line to 'False'
[3.016s] DEBUG:colcon.colcon_core.verb:Building package 'project_path_planning' with the following arguments: {'ament_cmake_args': None, 'build_base': '/home/user/ros2_ws/build/project_path_planning', 'cargo_args': None, 'catkin_cmake_args': None, 'catkin_skip_building_tests': False, 'clean_build': False, 'cmake_args': None, 'cmake_clean_cache': False, 'cmake_clean_first': False, 'cmake_force_configure': False, 'cmake_target': None, 'cmake_target_skip_unavailable': False, 'install_base': '/home/user/ros2_ws/install/project_path_planning', 'lookup_in_workspace': False, 'merge_install': False, 'path': '/home/user/ros2_ws/src/project_path_planning', 'symlink_install': False, 'test_result_base': None}
[3.017s] INFO:colcon.colcon_core.executor:Executing jobs using 'parallel' executor
[3.093s] DEBUG:colcon.colcon_parallel_executor.executor.parallel:run_until_complete
[3.094s] INFO:colcon.colcon_ros.task.ament_python.build:Building ROS package in '/home/user/ros2_ws/src/project_path_planning' with build type 'ament_python'
[3.094s] Level 1:colcon.colcon_core.shell:create_environment_hook('project_path_planning', 'ament_prefix_path')
[3.108s] INFO:colcon.colcon_core.plugin_system:Skipping extension 'colcon_core.shell.bat': Not used on non-Windows systems
[3.108s] INFO:colcon.colcon_core.shell:Creating environment hook '/home/user/ros2_ws/install/project_path_planning/share/project_path_planning/hook/ament_prefix_path.ps1'
[3.109s] INFO:colcon.colcon_core.shell:Creating environment descriptor '/home/user/ros2_ws/install/project_path_planning/share/project_path_planning/hook/ament_prefix_path.dsv'
[3.110s] INFO:colcon.colcon_core.shell:Creating environment hook '/home/user/ros2_ws/install/project_path_planning/share/project_path_planning/hook/ament_prefix_path.sh'
[3.124s] INFO:colcon.colcon_core.shell:Skip shell extension 'powershell' for command environment: Not usable outside of PowerShell
[3.125s] DEBUG:colcon.colcon_core.shell:Skip shell extension 'dsv' for command environment
[4.709s] INFO:colcon.colcon_core.task.python.build:Building Python package in '/home/user/ros2_ws/src/project_path_planning'
[4.783s] INFO:colcon.colcon_core.shell:Skip shell extension 'powershell' for command environment: Not usable outside of PowerShell
[4.783s] DEBUG:colcon.colcon_core.shell:Skip shell extension 'dsv' for command environment
[6.530s] DEBUG:colcon.colcon_core.event_handler.log_command:Invoking command in '/home/user/ros2_ws/src/project_path_planning': PYTHONPATH=/home/user/ros2_ws/build/project_path_planning/prefix_override:/home/user/ros2_ws/install/project_path_planning/lib/python3.10/site-packages:${PYTHONPATH} _=/usr/bin/env /usr/bin/python3 setup.py egg_info --egg-base ../../build/project_path_planning build --build-base /home/user/ros2_ws/build/project_path_planning/build install --record /home/user/ros2_ws/build/project_path_planning/install.log --single-version-externally-managed
[8.480s] DEBUG:colcon.colcon_core.event_handler.log_command:Invoked command in '/home/user/ros2_ws/src/project_path_planning' returned '0': PYTHONPATH=/home/user/ros2_ws/build/project_path_planning/prefix_override:/home/user/ros2_ws/install/project_path_planning/lib/python3.10/site-packages:${PYTHONPATH} _=/usr/bin/env /usr/bin/python3 setup.py egg_info --egg-base ../../build/project_path_planning build --build-base /home/user/ros2_ws/build/project_path_planning/build install --record /home/user/ros2_ws/build/project_path_planning/install.log --single-version-externally-managed
[8.494s] Level 1:colcon.colcon_core.environment:checking '/home/user/ros2_ws/install/project_path_planning' for CMake module files
[8.495s] Level 1:colcon.colcon_core.environment:checking '/home/user/ros2_ws/install/project_path_planning' for CMake config files
[8.496s] Level 1:colcon.colcon_core.environment:checking '/home/user/ros2_ws/install/project_path_planning/lib'
[8.497s] Level 1:colcon.colcon_core.environment:checking '/home/user/ros2_ws/install/project_path_planning/bin'
[8.497s] Level 1:colcon.colcon_core.environment:checking '/home/user/ros2_ws/install/project_path_planning/lib/pkgconfig/project_path_planning.pc'
[8.497s] Level 1:colcon.colcon_core.environment:checking '/home/user/ros2_ws/install/project_path_planning/lib/python3.10/site-packages'
[8.497s] Level 1:colcon.colcon_core.shell:create_environment_hook('project_path_planning', 'pythonpath')
[8.500s] INFO:colcon.colcon_core.shell:Creating environment hook '/home/user/ros2_ws/install/project_path_planning/share/project_path_planning/hook/pythonpath.ps1'
[8.501s] INFO:colcon.colcon_core.shell:Creating environment descriptor '/home/user/ros2_ws/install/project_path_planning/share/project_path_planning/hook/pythonpath.dsv'
[8.502s] INFO:colcon.colcon_core.shell:Creating environment hook '/home/user/ros2_ws/install/project_path_planning/share/project_path_planning/hook/pythonpath.sh'
[8.502s] Level 1:colcon.colcon_core.environment:checking '/home/user/ros2_ws/install/project_path_planning/bin'
[8.503s] Level 1:colcon.colcon_core.environment:create_environment_scripts_only(project_path_planning)
[8.505s] INFO:colcon.colcon_core.shell:Creating package script '/home/user/ros2_ws/install/project_path_planning/share/project_path_planning/package.ps1'
[8.507s] INFO:colcon.colcon_core.shell:Creating package descriptor '/home/user/ros2_ws/install/project_path_planning/share/project_path_planning/package.dsv'
[8.508s] INFO:colcon.colcon_core.shell:Creating package script '/home/user/ros2_ws/install/project_path_planning/share/project_path_planning/package.sh'
[8.580s] INFO:colcon.colcon_core.shell:Creating package script '/home/user/ros2_ws/install/project_path_planning/share/project_path_planning/package.bash'
[8.581s] INFO:colcon.colcon_core.shell:Creating package script '/home/user/ros2_ws/install/project_path_planning/share/project_path_planning/package.zsh'
[8.585s] Level 1:colcon.colcon_core.environment:create_file_with_runtime_dependencies(/home/user/ros2_ws/install/project_path_planning/share/colcon-core/packages/project_path_planning)
[8.585s] DEBUG:colcon.colcon_parallel_executor.executor.parallel:closing loop
[8.586s] DEBUG:colcon.colcon_parallel_executor.executor.parallel:loop closed
[8.587s] DEBUG:colcon.colcon_parallel_executor.executor.parallel:run_until_complete finished with '0'
[8.587s] DEBUG:colcon.colcon_core.event_reactor:joining thread
[8.597s] INFO:colcon.colcon_core.plugin_system:Skipping extension 'colcon_notification.desktop_notification.notify_send': Could not find 'notify-send'
[8.597s] INFO:colcon.colcon_core.plugin_system:Skipping extension 'colcon_notification.desktop_notification.terminal_notifier': Not used on non-Darwin systems
[8.598s] INFO:colcon.colcon_core.plugin_system:Skipping extension 'colcon_notification.desktop_notification.win32': Not used on non-Windows systems
[8.598s] INFO:colcon.colcon_notification.desktop_notification:Sending desktop notification using 'notify2'
[8.601s] DEBUG:colcon.colcon_notification.desktop_notification.notify2:Failed to initialize notify2: org.freedesktop.DBus.Error.Spawn.ExecFailed: /usr/bin/dbus-launch terminated abnormally without any error message
[8.602s] DEBUG:colcon.colcon_core.event_reactor:joined thread
[8.605s] INFO:colcon.colcon_core.shell:Creating prefix script '/home/user/ros2_ws/install/local_setup.ps1'
[8.606s] INFO:colcon.colcon_core.shell:Creating prefix util module '/home/user/ros2_ws/install/_local_setup_util_ps1.py'
[8.609s] INFO:colcon.colcon_core.shell:Creating prefix chain script '/home/user/ros2_ws/install/setup.ps1'
[8.614s] INFO:colcon.colcon_core.shell:Creating prefix script '/home/user/ros2_ws/install/local_setup.sh'
[8.615s] INFO:colcon.colcon_core.shell:Creating prefix util module '/home/user/ros2_ws/install/_local_setup_util_sh.py'
[8.616s] INFO:colcon.colcon_core.shell:Creating prefix chain script '/home/user/ros2_ws/install/setup.sh'
[8.621s] INFO:colcon.colcon_core.shell:Creating prefix script '/home/user/ros2_ws/install/local_setup.bash'
[8.622s] INFO:colcon.colcon_core.shell:Creating prefix chain script '/home/user/ros2_ws/install/setup.bash'
[8.626s] INFO:colcon.colcon_core.shell:Creating prefix script '/home/user/ros2_ws/install/local_setup.zsh'
[8.626s] INFO:colcon.colcon_core.shell:Creating prefix chain script '/home/user/ros2_ws/install/setup.zsh'
