[3.998s] Invoking command in '/home/user/ros2_ws/src/project_path_planning': PYTHONPATH=/home/user/ros2_ws/build/project_path_planning/prefix_override:/home/user/ros2_ws/install/project_path_planning/lib/python3.10/site-packages:${PYTHONPATH} _=/usr/bin/env /usr/bin/python3 setup.py egg_info --egg-base ../../build/project_path_planning build --build-base /home/user/ros2_ws/build/project_path_planning/build install --record /home/user/ros2_ws/build/project_path_planning/install.log --single-version-externally-managed
[5.661s] running egg_info
[5.662s] writing ../../build/project_path_planning/project_path_planning.egg-info/PKG-INFO
[5.662s] writing dependency_links to ../../build/project_path_planning/project_path_planning.egg-info/dependency_links.txt
[5.662s] writing entry points to ../../build/project_path_planning/project_path_planning.egg-info/entry_points.txt
[5.663s] writing requirements to ../../build/project_path_planning/project_path_planning.egg-info/requires.txt
[5.666s] writing top-level names to ../../build/project_path_planning/project_path_planning.egg-info/top_level.txt
[5.668s] reading manifest file '../../build/project_path_planning/project_path_planning.egg-info/SOURCES.txt'
[5.669s] writing manifest file '../../build/project_path_planning/project_path_planning.egg-info/SOURCES.txt'
[5.669s] running build
[5.670s] running build_py
[5.670s] /usr/lib/python3/dist-packages/setuptools/command/install.py:34: SetuptoolsDeprecationWarning: setup.py install is deprecated. Use build and pip and other standards-based tools.
[5.670s]   warnings.warn(
[5.670s] running install
[5.671s] running install_lib
[5.674s] running install_data
[5.675s] copying launch/path_planning_launch.launch.py -> /home/user/ros2_ws/install/project_path_planning/share/project_path_planning/launch
[5.675s] running install_egg_info
[5.680s] removing '/home/user/ros2_ws/install/project_path_planning/lib/python3.10/site-packages/project_path_planning-0.0.0-py3.10.egg-info' (and everything under it)
[5.681s] Copying ../../build/project_path_planning/project_path_planning.egg-info to /home/user/ros2_ws/install/project_path_planning/lib/python3.10/site-packages/project_path_planning-0.0.0-py3.10.egg-info
[5.685s] running install_scripts
[5.858s] writing list of installed files to '/home/user/ros2_ws/build/project_path_planning/install.log'
[5.983s] Invoked command in '/home/user/ros2_ws/src/project_path_planning' returned '0': PYTHONPATH=/home/user/ros2_ws/build/project_path_planning/prefix_override:/home/user/ros2_ws/install/project_path_planning/lib/python3.10/site-packages:${PYTHONPATH} _=/usr/bin/env /usr/bin/python3 setup.py egg_info --egg-base ../../build/project_path_planning build --build-base /home/user/ros2_ws/build/project_path_planning/build install --record /home/user/ros2_ws/build/project_path_planning/install.log --single-version-externally-managed
