[1.916s] DEBUG:colcon:Command line arguments: ['/usr/bin/colcon', 'build']
[1.916s] DEBUG:colcon:Parsed command line arguments: Namespace(log_base=None, log_level=None, verb_name='build', build_base='build', install_base='install', merge_install=False, symlink_install=False, test_result_base=None, continue_on_error=False, executor='parallel', parallel_workers=8, event_handlers=None, ignore_user_meta=False, metas=['./colcon.meta'], base_paths=['.'], packages_ignore=None, packages_ignore_regex=None, paths=None, packages_up_to=None, packages_up_to_regex=None, packages_above=None, packages_above_and_dependencies=None, packages_above_depth=None, packages_select_by_dep=None, packages_skip_by_dep=None, packages_skip_up_to=None, packages_select_build_failed=False, packages_skip_build_finished=False, packages_select_test_failures=False, packages_skip_test_passed=False, packages_select=None, packages_skip=None, packages_select_regex=None, packages_skip_regex=None, packages_start=None, packages_end=None, lookup_in_workspace=False, cargo_args=None, clean_build=False, cmake_args=None, cmake_target=None, cmake_target_skip_unavailable=False, cmake_clean_cache=False, cmake_clean_first=False, cmake_force_configure=False, ament_cmake_args=None, catkin_cmake_args=None, catkin_skip_building_tests=False, mixin_files=None, mixin=None, verb_parser=<colcon_mixin.mixin.mixin_argument.MixinArgumentDecorator object at 0x7f95a58105e0>, verb_extension=<colcon_core.verb.build.BuildVerb object at 0x7f95a62eb6d0>, main=<bound method BuildVerb.main of <colcon_core.verb.build.BuildVerb object at 0x7f95a62eb6d0>>, mixin_verb=('build',))
[1.986s] Level 1:colcon.colcon_core.package_discovery:discover_packages(colcon_meta) check parameters
[1.986s] Level 1:colcon.colcon_core.package_discovery:discover_packages(recursive) check parameters
[1.986s] Level 1:colcon.colcon_core.package_discovery:discover_packages(ignore) check parameters
[1.986s] Level 1:colcon.colcon_core.package_discovery:discover_packages(path) check parameters
[1.986s] Level 1:colcon.colcon_core.package_discovery:discover_packages(colcon_meta) discover
[1.986s] Level 1:colcon.colcon_core.package_discovery:discover_packages(recursive) discover
[1.987s] INFO:colcon.colcon_core.package_discovery:Crawling recursively for packages in '/home/user/ros2_ws'
[1.987s] Level 1:colcon.colcon_core.package_identification:_identify(.) by extensions ['ignore', 'ignore_ament_install']
[1.987s] Level 1:colcon.colcon_core.package_identification:_identify(.) by extension 'ignore'
[1.987s] Level 1:colcon.colcon_core.package_identification:_identify(.) by extension 'ignore_ament_install'
[1.987s] Level 1:colcon.colcon_core.package_identification:_identify(.) by extensions ['colcon_pkg']
[1.987s] Level 1:colcon.colcon_core.package_identification:_identify(.) by extension 'colcon_pkg'
[1.987s] Level 1:colcon.colcon_core.package_identification:_identify(.) by extensions ['colcon_meta']
[1.987s] Level 1:colcon.colcon_core.package_identification:_identify(.) by extension 'colcon_meta'
[1.987s] Level 1:colcon.colcon_core.package_identification:_identify(.) by extensions ['ament_cargo']
[1.987s] Level 1:colcon.colcon_core.package_identification:_identify(.) by extension 'ament_cargo'
[1.988s] Level 1:colcon.colcon_core.package_identification:_identify(.) by extensions ['ros']
[1.988s] Level 1:colcon.colcon_core.package_identification:_identify(.) by extension 'ros'
[2.075s] Level 1:colcon.colcon_core.package_identification:_identify(.) by extensions ['cargo', 'cmake', 'python']
[2.075s] Level 1:colcon.colcon_core.package_identification:_identify(.) by extension 'cargo'
[2.075s] Level 1:colcon.colcon_core.package_identification:_identify(.) by extension 'cmake'
[2.075s] Level 1:colcon.colcon_core.package_identification:_identify(.) by extension 'python'
[2.075s] Level 1:colcon.colcon_core.package_identification:_identify(.) by extensions ['python_setup_py']
[2.075s] Level 1:colcon.colcon_core.package_identification:_identify(.) by extension 'python_setup_py'
[2.075s] Level 1:colcon.colcon_core.package_identification:_identify(build) by extensions ['ignore', 'ignore_ament_install']
[2.075s] Level 1:colcon.colcon_core.package_identification:_identify(build) by extension 'ignore'
[2.075s] Level 1:colcon.colcon_core.package_identification:_identify(build) ignored
[2.076s] Level 1:colcon.colcon_core.package_identification:_identify(install) by extensions ['ignore', 'ignore_ament_install']
[2.076s] Level 1:colcon.colcon_core.package_identification:_identify(install) by extension 'ignore'
[2.076s] Level 1:colcon.colcon_core.package_identification:_identify(install) ignored
[2.076s] Level 1:colcon.colcon_core.package_identification:_identify(log) by extensions ['ignore', 'ignore_ament_install']
[2.076s] Level 1:colcon.colcon_core.package_identification:_identify(log) by extension 'ignore'
[2.076s] Level 1:colcon.colcon_core.package_identification:_identify(log) ignored
[2.076s] Level 1:colcon.colcon_core.package_identification:_identify(src) by extensions ['ignore', 'ignore_ament_install']
[2.076s] Level 1:colcon.colcon_core.package_identification:_identify(src) by extension 'ignore'
[2.076s] Level 1:colcon.colcon_core.package_identification:_identify(src) by extension 'ignore_ament_install'
[2.076s] Level 1:colcon.colcon_core.package_identification:_identify(src) by extensions ['colcon_pkg']
[2.076s] Level 1:colcon.colcon_core.package_identification:_identify(src) by extension 'colcon_pkg'
[2.077s] Level 1:colcon.colcon_core.package_identification:_identify(src) by extensions ['colcon_meta']
[2.077s] Level 1:colcon.colcon_core.package_identification:_identify(src) by extension 'colcon_meta'
[2.077s] Level 1:colcon.colcon_core.package_identification:_identify(src) by extensions ['ament_cargo']
[2.077s] Level 1:colcon.colcon_core.package_identification:_identify(src) by extension 'ament_cargo'
[2.077s] Level 1:colcon.colcon_core.package_identification:_identify(src) by extensions ['ros']
[2.077s] Level 1:colcon.colcon_core.package_identification:_identify(src) by extension 'ros'
[2.078s] Level 1:colcon.colcon_core.package_identification:_identify(src) by extensions ['cargo', 'cmake', 'python']
[2.078s] Level 1:colcon.colcon_core.package_identification:_identify(src) by extension 'cargo'
[2.078s] Level 1:colcon.colcon_core.package_identification:_identify(src) by extension 'cmake'
[2.078s] Level 1:colcon.colcon_core.package_identification:_identify(src) by extension 'python'
[2.078s] Level 1:colcon.colcon_core.package_identification:_identify(src) by extensions ['python_setup_py']
[2.078s] Level 1:colcon.colcon_core.package_identification:_identify(src) by extension 'python_setup_py'
[2.078s] Level 1:colcon.colcon_core.package_identification:_identify(src/custom_interfaces) by extensions ['ignore', 'ignore_ament_install']
[2.078s] Level 1:colcon.colcon_core.package_identification:_identify(src/custom_interfaces) by extension 'ignore'
[2.078s] Level 1:colcon.colcon_core.package_identification:_identify(src/custom_interfaces) by extension 'ignore_ament_install'
[2.078s] Level 1:colcon.colcon_core.package_identification:_identify(src/custom_interfaces) by extensions ['colcon_pkg']
[2.078s] Level 1:colcon.colcon_core.package_identification:_identify(src/custom_interfaces) by extension 'colcon_pkg'
[2.078s] Level 1:colcon.colcon_core.package_identification:_identify(src/custom_interfaces) by extensions ['colcon_meta']
[2.078s] Level 1:colcon.colcon_core.package_identification:_identify(src/custom_interfaces) by extension 'colcon_meta'
[2.078s] Level 1:colcon.colcon_core.package_identification:_identify(src/custom_interfaces) by extensions ['ament_cargo']
[2.078s] Level 1:colcon.colcon_core.package_identification:_identify(src/custom_interfaces) by extension 'ament_cargo'
[2.079s] Level 1:colcon.colcon_core.package_identification:_identify(src/custom_interfaces) by extensions ['ros']
[2.079s] Level 1:colcon.colcon_core.package_identification:_identify(src/custom_interfaces) by extension 'ros'
[2.082s] DEBUG:colcon.colcon_core.package_identification:Package 'src/custom_interfaces' with type 'ros.ament_cmake' and name 'custom_interfaces'
[2.082s] Level 1:colcon.colcon_core.package_identification:_identify(src/project_localization) by extensions ['ignore', 'ignore_ament_install']
[2.082s] Level 1:colcon.colcon_core.package_identification:_identify(src/project_localization) by extension 'ignore'
[2.082s] Level 1:colcon.colcon_core.package_identification:_identify(src/project_localization) by extension 'ignore_ament_install'
[2.083s] Level 1:colcon.colcon_core.package_identification:_identify(src/project_localization) by extensions ['colcon_pkg']
[2.083s] Level 1:colcon.colcon_core.package_identification:_identify(src/project_localization) by extension 'colcon_pkg'
[2.083s] Level 1:colcon.colcon_core.package_identification:_identify(src/project_localization) by extensions ['colcon_meta']
[2.083s] Level 1:colcon.colcon_core.package_identification:_identify(src/project_localization) by extension 'colcon_meta'
[2.083s] Level 1:colcon.colcon_core.package_identification:_identify(src/project_localization) by extensions ['ament_cargo']
[2.083s] Level 1:colcon.colcon_core.package_identification:_identify(src/project_localization) by extension 'ament_cargo'
[2.083s] Level 1:colcon.colcon_core.package_identification:_identify(src/project_localization) by extensions ['ros']
[2.083s] Level 1:colcon.colcon_core.package_identification:_identify(src/project_localization) by extension 'ros'
[2.084s] DEBUG:colcon.colcon_core.package_identification:Package 'src/project_localization' with type 'ros.ament_python' and name 'project_localization'
[2.084s] Level 1:colcon.colcon_core.package_identification:_identify(src/project_mapping) by extensions ['ignore', 'ignore_ament_install']
[2.084s] Level 1:colcon.colcon_core.package_identification:_identify(src/project_mapping) by extension 'ignore'
[2.084s] Level 1:colcon.colcon_core.package_identification:_identify(src/project_mapping) by extension 'ignore_ament_install'
[2.084s] Level 1:colcon.colcon_core.package_identification:_identify(src/project_mapping) by extensions ['colcon_pkg']
[2.084s] Level 1:colcon.colcon_core.package_identification:_identify(src/project_mapping) by extension 'colcon_pkg'
[2.084s] Level 1:colcon.colcon_core.package_identification:_identify(src/project_mapping) by extensions ['colcon_meta']
[2.084s] Level 1:colcon.colcon_core.package_identification:_identify(src/project_mapping) by extension 'colcon_meta'
[2.084s] Level 1:colcon.colcon_core.package_identification:_identify(src/project_mapping) by extensions ['ament_cargo']
[2.084s] Level 1:colcon.colcon_core.package_identification:_identify(src/project_mapping) by extension 'ament_cargo'
[2.084s] Level 1:colcon.colcon_core.package_identification:_identify(src/project_mapping) by extensions ['ros']
[2.084s] Level 1:colcon.colcon_core.package_identification:_identify(src/project_mapping) by extension 'ros'
[2.085s] DEBUG:colcon.colcon_core.package_identification:Package 'src/project_mapping' with type 'ros.ament_python' and name 'project_mapping'
[2.085s] Level 1:colcon.colcon_core.package_discovery:discover_packages(recursive) using defaults
[2.085s] Level 1:colcon.colcon_core.package_discovery:discover_packages(ignore) discover
[2.085s] Level 1:colcon.colcon_core.package_discovery:discover_packages(ignore) using defaults
[2.085s] Level 1:colcon.colcon_core.package_discovery:discover_packages(path) discover
[2.085s] Level 1:colcon.colcon_core.package_discovery:discover_packages(path) using defaults
[2.197s] Level 5:colcon.colcon_core.verb:set package 'custom_interfaces' build argument 'lookup_in_workspace' from command line to 'False'
[2.197s] Level 5:colcon.colcon_core.verb:set package 'custom_interfaces' build argument 'cargo_args' from command line to 'None'
[2.197s] Level 5:colcon.colcon_core.verb:set package 'custom_interfaces' build argument 'clean_build' from command line to 'False'
[2.197s] Level 5:colcon.colcon_core.verb:set package 'custom_interfaces' build argument 'cmake_args' from command line to 'None'
[2.197s] Level 5:colcon.colcon_core.verb:set package 'custom_interfaces' build argument 'cmake_target' from command line to 'None'
[2.197s] Level 5:colcon.colcon_core.verb:set package 'custom_interfaces' build argument 'cmake_target_skip_unavailable' from command line to 'False'
[2.197s] Level 5:colcon.colcon_core.verb:set package 'custom_interfaces' build argument 'cmake_clean_cache' from command line to 'False'
[2.197s] Level 5:colcon.colcon_core.verb:set package 'custom_interfaces' build argument 'cmake_clean_first' from command line to 'False'
[2.197s] Level 5:colcon.colcon_core.verb:set package 'custom_interfaces' build argument 'cmake_force_configure' from command line to 'False'
[2.197s] Level 5:colcon.colcon_core.verb:set package 'custom_interfaces' build argument 'ament_cmake_args' from command line to 'None'
[2.197s] Level 5:colcon.colcon_core.verb:set package 'custom_interfaces' build argument 'catkin_cmake_args' from command line to 'None'
[2.197s] Level 5:colcon.colcon_core.verb:set package 'custom_interfaces' build argument 'catkin_skip_building_tests' from command line to 'False'
[2.197s] DEBUG:colcon.colcon_core.verb:Building package 'custom_interfaces' with the following arguments: {'ament_cmake_args': None, 'build_base': '/home/user/ros2_ws/build/custom_interfaces', 'cargo_args': None, 'catkin_cmake_args': None, 'catkin_skip_building_tests': False, 'clean_build': False, 'cmake_args': None, 'cmake_clean_cache': False, 'cmake_clean_first': False, 'cmake_force_configure': False, 'cmake_target': None, 'cmake_target_skip_unavailable': False, 'install_base': '/home/user/ros2_ws/install/custom_interfaces', 'lookup_in_workspace': False, 'merge_install': False, 'path': '/home/user/ros2_ws/src/custom_interfaces', 'symlink_install': False, 'test_result_base': None}
[2.202s] Level 5:colcon.colcon_core.verb:set package 'project_mapping' build argument 'lookup_in_workspace' from command line to 'False'
[2.202s] Level 5:colcon.colcon_core.verb:set package 'project_mapping' build argument 'cargo_args' from command line to 'None'
[2.202s] Level 5:colcon.colcon_core.verb:set package 'project_mapping' build argument 'clean_build' from command line to 'False'
[2.202s] Level 5:colcon.colcon_core.verb:set package 'project_mapping' build argument 'cmake_args' from command line to 'None'
[2.202s] Level 5:colcon.colcon_core.verb:set package 'project_mapping' build argument 'cmake_target' from command line to 'None'
[2.202s] Level 5:colcon.colcon_core.verb:set package 'project_mapping' build argument 'cmake_target_skip_unavailable' from command line to 'False'
[2.202s] Level 5:colcon.colcon_core.verb:set package 'project_mapping' build argument 'cmake_clean_cache' from command line to 'False'
[2.202s] Level 5:colcon.colcon_core.verb:set package 'project_mapping' build argument 'cmake_clean_first' from command line to 'False'
[2.202s] Level 5:colcon.colcon_core.verb:set package 'project_mapping' build argument 'cmake_force_configure' from command line to 'False'
[2.202s] Level 5:colcon.colcon_core.verb:set package 'project_mapping' build argument 'ament_cmake_args' from command line to 'None'
[2.202s] Level 5:colcon.colcon_core.verb:set package 'project_mapping' build argument 'catkin_cmake_args' from command line to 'None'
[2.202s] Level 5:colcon.colcon_core.verb:set package 'project_mapping' build argument 'catkin_skip_building_tests' from command line to 'False'
[2.202s] DEBUG:colcon.colcon_core.verb:Building package 'project_mapping' with the following arguments: {'ament_cmake_args': None, 'build_base': '/home/user/ros2_ws/build/project_mapping', 'cargo_args': None, 'catkin_cmake_args': None, 'catkin_skip_building_tests': False, 'clean_build': False, 'cmake_args': None, 'cmake_clean_cache': False, 'cmake_clean_first': False, 'cmake_force_configure': False, 'cmake_target': None, 'cmake_target_skip_unavailable': False, 'install_base': '/home/user/ros2_ws/install/project_mapping', 'lookup_in_workspace': False, 'merge_install': False, 'path': '/home/user/ros2_ws/src/project_mapping', 'symlink_install': False, 'test_result_base': None}
[2.206s] Level 5:colcon.colcon_core.verb:set package 'project_localization' build argument 'lookup_in_workspace' from command line to 'False'
[2.207s] Level 5:colcon.colcon_core.verb:set package 'project_localization' build argument 'cargo_args' from command line to 'None'
[2.207s] Level 5:colcon.colcon_core.verb:set package 'project_localization' build argument 'clean_build' from command line to 'False'
[2.207s] Level 5:colcon.colcon_core.verb:set package 'project_localization' build argument 'cmake_args' from command line to 'None'
[2.207s] Level 5:colcon.colcon_core.verb:set package 'project_localization' build argument 'cmake_target' from command line to 'None'
[2.207s] Level 5:colcon.colcon_core.verb:set package 'project_localization' build argument 'cmake_target_skip_unavailable' from command line to 'False'
[2.207s] Level 5:colcon.colcon_core.verb:set package 'project_localization' build argument 'cmake_clean_cache' from command line to 'False'
[2.207s] Level 5:colcon.colcon_core.verb:set package 'project_localization' build argument 'cmake_clean_first' from command line to 'False'
[2.207s] Level 5:colcon.colcon_core.verb:set package 'project_localization' build argument 'cmake_force_configure' from command line to 'False'
[2.207s] Level 5:colcon.colcon_core.verb:set package 'project_localization' build argument 'ament_cmake_args' from command line to 'None'
[2.207s] Level 5:colcon.colcon_core.verb:set package 'project_localization' build argument 'catkin_cmake_args' from command line to 'None'
[2.207s] Level 5:colcon.colcon_core.verb:set package 'project_localization' build argument 'catkin_skip_building_tests' from command line to 'False'
[2.207s] DEBUG:colcon.colcon_core.verb:Building package 'project_localization' with the following arguments: {'ament_cmake_args': None, 'build_base': '/home/user/ros2_ws/build/project_localization', 'cargo_args': None, 'catkin_cmake_args': None, 'catkin_skip_building_tests': False, 'clean_build': False, 'cmake_args': None, 'cmake_clean_cache': False, 'cmake_clean_first': False, 'cmake_force_configure': False, 'cmake_target': None, 'cmake_target_skip_unavailable': False, 'install_base': '/home/user/ros2_ws/install/project_localization', 'lookup_in_workspace': False, 'merge_install': False, 'path': '/home/user/ros2_ws/src/project_localization', 'symlink_install': False, 'test_result_base': None}
[2.208s] INFO:colcon.colcon_core.executor:Executing jobs using 'parallel' executor
[2.215s] DEBUG:colcon.colcon_parallel_executor.executor.parallel:run_until_complete
[2.215s] INFO:colcon.colcon_ros.task.ament_cmake.build:Building ROS package in '/home/user/ros2_ws/src/custom_interfaces' with build type 'ament_cmake'
[2.216s] INFO:colcon.colcon_cmake.task.cmake.build:Building CMake package in '/home/user/ros2_ws/src/custom_interfaces'
[2.225s] INFO:colcon.colcon_core.plugin_system:Skipping extension 'colcon_core.shell.bat': Not used on non-Windows systems
[2.225s] INFO:colcon.colcon_core.shell:Skip shell extension 'powershell' for command environment: Not usable outside of PowerShell
[2.225s] DEBUG:colcon.colcon_core.shell:Skip shell extension 'dsv' for command environment
[2.379s] INFO:colcon.colcon_ros.task.ament_python.build:Building ROS package in '/home/user/ros2_ws/src/project_mapping' with build type 'ament_python'
[2.379s] Level 1:colcon.colcon_core.shell:create_environment_hook('project_mapping', 'ament_prefix_path')
[2.383s] INFO:colcon.colcon_core.shell:Creating environment hook '/home/user/ros2_ws/install/project_mapping/share/project_mapping/hook/ament_prefix_path.ps1'
[2.384s] INFO:colcon.colcon_core.shell:Creating environment descriptor '/home/user/ros2_ws/install/project_mapping/share/project_mapping/hook/ament_prefix_path.dsv'
[2.385s] INFO:colcon.colcon_core.shell:Creating environment hook '/home/user/ros2_ws/install/project_mapping/share/project_mapping/hook/ament_prefix_path.sh'
[2.390s] INFO:colcon.colcon_core.shell:Skip shell extension 'powershell' for command environment: Not usable outside of PowerShell
[2.390s] DEBUG:colcon.colcon_core.shell:Skip shell extension 'dsv' for command environment
[2.411s] DEBUG:colcon.colcon_core.event_handler.log_command:Invoking command in '/home/user/ros2_ws/build/custom_interfaces': CMAKE_PREFIX_PATH=${CMAKE_PREFIX_PATH}:/home/simulations/ros2_sims_ws/install/rclrs_tests:/home/simulations/ros2_sims_ws/install/examples_rclrs_minimal_client_service:/home/simulations/ros2_sims_ws/install/sensor_msgs_py:/home/simulations/ros2_sims_ws/install/examples_rclrs_minimal_pub_sub:/home/simulations/ros2_sims_ws/install/examples_rclrs_message_demo:/home/simulations/ros2_sims_ws/install/rclrs:/home/simulations/ros2_sims_ws/install/rosidl_runtime_rs:/home/user/ros2_ws/install/project_mapping:/home/user/ros2_ws/install/project_localization:/opt/ros/humble _=/usr/bin/env /usr/bin/cmake --build /home/user/ros2_ws/build/custom_interfaces -- -j8 -l8
[3.793s] INFO:colcon.colcon_core.task.python.build:Building Python package in '/home/user/ros2_ws/src/project_mapping'
[3.796s] INFO:colcon.colcon_core.shell:Skip shell extension 'powershell' for command environment: Not usable outside of PowerShell
[3.796s] DEBUG:colcon.colcon_core.shell:Skip shell extension 'dsv' for command environment
[5.588s] DEBUG:colcon.colcon_core.event_handler.log_command:Invoking command in '/home/user/ros2_ws/src/project_mapping': PYTHONPATH=/home/user/ros2_ws/build/project_mapping/prefix_override:/home/user/ros2_ws/install/project_mapping/lib/python3.10/site-packages:${PYTHONPATH} _=/usr/bin/env /usr/bin/python3 setup.py egg_info --egg-base ../../build/project_mapping build --build-base /home/user/ros2_ws/build/project_mapping/build install --record /home/user/ros2_ws/build/project_mapping/install.log --single-version-externally-managed
[7.083s] DEBUG:colcon.colcon_core.event_handler.log_command:Invoked command in '/home/user/ros2_ws/src/project_mapping' returned '0': PYTHONPATH=/home/user/ros2_ws/build/project_mapping/prefix_override:/home/user/ros2_ws/install/project_mapping/lib/python3.10/site-packages:${PYTHONPATH} _=/usr/bin/env /usr/bin/python3 setup.py egg_info --egg-base ../../build/project_mapping build --build-base /home/user/ros2_ws/build/project_mapping/build install --record /home/user/ros2_ws/build/project_mapping/install.log --single-version-externally-managed
[7.086s] Level 1:colcon.colcon_core.environment:checking '/home/user/ros2_ws/install/project_mapping' for CMake module files
[7.086s] Level 1:colcon.colcon_core.environment:checking '/home/user/ros2_ws/install/project_mapping' for CMake config files
[7.087s] Level 1:colcon.colcon_core.environment:checking '/home/user/ros2_ws/install/project_mapping/lib'
[7.088s] Level 1:colcon.colcon_core.environment:checking '/home/user/ros2_ws/install/project_mapping/bin'
[7.088s] Level 1:colcon.colcon_core.environment:checking '/home/user/ros2_ws/install/project_mapping/lib/pkgconfig/project_mapping.pc'
[7.088s] Level 1:colcon.colcon_core.environment:checking '/home/user/ros2_ws/install/project_mapping/lib/python3.10/site-packages'
[7.088s] Level 1:colcon.colcon_core.shell:create_environment_hook('project_mapping', 'pythonpath')
[7.091s] INFO:colcon.colcon_core.shell:Creating environment hook '/home/user/ros2_ws/install/project_mapping/share/project_mapping/hook/pythonpath.ps1'
[7.092s] INFO:colcon.colcon_core.shell:Creating environment descriptor '/home/user/ros2_ws/install/project_mapping/share/project_mapping/hook/pythonpath.dsv'
[7.095s] INFO:colcon.colcon_core.shell:Creating environment hook '/home/user/ros2_ws/install/project_mapping/share/project_mapping/hook/pythonpath.sh'
[7.096s] Level 1:colcon.colcon_core.environment:checking '/home/user/ros2_ws/install/project_mapping/bin'
[7.096s] Level 1:colcon.colcon_core.environment:create_environment_scripts_only(project_mapping)
[7.099s] INFO:colcon.colcon_core.shell:Creating package script '/home/user/ros2_ws/install/project_mapping/share/project_mapping/package.ps1'
[7.104s] INFO:colcon.colcon_core.shell:Creating package descriptor '/home/user/ros2_ws/install/project_mapping/share/project_mapping/package.dsv'
[7.105s] INFO:colcon.colcon_core.shell:Creating package script '/home/user/ros2_ws/install/project_mapping/share/project_mapping/package.sh'
[7.106s] INFO:colcon.colcon_core.shell:Creating package script '/home/user/ros2_ws/install/project_mapping/share/project_mapping/package.bash'
[7.107s] INFO:colcon.colcon_core.shell:Creating package script '/home/user/ros2_ws/install/project_mapping/share/project_mapping/package.zsh'
[7.108s] Level 1:colcon.colcon_core.environment:create_file_with_runtime_dependencies(/home/user/ros2_ws/install/project_mapping/share/colcon-core/packages/project_mapping)
[8.676s] DEBUG:colcon.colcon_core.event_handler.log_command:Invoked command in '/home/user/ros2_ws/build/custom_interfaces' returned '0': CMAKE_PREFIX_PATH=${CMAKE_PREFIX_PATH}:/home/simulations/ros2_sims_ws/install/rclrs_tests:/home/simulations/ros2_sims_ws/install/examples_rclrs_minimal_client_service:/home/simulations/ros2_sims_ws/install/sensor_msgs_py:/home/simulations/ros2_sims_ws/install/examples_rclrs_minimal_pub_sub:/home/simulations/ros2_sims_ws/install/examples_rclrs_message_demo:/home/simulations/ros2_sims_ws/install/rclrs:/home/simulations/ros2_sims_ws/install/rosidl_runtime_rs:/home/user/ros2_ws/install/project_mapping:/home/user/ros2_ws/install/project_localization:/opt/ros/humble _=/usr/bin/env /usr/bin/cmake --build /home/user/ros2_ws/build/custom_interfaces -- -j8 -l8
[9.514s] DEBUG:colcon.colcon_core.event_handler.log_command:Invoking command in '/home/user/ros2_ws/build/custom_interfaces': CMAKE_PREFIX_PATH=${CMAKE_PREFIX_PATH}:/home/simulations/ros2_sims_ws/install/rclrs_tests:/home/simulations/ros2_sims_ws/install/examples_rclrs_minimal_client_service:/home/simulations/ros2_sims_ws/install/sensor_msgs_py:/home/simulations/ros2_sims_ws/install/examples_rclrs_minimal_pub_sub:/home/simulations/ros2_sims_ws/install/examples_rclrs_message_demo:/home/simulations/ros2_sims_ws/install/rclrs:/home/simulations/ros2_sims_ws/install/rosidl_runtime_rs:/home/user/ros2_ws/install/project_mapping:/home/user/ros2_ws/install/project_localization:/opt/ros/humble _=/usr/bin/env /usr/bin/cmake --install /home/user/ros2_ws/build/custom_interfaces
[9.781s] Level 1:colcon.colcon_core.environment:create_environment_scripts_only(custom_interfaces)
[9.785s] Level 1:colcon.colcon_core.environment:checking '/home/user/ros2_ws/install/custom_interfaces' for CMake module files
[9.785s] DEBUG:colcon.colcon_core.event_handler.log_command:Invoked command in '/home/user/ros2_ws/build/custom_interfaces' returned '0': CMAKE_PREFIX_PATH=${CMAKE_PREFIX_PATH}:/home/simulations/ros2_sims_ws/install/rclrs_tests:/home/simulations/ros2_sims_ws/install/examples_rclrs_minimal_client_service:/home/simulations/ros2_sims_ws/install/sensor_msgs_py:/home/simulations/ros2_sims_ws/install/examples_rclrs_minimal_pub_sub:/home/simulations/ros2_sims_ws/install/examples_rclrs_message_demo:/home/simulations/ros2_sims_ws/install/rclrs:/home/simulations/ros2_sims_ws/install/rosidl_runtime_rs:/home/user/ros2_ws/install/project_mapping:/home/user/ros2_ws/install/project_localization:/opt/ros/humble _=/usr/bin/env /usr/bin/cmake --install /home/user/ros2_ws/build/custom_interfaces
[9.786s] Level 1:colcon.colcon_core.environment:checking '/home/user/ros2_ws/install/custom_interfaces' for CMake config files
[9.787s] Level 1:colcon.colcon_core.shell:create_environment_hook('custom_interfaces', 'cmake_prefix_path')
[9.789s] INFO:colcon.colcon_core.shell:Creating environment hook '/home/user/ros2_ws/install/custom_interfaces/share/custom_interfaces/hook/cmake_prefix_path.ps1'
[9.790s] INFO:colcon.colcon_core.shell:Creating environment descriptor '/home/user/ros2_ws/install/custom_interfaces/share/custom_interfaces/hook/cmake_prefix_path.dsv'
[9.790s] INFO:colcon.colcon_core.shell:Creating environment hook '/home/user/ros2_ws/install/custom_interfaces/share/custom_interfaces/hook/cmake_prefix_path.sh'
[9.792s] Level 1:colcon.colcon_core.environment:checking '/home/user/ros2_ws/install/custom_interfaces/lib'
[9.792s] Level 1:colcon.colcon_core.shell:create_environment_hook('custom_interfaces', 'ld_library_path_lib')
[9.795s] INFO:colcon.colcon_core.shell:Creating environment hook '/home/user/ros2_ws/install/custom_interfaces/share/custom_interfaces/hook/ld_library_path_lib.ps1'
[9.795s] INFO:colcon.colcon_core.shell:Creating environment descriptor '/home/user/ros2_ws/install/custom_interfaces/share/custom_interfaces/hook/ld_library_path_lib.dsv'
[9.795s] INFO:colcon.colcon_core.shell:Creating environment hook '/home/user/ros2_ws/install/custom_interfaces/share/custom_interfaces/hook/ld_library_path_lib.sh'
[9.796s] Level 1:colcon.colcon_core.environment:checking '/home/user/ros2_ws/install/custom_interfaces/bin'
[9.796s] Level 1:colcon.colcon_core.environment:checking '/home/user/ros2_ws/install/custom_interfaces/lib/pkgconfig/custom_interfaces.pc'
[9.796s] Level 1:colcon.colcon_core.environment:checking '/home/user/ros2_ws/install/custom_interfaces/lib/python3.10/site-packages'
[9.797s] Level 1:colcon.colcon_core.environment:checking '/home/user/ros2_ws/install/custom_interfaces/bin'
[9.798s] INFO:colcon.colcon_core.shell:Creating package script '/home/user/ros2_ws/install/custom_interfaces/share/custom_interfaces/package.ps1'
[9.799s] INFO:colcon.colcon_core.shell:Creating package descriptor '/home/user/ros2_ws/install/custom_interfaces/share/custom_interfaces/package.dsv'
[9.799s] INFO:colcon.colcon_core.shell:Creating package script '/home/user/ros2_ws/install/custom_interfaces/share/custom_interfaces/package.sh'
[9.800s] INFO:colcon.colcon_core.shell:Creating package script '/home/user/ros2_ws/install/custom_interfaces/share/custom_interfaces/package.bash'
[9.800s] INFO:colcon.colcon_core.shell:Creating package script '/home/user/ros2_ws/install/custom_interfaces/share/custom_interfaces/package.zsh'
[9.801s] Level 1:colcon.colcon_core.environment:create_file_with_runtime_dependencies(/home/user/ros2_ws/install/custom_interfaces/share/colcon-core/packages/custom_interfaces)
[10.594s] Level 1:colcon.colcon_core.environment:create_environment_scripts_only(custom_interfaces)
[10.597s] Level 1:colcon.colcon_core.environment:checking '/home/user/ros2_ws/install/custom_interfaces' for CMake module files
[10.598s] Level 1:colcon.colcon_core.environment:checking '/home/user/ros2_ws/install/custom_interfaces' for CMake config files
[10.599s] Level 1:colcon.colcon_core.shell:create_environment_hook('custom_interfaces', 'cmake_prefix_path')
[10.602s] INFO:colcon.colcon_core.shell:Creating environment hook '/home/user/ros2_ws/install/custom_interfaces/share/custom_interfaces/hook/cmake_prefix_path.ps1'
[10.604s] INFO:colcon.colcon_core.shell:Creating environment descriptor '/home/user/ros2_ws/install/custom_interfaces/share/custom_interfaces/hook/cmake_prefix_path.dsv'
[10.604s] INFO:colcon.colcon_core.shell:Creating environment hook '/home/user/ros2_ws/install/custom_interfaces/share/custom_interfaces/hook/cmake_prefix_path.sh'
[10.605s] Level 1:colcon.colcon_core.environment:checking '/home/user/ros2_ws/install/custom_interfaces/lib'
[10.605s] Level 1:colcon.colcon_core.shell:create_environment_hook('custom_interfaces', 'ld_library_path_lib')
[10.608s] INFO:colcon.colcon_core.shell:Creating environment hook '/home/user/ros2_ws/install/custom_interfaces/share/custom_interfaces/hook/ld_library_path_lib.ps1'
[10.608s] INFO:colcon.colcon_core.shell:Creating environment descriptor '/home/user/ros2_ws/install/custom_interfaces/share/custom_interfaces/hook/ld_library_path_lib.dsv'
[10.609s] INFO:colcon.colcon_core.shell:Creating environment hook '/home/user/ros2_ws/install/custom_interfaces/share/custom_interfaces/hook/ld_library_path_lib.sh'
[10.609s] Level 1:colcon.colcon_core.environment:checking '/home/user/ros2_ws/install/custom_interfaces/bin'
[10.609s] Level 1:colcon.colcon_core.environment:checking '/home/user/ros2_ws/install/custom_interfaces/lib/pkgconfig/custom_interfaces.pc'
[10.610s] Level 1:colcon.colcon_core.environment:checking '/home/user/ros2_ws/install/custom_interfaces/lib/python3.10/site-packages'
[10.610s] Level 1:colcon.colcon_core.environment:checking '/home/user/ros2_ws/install/custom_interfaces/bin'
[10.612s] INFO:colcon.colcon_core.shell:Creating package script '/home/user/ros2_ws/install/custom_interfaces/share/custom_interfaces/package.ps1'
[10.613s] INFO:colcon.colcon_core.shell:Creating package descriptor '/home/user/ros2_ws/install/custom_interfaces/share/custom_interfaces/package.dsv'
[10.614s] INFO:colcon.colcon_core.shell:Creating package script '/home/user/ros2_ws/install/custom_interfaces/share/custom_interfaces/package.sh'
[10.615s] INFO:colcon.colcon_core.shell:Creating package script '/home/user/ros2_ws/install/custom_interfaces/share/custom_interfaces/package.bash'
[10.615s] INFO:colcon.colcon_core.shell:Creating package script '/home/user/ros2_ws/install/custom_interfaces/share/custom_interfaces/package.zsh'
[10.616s] Level 1:colcon.colcon_core.environment:create_file_with_runtime_dependencies(/home/user/ros2_ws/install/custom_interfaces/share/colcon-core/packages/custom_interfaces)
[10.676s] INFO:colcon.colcon_ros.task.ament_python.build:Building ROS package in '/home/user/ros2_ws/src/project_localization' with build type 'ament_python'
[10.678s] Level 1:colcon.colcon_core.shell:create_environment_hook('project_localization', 'ament_prefix_path')
[10.681s] INFO:colcon.colcon_core.shell:Creating environment hook '/home/user/ros2_ws/install/project_localization/share/project_localization/hook/ament_prefix_path.ps1'
[10.685s] INFO:colcon.colcon_core.shell:Creating environment descriptor '/home/user/ros2_ws/install/project_localization/share/project_localization/hook/ament_prefix_path.dsv'
[10.685s] INFO:colcon.colcon_core.shell:Creating environment hook '/home/user/ros2_ws/install/project_localization/share/project_localization/hook/ament_prefix_path.sh'
[10.689s] INFO:colcon.colcon_core.shell:Skip shell extension 'powershell' for command environment: Not usable outside of PowerShell
[10.689s] DEBUG:colcon.colcon_core.shell:Skip shell extension 'dsv' for command environment
[12.104s] INFO:colcon.colcon_core.task.python.build:Building Python package in '/home/user/ros2_ws/src/project_localization'
[12.116s] INFO:colcon.colcon_core.shell:Skip shell extension 'powershell' for command environment: Not usable outside of PowerShell
[12.117s] DEBUG:colcon.colcon_core.shell:Skip shell extension 'dsv' for command environment
[13.694s] DEBUG:colcon.colcon_core.event_handler.log_command:Invoking command in '/home/user/ros2_ws/src/project_localization': CMAKE_PREFIX_PATH=/home/user/ros2_ws/install/custom_interfaces:/home/simulations/ros2_sims_ws/install/common_interfaces:/home/simulations/ros2_sims_ws/install/visualization_msgs:/home/simulations/ros2_sims_ws/install/test_msgs:/home/simulations/ros2_sims_ws/install/example_interfaces:/home/simulations/ros2_sims_ws/install/action_msgs:/home/simulations/ros2_sims_ws/install/unique_identifier_msgs:/home/simulations/ros2_sims_ws/install/trajectory_msgs:/home/simulations/ros2_sims_ws/install/test_interface_files:/home/simulations/ros2_sims_ws/install/stereo_msgs:/home/simulations/ros2_sims_ws/install/std_srvs:/home/simulations/ros2_sims_ws/install/shape_msgs:/home/simulations/ros2_sims_ws/install/sensor_msgs:/home/simulations/ros2_sims_ws/install/nav_msgs:/home/simulations/ros2_sims_ws/install/diagnostic_msgs:/home/simulations/ros2_sims_ws/install/geometry_msgs:/home/simulations/ros2_sims_ws/install/actionlib_msgs:/home/simulations/ros2_sims_ws/install/std_msgs:/home/simulations/ros2_sims_ws/install/statistics_msgs:/home/simulations/ros2_sims_ws/install/rosgraph_msgs:/home/simulations/ros2_sims_ws/install/rclrs_example_msgs:/home/simulations/ros2_sims_ws/install/composition_interfaces:/home/simulations/ros2_sims_ws/install/rcl_interfaces:/home/simulations/ros2_sims_ws/install/lifecycle_msgs:/home/simulations/ros2_sims_ws/install/builtin_interfaces:/home/simulations/ros2_sims_ws/install/rosidl_default_runtime:/home/simulations/ros2_sims_ws/install/rosidl_default_generators:/home/simulations/ros2_sims_ws/install/rosidl_generator_rs LD_LIBRARY_PATH=/home/user/ros2_ws/install/custom_interfaces/lib:/usr/local/cuda-10.2/lib64:/home/user/.catkin_ws_python3/src/TensorRT-7.0.0.11/lib:/home/simulations/ros2_sims_ws/install/visualization_msgs/lib:/home/simulations/ros2_sims_ws/install/test_msgs/lib:/home/simulations/ros2_sims_ws/install/example_interfaces/lib:/home/simulations/ros2_sims_ws/install/action_msgs/lib:/home/simulations/ros2_sims_ws/install/unique_identifier_msgs/lib:/home/simulations/ros2_sims_ws/install/trajectory_msgs/lib:/home/simulations/ros2_sims_ws/install/stereo_msgs/lib:/home/simulations/ros2_sims_ws/install/std_srvs/lib:/home/simulations/ros2_sims_ws/install/shape_msgs/lib:/home/simulations/ros2_sims_ws/install/sensor_msgs/lib:/home/simulations/ros2_sims_ws/install/nav_msgs/lib:/home/simulations/ros2_sims_ws/install/diagnostic_msgs/lib:/home/simulations/ros2_sims_ws/install/geometry_msgs/lib:/home/simulations/ros2_sims_ws/install/actionlib_msgs/lib:/home/simulations/ros2_sims_ws/install/std_msgs/lib:/home/simulations/ros2_sims_ws/install/statistics_msgs/lib:/home/simulations/ros2_sims_ws/install/rosgraph_msgs/lib:/home/simulations/ros2_sims_ws/install/rclrs_example_msgs/lib:/home/simulations/ros2_sims_ws/install/composition_interfaces/lib:/home/simulations/ros2_sims_ws/install/rcl_interfaces/lib:/home/simulations/ros2_sims_ws/install/lifecycle_msgs/lib:/home/simulations/ros2_sims_ws/install/builtin_interfaces/lib:/opt/ros/humble/opt/rviz_ogre_vendor/lib:/opt/ros/humble/lib/x86_64-linux-gnu:/opt/ros/humble/lib:/usr/local/cuda-10.2/lib64:/home/user/.catkin_ws_python3/src/TensorRT-7.0.0.11/lib:/usr/lib/x86_64-linux-gnu/gazebo-11/plugins:/usr/lib/x86_64-linux-gnu/gazebo-11/plugins:/usr/lib/x86_64-linux-gnu/gazebo-11/plugins PYTHONPATH=/home/user/ros2_ws/build/project_localization/prefix_override:/home/user/ros2_ws/install/project_localization/lib/python3.10/site-packages:${PYTHONPATH} _=/usr/bin/env /usr/bin/python3 setup.py egg_info --egg-base ../../build/project_localization build --build-base /home/user/ros2_ws/build/project_localization/build install --record /home/user/ros2_ws/build/project_localization/install.log --single-version-externally-managed
[14.989s] Level 1:colcon.colcon_core.environment:checking '/home/user/ros2_ws/install/project_localization' for CMake module files
[14.990s] DEBUG:colcon.colcon_core.event_handler.log_command:Invoked command in '/home/user/ros2_ws/src/project_localization' returned '0': CMAKE_PREFIX_PATH=/home/user/ros2_ws/install/custom_interfaces:/home/simulations/ros2_sims_ws/install/common_interfaces:/home/simulations/ros2_sims_ws/install/visualization_msgs:/home/simulations/ros2_sims_ws/install/test_msgs:/home/simulations/ros2_sims_ws/install/example_interfaces:/home/simulations/ros2_sims_ws/install/action_msgs:/home/simulations/ros2_sims_ws/install/unique_identifier_msgs:/home/simulations/ros2_sims_ws/install/trajectory_msgs:/home/simulations/ros2_sims_ws/install/test_interface_files:/home/simulations/ros2_sims_ws/install/stereo_msgs:/home/simulations/ros2_sims_ws/install/std_srvs:/home/simulations/ros2_sims_ws/install/shape_msgs:/home/simulations/ros2_sims_ws/install/sensor_msgs:/home/simulations/ros2_sims_ws/install/nav_msgs:/home/simulations/ros2_sims_ws/install/diagnostic_msgs:/home/simulations/ros2_sims_ws/install/geometry_msgs:/home/simulations/ros2_sims_ws/install/actionlib_msgs:/home/simulations/ros2_sims_ws/install/std_msgs:/home/simulations/ros2_sims_ws/install/statistics_msgs:/home/simulations/ros2_sims_ws/install/rosgraph_msgs:/home/simulations/ros2_sims_ws/install/rclrs_example_msgs:/home/simulations/ros2_sims_ws/install/composition_interfaces:/home/simulations/ros2_sims_ws/install/rcl_interfaces:/home/simulations/ros2_sims_ws/install/lifecycle_msgs:/home/simulations/ros2_sims_ws/install/builtin_interfaces:/home/simulations/ros2_sims_ws/install/rosidl_default_runtime:/home/simulations/ros2_sims_ws/install/rosidl_default_generators:/home/simulations/ros2_sims_ws/install/rosidl_generator_rs LD_LIBRARY_PATH=/home/user/ros2_ws/install/custom_interfaces/lib:/usr/local/cuda-10.2/lib64:/home/user/.catkin_ws_python3/src/TensorRT-7.0.0.11/lib:/home/simulations/ros2_sims_ws/install/visualization_msgs/lib:/home/simulations/ros2_sims_ws/install/test_msgs/lib:/home/simulations/ros2_sims_ws/install/example_interfaces/lib:/home/simulations/ros2_sims_ws/install/action_msgs/lib:/home/simulations/ros2_sims_ws/install/unique_identifier_msgs/lib:/home/simulations/ros2_sims_ws/install/trajectory_msgs/lib:/home/simulations/ros2_sims_ws/install/stereo_msgs/lib:/home/simulations/ros2_sims_ws/install/std_srvs/lib:/home/simulations/ros2_sims_ws/install/shape_msgs/lib:/home/simulations/ros2_sims_ws/install/sensor_msgs/lib:/home/simulations/ros2_sims_ws/install/nav_msgs/lib:/home/simulations/ros2_sims_ws/install/diagnostic_msgs/lib:/home/simulations/ros2_sims_ws/install/geometry_msgs/lib:/home/simulations/ros2_sims_ws/install/actionlib_msgs/lib:/home/simulations/ros2_sims_ws/install/std_msgs/lib:/home/simulations/ros2_sims_ws/install/statistics_msgs/lib:/home/simulations/ros2_sims_ws/install/rosgraph_msgs/lib:/home/simulations/ros2_sims_ws/install/rclrs_example_msgs/lib:/home/simulations/ros2_sims_ws/install/composition_interfaces/lib:/home/simulations/ros2_sims_ws/install/rcl_interfaces/lib:/home/simulations/ros2_sims_ws/install/lifecycle_msgs/lib:/home/simulations/ros2_sims_ws/install/builtin_interfaces/lib:/opt/ros/humble/opt/rviz_ogre_vendor/lib:/opt/ros/humble/lib/x86_64-linux-gnu:/opt/ros/humble/lib:/usr/local/cuda-10.2/lib64:/home/user/.catkin_ws_python3/src/TensorRT-7.0.0.11/lib:/usr/lib/x86_64-linux-gnu/gazebo-11/plugins:/usr/lib/x86_64-linux-gnu/gazebo-11/plugins:/usr/lib/x86_64-linux-gnu/gazebo-11/plugins PYTHONPATH=/home/user/ros2_ws/build/project_localization/prefix_override:/home/user/ros2_ws/install/project_localization/lib/python3.10/site-packages:${PYTHONPATH} _=/usr/bin/env /usr/bin/python3 setup.py egg_info --egg-base ../../build/project_localization build --build-base /home/user/ros2_ws/build/project_localization/build install --record /home/user/ros2_ws/build/project_localization/install.log --single-version-externally-managed
[14.991s] Level 1:colcon.colcon_core.environment:checking '/home/user/ros2_ws/install/project_localization' for CMake config files
[14.992s] Level 1:colcon.colcon_core.environment:checking '/home/user/ros2_ws/install/project_localization/lib'
[14.992s] Level 1:colcon.colcon_core.environment:checking '/home/user/ros2_ws/install/project_localization/bin'
[14.992s] Level 1:colcon.colcon_core.environment:checking '/home/user/ros2_ws/install/project_localization/lib/pkgconfig/project_localization.pc'
[14.992s] Level 1:colcon.colcon_core.environment:checking '/home/user/ros2_ws/install/project_localization/lib/python3.10/site-packages'
[14.993s] Level 1:colcon.colcon_core.shell:create_environment_hook('project_localization', 'pythonpath')
[14.995s] INFO:colcon.colcon_core.shell:Creating environment hook '/home/user/ros2_ws/install/project_localization/share/project_localization/hook/pythonpath.ps1'
[14.996s] INFO:colcon.colcon_core.shell:Creating environment descriptor '/home/user/ros2_ws/install/project_localization/share/project_localization/hook/pythonpath.dsv'
[14.996s] INFO:colcon.colcon_core.shell:Creating environment hook '/home/user/ros2_ws/install/project_localization/share/project_localization/hook/pythonpath.sh'
[14.997s] Level 1:colcon.colcon_core.environment:checking '/home/user/ros2_ws/install/project_localization/bin'
[14.998s] Level 1:colcon.colcon_core.environment:create_environment_scripts_only(project_localization)
[15.000s] INFO:colcon.colcon_core.shell:Creating package script '/home/user/ros2_ws/install/project_localization/share/project_localization/package.ps1'
[15.001s] INFO:colcon.colcon_core.shell:Creating package descriptor '/home/user/ros2_ws/install/project_localization/share/project_localization/package.dsv'
[15.002s] INFO:colcon.colcon_core.shell:Creating package script '/home/user/ros2_ws/install/project_localization/share/project_localization/package.sh'
[15.002s] INFO:colcon.colcon_core.shell:Creating package script '/home/user/ros2_ws/install/project_localization/share/project_localization/package.bash'
[15.003s] INFO:colcon.colcon_core.shell:Creating package script '/home/user/ros2_ws/install/project_localization/share/project_localization/package.zsh'
[15.003s] Level 1:colcon.colcon_core.environment:create_file_with_runtime_dependencies(/home/user/ros2_ws/install/project_localization/share/colcon-core/packages/project_localization)
[15.004s] DEBUG:colcon.colcon_parallel_executor.executor.parallel:closing loop
[15.005s] DEBUG:colcon.colcon_parallel_executor.executor.parallel:loop closed
[15.006s] DEBUG:colcon.colcon_parallel_executor.executor.parallel:run_until_complete finished with '0'
[15.006s] DEBUG:colcon.colcon_core.event_reactor:joining thread
[15.016s] INFO:colcon.colcon_core.plugin_system:Skipping extension 'colcon_notification.desktop_notification.notify_send': Could not find 'notify-send'
[15.016s] INFO:colcon.colcon_core.plugin_system:Skipping extension 'colcon_notification.desktop_notification.terminal_notifier': Not used on non-Darwin systems
[15.016s] INFO:colcon.colcon_core.plugin_system:Skipping extension 'colcon_notification.desktop_notification.win32': Not used on non-Windows systems
[15.016s] INFO:colcon.colcon_notification.desktop_notification:Sending desktop notification using 'notify2'
[15.018s] DEBUG:colcon.colcon_notification.desktop_notification.notify2:Failed to initialize notify2: org.freedesktop.DBus.Error.Spawn.ExecFailed: /usr/bin/dbus-launch terminated abnormally without any error message
[15.019s] DEBUG:colcon.colcon_core.event_reactor:joined thread
[15.024s] INFO:colcon.colcon_core.shell:Creating prefix script '/home/user/ros2_ws/install/local_setup.ps1'
[15.025s] INFO:colcon.colcon_core.shell:Creating prefix util module '/home/user/ros2_ws/install/_local_setup_util_ps1.py'
[15.028s] INFO:colcon.colcon_core.shell:Creating prefix chain script '/home/user/ros2_ws/install/setup.ps1'
[15.032s] INFO:colcon.colcon_core.shell:Creating prefix script '/home/user/ros2_ws/install/local_setup.sh'
[15.033s] INFO:colcon.colcon_core.shell:Creating prefix util module '/home/user/ros2_ws/install/_local_setup_util_sh.py'
[15.081s] INFO:colcon.colcon_core.shell:Creating prefix chain script '/home/user/ros2_ws/install/setup.sh'
[15.095s] INFO:colcon.colcon_core.shell:Creating prefix script '/home/user/ros2_ws/install/local_setup.bash'
[15.096s] INFO:colcon.colcon_core.shell:Creating prefix chain script '/home/user/ros2_ws/install/setup.bash'
[15.176s] INFO:colcon.colcon_core.shell:Creating prefix script '/home/user/ros2_ws/install/local_setup.zsh'
[15.177s] INFO:colcon.colcon_core.shell:Creating prefix chain script '/home/user/ros2_ws/install/setup.zsh'
