[4.264s] Invoking command in '/home/user/ros2_ws/src/project_mapping': PYTHONPATH=/home/user/ros2_ws/build/project_mapping/prefix_override:/home/user/ros2_ws/install/project_mapping/lib/python3.10/site-packages:${PYTHONPATH} _=/usr/bin/env /usr/bin/python3 setup.py egg_info --egg-base ../../build/project_mapping build --build-base /home/user/ros2_ws/build/project_mapping/build install --record /home/user/ros2_ws/build/project_mapping/install.log --single-version-externally-managed
[5.662s] running egg_info
[5.663s] writing ../../build/project_mapping/project_mapping.egg-info/PKG-INFO
[5.664s] writing dependency_links to ../../build/project_mapping/project_mapping.egg-info/dependency_links.txt
[5.664s] writing entry points to ../../build/project_mapping/project_mapping.egg-info/entry_points.txt
[5.665s] writing requirements to ../../build/project_mapping/project_mapping.egg-info/requires.txt
[5.665s] writing top-level names to ../../build/project_mapping/project_mapping.egg-info/top_level.txt
[5.668s] reading manifest file '../../build/project_mapping/project_mapping.egg-info/SOURCES.txt'
[5.670s] writing manifest file '../../build/project_mapping/project_mapping.egg-info/SOURCES.txt'
[5.671s] running build
[5.673s] running build_py
[5.673s] /usr/lib/python3/dist-packages/setuptools/command/install.py:34: SetuptoolsDeprecationWarning: setup.py install is deprecated. Use build and pip and other standards-based tools.
[5.673s]   warnings.warn(
[5.673s] running install
[5.673s] running install_lib
[5.674s] running install_data
[5.674s] running install_egg_info
[5.677s] removing '/home/user/ros2_ws/install/project_mapping/lib/python3.10/site-packages/project_mapping-0.0.0-py3.10.egg-info' (and everything under it)
[5.678s] Copying ../../build/project_mapping/project_mapping.egg-info to /home/user/ros2_ws/install/project_mapping/lib/python3.10/site-packages/project_mapping-0.0.0-py3.10.egg-info
[5.679s] running install_scripts
[5.860s] writing list of installed files to '/home/user/ros2_ws/build/project_mapping/install.log'
[5.967s] Invoked command in '/home/user/ros2_ws/src/project_mapping' returned '0': PYTHONPATH=/home/user/ros2_ws/build/project_mapping/prefix_override:/home/user/ros2_ws/install/project_mapping/lib/python3.10/site-packages:${PYTHONPATH} _=/usr/bin/env /usr/bin/python3 setup.py egg_info --egg-base ../../build/project_mapping build --build-base /home/user/ros2_ws/build/project_mapping/build install --record /home/user/ros2_ws/build/project_mapping/install.log --single-version-externally-managed
