[3.098s] Invoking command in '/home/user/ros2_ws/src/project_path_planning': PYTHONPATH=/home/user/ros2_ws/build/project_path_planning/prefix_override:/home/user/ros2_ws/install/project_path_planning/lib/python3.10/site-packages:${PYTHONPATH} _=/usr/bin/env /usr/bin/python3 setup.py egg_info --egg-base ../../build/project_path_planning build --build-base /home/user/ros2_ws/build/project_path_planning/build install --record /home/user/ros2_ws/build/project_path_planning/install.log --single-version-externally-managed
[4.195s] running egg_info
[4.196s] writing ../../build/project_path_planning/project_path_planning.egg-info/PKG-INFO
[4.197s] writing dependency_links to ../../build/project_path_planning/project_path_planning.egg-info/dependency_links.txt
[4.197s] writing entry points to ../../build/project_path_planning/project_path_planning.egg-info/entry_points.txt
[4.197s] writing requirements to ../../build/project_path_planning/project_path_planning.egg-info/requires.txt
[4.197s] writing top-level names to ../../build/project_path_planning/project_path_planning.egg-info/top_level.txt
[4.200s] reading manifest file '../../build/project_path_planning/project_path_planning.egg-info/SOURCES.txt'
[4.201s] writing manifest file '../../build/project_path_planning/project_path_planning.egg-info/SOURCES.txt'
[4.202s] running build
[4.202s] running build_py
[4.202s] copying project_path_planning/spot_recorder.py -> /home/user/ros2_ws/build/project_path_planning/build/lib/project_path_planning
[4.202s] running install
[4.203s] /usr/lib/python3/dist-packages/setuptools/command/install.py:34: SetuptoolsDeprecationWarning: setup.py install is deprecated. Use build and pip and other standards-based tools.
[4.203s]   warnings.warn(
[4.203s] running install_lib
[4.204s] copying /home/user/ros2_ws/build/project_path_planning/build/lib/project_path_planning/spot_recorder.py -> /home/user/ros2_ws/install/project_path_planning/lib/python3.10/site-packages/project_path_planning
[4.205s] byte-compiling /home/user/ros2_ws/install/project_path_planning/lib/python3.10/site-packages/project_path_planning/spot_recorder.py to spot_recorder.cpython-310.pyc
[4.206s] running install_data
[4.207s] running install_egg_info
[4.210s] removing '/home/user/ros2_ws/install/project_path_planning/lib/python3.10/site-packages/project_path_planning-0.0.0-py3.10.egg-info' (and everything under it)
[4.213s] Copying ../../build/project_path_planning/project_path_planning.egg-info to /home/user/ros2_ws/install/project_path_planning/lib/python3.10/site-packages/project_path_planning-0.0.0-py3.10.egg-info
[4.216s] running install_scripts
[4.251s] Installing spot_recorder script to /home/user/ros2_ws/install/project_path_planning/lib/project_path_planning
[4.251s] writing list of installed files to '/home/user/ros2_ws/build/project_path_planning/install.log'
[4.326s] Invoked command in '/home/user/ros2_ws/src/project_path_planning' returned '0': PYTHONPATH=/home/user/ros2_ws/build/project_path_planning/prefix_override:/home/user/ros2_ws/install/project_path_planning/lib/python3.10/site-packages:${PYTHONPATH} _=/usr/bin/env /usr/bin/python3 setup.py egg_info --egg-base ../../build/project_path_planning build --build-base /home/user/ros2_ws/build/project_path_planning/build install --record /home/user/ros2_ws/build/project_path_planning/install.log --single-version-externally-managed
