[4.503s] Invoking command in '/home/user/ros2_ws/src/project_localization': PYTHONPATH=/home/user/ros2_ws/build/project_localization/prefix_override:/home/user/ros2_ws/install/project_localization/lib/python3.10/site-packages:${PYTHONPATH} _=/usr/bin/env /usr/bin/python3 setup.py egg_info --egg-base ../../build/project_localization build --build-base /home/user/ros2_ws/build/project_localization/build install --record /home/user/ros2_ws/build/project_localization/install.log --single-version-externally-managed
[5.808s] running egg_info
[5.809s] creating ../../build/project_localization/project_localization.egg-info
[5.809s] writing ../../build/project_localization/project_localization.egg-info/PKG-INFO
[5.810s] writing dependency_links to ../../build/project_localization/project_localization.egg-info/dependency_links.txt
[5.811s] writing entry points to ../../build/project_localization/project_localization.egg-info/entry_points.txt
[5.811s] writing requirements to ../../build/project_localization/project_localization.egg-info/requires.txt
[5.812s] writing top-level names to ../../build/project_localization/project_localization.egg-info/top_level.txt
[5.812s] writing manifest file '../../build/project_localization/project_localization.egg-info/SOURCES.txt'
[5.816s] reading manifest file '../../build/project_localization/project_localization.egg-info/SOURCES.txt'
[5.818s] writing manifest file '../../build/project_localization/project_localization.egg-info/SOURCES.txt'
[5.818s] running build
[5.818s] running build_py
[5.819s] creating /home/user/ros2_ws/build/project_localization/build
[5.819s] creating /home/user/ros2_ws/build/project_localization/build/lib
[5.820s] creating /home/user/ros2_ws/build/project_localization/build/lib/project_localization
[5.820s] copying project_localization/self_localization.py -> /home/user/ros2_ws/build/project_localization/build/lib/project_localization
[5.821s] copying project_localization/__init__.py -> /home/user/ros2_ws/build/project_localization/build/lib/project_localization
[5.821s] running install
[5.822s] /usr/lib/python3/dist-packages/setuptools/command/install.py:34: SetuptoolsDeprecationWarning: setup.py install is deprecated. Use build and pip and other standards-based tools.
[5.822s]   warnings.warn(
[5.823s] running install_lib
[5.824s] creating /home/user/ros2_ws/install/project_localization/lib/python3.10/site-packages/project_localization
[5.824s] copying /home/user/ros2_ws/build/project_localization/build/lib/project_localization/self_localization.py -> /home/user/ros2_ws/install/project_localization/lib/python3.10/site-packages/project_localization
[5.824s] copying /home/user/ros2_ws/build/project_localization/build/lib/project_localization/__init__.py -> /home/user/ros2_ws/install/project_localization/lib/python3.10/site-packages/project_localization
[5.826s] byte-compiling /home/user/ros2_ws/install/project_localization/lib/python3.10/site-packages/project_localization/self_localization.py to self_localization.cpython-310.pyc
[5.827s] byte-compiling /home/user/ros2_ws/install/project_localization/lib/python3.10/site-packages/project_localization/__init__.py to __init__.cpython-310.pyc
[5.897s] running install_data
[5.898s] creating /home/user/ros2_ws/install/project_localization/share/ament_index
[5.898s] creating /home/user/ros2_ws/install/project_localization/share/ament_index/resource_index
[5.898s] creating /home/user/ros2_ws/install/project_localization/share/ament_index/resource_index/packages
[5.898s] copying resource/project_localization -> /home/user/ros2_ws/install/project_localization/share/ament_index/resource_index/packages
[5.898s] copying package.xml -> /home/user/ros2_ws/install/project_localization/share/project_localization
[5.898s] creating /home/user/ros2_ws/install/project_localization/share/project_localization/launch
[5.898s] copying launch/project_localization.launch.py -> /home/user/ros2_ws/install/project_localization/share/project_localization/launch
[5.899s] creating /home/user/ros2_ws/install/project_localization/share/project_localization/confog
[5.899s] copying config/amcl_config.yaml -> /home/user/ros2_ws/install/project_localization/share/project_localization/confog
[5.899s] running install_egg_info
[5.899s] Copying ../../build/project_localization/project_localization.egg-info to /home/user/ros2_ws/install/project_localization/lib/python3.10/site-packages/project_localization-0.0.0-py3.10.egg-info
[5.899s] running install_scripts
[6.005s] Installing self_localization script to /home/user/ros2_ws/install/project_localization/lib/project_localization
[6.005s] writing list of installed files to '/home/user/ros2_ws/build/project_localization/install.log'
[6.038s] Invoked command in '/home/user/ros2_ws/src/project_localization' returned '0': PYTHONPATH=/home/user/ros2_ws/build/project_localization/prefix_override:/home/user/ros2_ws/install/project_localization/lib/python3.10/site-packages:${PYTHONPATH} _=/usr/bin/env /usr/bin/python3 setup.py egg_info --egg-base ../../build/project_localization build --build-base /home/user/ros2_ws/build/project_localization/build install --record /home/user/ros2_ws/build/project_localization/install.log --single-version-externally-managed
